#
# There is insufficient memory for the Java Runtime Environment to continue.
# Native memory allocation (malloc) failed to allocate 1114416 bytes. Error detail: Chunk::new
# Possible reasons:
#   The system is out of physical RAM or swap space
#   This process is running with CompressedOops enabled, and the Java Heap may be blocking the growth of the native heap
# Possible solutions:
#   Reduce memory load on the system
#   Increase physical memory or swap space
#   Check if swap backing store is full
#   Decrease Java heap size (-Xmx/-Xms)
#   Decrease number of Java threads
#   Decrease Java thread stack sizes (-Xss)
#   Set larger code cache with -XX:ReservedCodeCacheSize=
#   JVM is running with Unscaled Compressed Oops mode in which the Java heap is
#     placed in the first 4GB address space. The Java Heap base address is the
#     maximum limit for the native heap growth. Please use -XX:HeapBaseMinAddress
#     to set the Java Heap base and to place the Java Heap above 4GB virtual address.
# This output file may be truncated or incomplete.
#
#  Out of Memory Error (arena.cpp:150), pid=416, tid=13492
#
# JRE version: OpenJDK Runtime Environment (22.0.2+9) (build 22.0.2+9-70)
# Java VM: OpenJDK 64-Bit Server VM (22.0.2+9-70, mixed mode, sharing, tiered, compressed oops, compressed class ptrs, g1 gc, windows-amd64)
# No core dump will be written. Minidumps are not enabled by default on client versions of Windows
#

---------------  S U M M A R Y ------------

Command Line: --add-opens=java.base/java.lang=ALL-UNNAMED --add-opens=java.base/java.lang.invoke=ALL-UNNAMED --add-opens=java.base/java.util=ALL-UNNAMED --add-opens=java.prefs/java.util.prefs=ALL-UNNAMED --add-exports=jdk.compiler/com.sun.tools.javac.api=ALL-UNNAMED --add-exports=jdk.compiler/com.sun.tools.javac.util=ALL-UNNAMED --add-opens=java.base/java.util=ALL-UNNAMED --add-opens=java.prefs/java.util.prefs=ALL-UNNAMED --add-opens=java.base/java.nio.charset=ALL-UNNAMED --add-opens=java.base/java.net=ALL-UNNAMED --add-opens=java.base/java.util.concurrent.atomic=ALL-UNNAMED --add-opens=java.xml/javax.xml.namespace=ALL-UNNAMED -XX:MaxMetaspaceSize=384m -XX:+HeapDumpOnOutOfMemoryError -Xms256m -Xmx512m -Dfile.encoding=UTF-8 -Duser.country=IN -Duser.language=en -Duser.variant -javaagent:C:\Users\Hp\.gradle\wrapper\dists\gradle-8.14.3-bin\cv11ve7ro1n3o1j4so8xd9n66\gradle-8.14.3\lib\agents\gradle-instrumentation-agent-8.14.3.jar org.gradle.launcher.daemon.bootstrap.GradleDaemon 8.14.3

Host: Intel(R) Core(TM) i3-1005G1 CPU @ 1.20GHz, 4 cores, 3G,  Windows 11 , 64 bit Build 26100 (10.0.26100.6725)
Time: Sat Oct 25 20:22:56 2025 India Standard Time elapsed time: 174.337770 seconds (0d 0h 2m 54s)

---------------  T H R E A D  ---------------

Current thread (0x000001f37d1188e0):  JavaThread "C2 CompilerThread0" daemon [_thread_in_native, id=13492, stack(0x0000007f50300000,0x0000007f50400000) (1024K)]


Current CompileTask:
C2:174338 21768       4       io.spring.gradle.dependencymanagement.org.apache.maven.model.inheritance.DefaultInheritanceAssembler$InheritanceModelMerger::mergePluginContainer_Plugins (430 bytes)

Stack: [0x0000007f50300000,0x0000007f50400000]
Native frames: (J=compiled Java code, j=interpreted, Vv=VM code, C=native code)
V  [jvm.dll+0x6e26e9]  (no source info available)
V  [jvm.dll+0x875753]  (no source info available)
V  [jvm.dll+0x877b7e]  (no source info available)
V  [jvm.dll+0x878253]  (no source info available)
V  [jvm.dll+0x27fc86]  (no source info available)
V  [jvm.dll+0xc3d0f]  (no source info available)
V  [jvm.dll+0xc3f6b]  (no source info available)
V  [jvm.dll+0x2f3c7f]  (no source info available)
V  [jvm.dll+0x60c0fa]  (no source info available)
V  [jvm.dll+0x250c92]  (no source info available)
V  [jvm.dll+0x24937c]  (no source info available)
V  [jvm.dll+0x246da6]  (no source info available)
V  [jvm.dll+0x1c4e80]  (no source info available)
V  [jvm.dll+0x2568f3]  (no source info available)
V  [jvm.dll+0x254baa]  (no source info available)
V  [jvm.dll+0x3f57a6]  (no source info available)
V  [jvm.dll+0x81dc0b]  (no source info available)
V  [jvm.dll+0x6e0d85]  (no source info available)
C  [ucrtbase.dll+0x37b0]  (no source info available)
C  [KERNEL32.DLL+0x2e8d7]  (no source info available)
C  [ntdll.dll+0x8c53c]  (no source info available)


---------------  P R O C E S S  ---------------

Threads class SMR info:
_java_thread_list=0x000001f37f12c360, length=83, elements={
0x000001f34dc6f390, 0x000001f367eeaea0, 0x000001f367eec620, 0x000001f367ef2dc0,
0x000001f367ef5830, 0x000001f367ef6fb0, 0x000001f367ef9580, 0x000001f37d1188e0,
0x000001f37d11ab40, 0x000001f367eb9460, 0x000001f37d352850, 0x000001f37ecfe780,
0x000001f37ed40450, 0x000001f37eec41d0, 0x000001f37ecbe3f0, 0x000001f37eb76d70,
0x000001f37eb787b0, 0x000001f37eb76050, 0x000001f37eb78e40, 0x000001f37f596af0,
0x000001f37f597810, 0x000001f37f597ea0, 0x000001f37f599250, 0x000001f37f598bc0,
0x000001f304933b60, 0x000001f304938390, 0x000001f37f231150, 0x000001f37f22e9f0,
0x000001f37f22fda0, 0x000001f37f230430, 0x000001f3072aee60, 0x000001f308124fb0,
0x000001f37eb77400, 0x000001f37f22bc00, 0x000001f37f22c290, 0x000001f37f22cfb0,
0x000001f37f22dcd0, 0x000001f37f22aee0, 0x000001f37f22b570, 0x000001f37f2317e0,
0x000001f37f231e70, 0x000001f37f232500, 0x000001f37f22f080, 0x000001f30811fa60,
0x000001f30811f3d0, 0x000001f3081200f0, 0x000001f30811e6b0, 0x000001f308120780,
0x000001f30811e020, 0x000001f308120e10, 0x000001f30811d990, 0x000001f308123570,
0x000001f3081214a0, 0x000001f3081221c0, 0x000001f308123c00, 0x000001f308122850,
0x000001f308121b30, 0x000001f308124290, 0x000001f308122ee0, 0x000001f308124920,
0x000001f37f691170, 0x000001f37f691e90, 0x000001f37f68ea10, 0x000001f37f692520,
0x000001f37f68f0a0, 0x000001f37f690450, 0x000001f37f68f730, 0x000001f37f693240,
0x000001f37f68fdc0, 0x000001f37f693f60, 0x000001f37f6938d0, 0x000001f37f690ae0,
0x000001f37f6945f0, 0x000001f37f694c80, 0x000001f37f6959a0, 0x000001f37f695310,
0x000001f37f696030, 0x000001f3072ac700, 0x000001f3072af4f0, 0x000001f3072ac070,
0x000001f3072ad420, 0x000001f3072b0f30, 0x000001f3072b15c0
}

Java Threads: ( => current thread )
  0x000001f34dc6f390 JavaThread "main"                              [_thread_blocked, id=12480, stack(0x0000007f4f500000,0x0000007f4f600000) (1024K)]
  0x000001f367eeaea0 JavaThread "Reference Handler"          daemon [_thread_blocked, id=19672, stack(0x0000007f4fd00000,0x0000007f4fe00000) (1024K)]
  0x000001f367eec620 JavaThread "Finalizer"                  daemon [_thread_blocked, id=19528, stack(0x0000007f4fe00000,0x0000007f4ff00000) (1024K)]
  0x000001f367ef2dc0 JavaThread "Signal Dispatcher"          daemon [_thread_blocked, id=5276, stack(0x0000007f4ff00000,0x0000007f50000000) (1024K)]
  0x000001f367ef5830 JavaThread "Attach Listener"            daemon [_thread_blocked, id=8300, stack(0x0000007f50000000,0x0000007f50100000) (1024K)]
  0x000001f367ef6fb0 JavaThread "Service Thread"             daemon [_thread_blocked, id=16604, stack(0x0000007f50100000,0x0000007f50200000) (1024K)]
  0x000001f367ef9580 JavaThread "Monitor Deflation Thread"   daemon [_thread_blocked, id=13260, stack(0x0000007f50200000,0x0000007f50300000) (1024K)]
=>0x000001f37d1188e0 JavaThread "C2 CompilerThread0"         daemon [_thread_in_native, id=13492, stack(0x0000007f50300000,0x0000007f50400000) (1024K)]
  0x000001f37d11ab40 JavaThread "C1 CompilerThread0"         daemon [_thread_blocked, id=16436, stack(0x0000007f50400000,0x0000007f50500000) (1024K)]
  0x000001f367eb9460 JavaThread "Common-Cleaner"             daemon [_thread_blocked, id=18920, stack(0x0000007f50500000,0x0000007f50600000) (1024K)]
  0x000001f37d352850 JavaThread "Notification Thread"        daemon [_thread_blocked, id=656, stack(0x0000007f50600000,0x0000007f50700000) (1024K)]
  0x000001f37ecfe780 JavaThread "Daemon health stats"               [_thread_blocked, id=4700, stack(0x0000007f50a00000,0x0000007f50b00000) (1024K)]
  0x000001f37ed40450 JavaThread "Incoming local TCP Connector on port 64723"        [_thread_in_native, id=7572, stack(0x0000007f50b00000,0x0000007f50c00000) (1024K)]
  0x000001f37eec41d0 JavaThread "Daemon periodic checks"            [_thread_blocked, id=18776, stack(0x0000007f50c00000,0x0000007f50d00000) (1024K)]
  0x000001f37ecbe3f0 JavaThread "Daemon"                            [_thread_blocked, id=5000, stack(0x0000007f50d00000,0x0000007f50e00000) (1024K)]
  0x000001f37eb76d70 JavaThread "Daemon worker"                     [_thread_in_Java, id=12984, stack(0x0000007f51000000,0x0000007f51100000) (1024K)]
  0x000001f37eb787b0 JavaThread "Cache worker for journal cache (C:\Users\Hp\.gradle\caches\journal-1)"        [_thread_blocked, id=5980, stack(0x0000007f51400000,0x0000007f51500000) (1024K)]
  0x000001f37eb76050 JavaThread "File lock request listener"        [_thread_in_native, id=7056, stack(0x0000007f51500000,0x0000007f51600000) (1024K)]
  0x000001f37eb78e40 JavaThread "Cache worker for file hash cache (C:\Users\Hp\.gradle\caches\8.14.3\fileHashes)"        [_thread_blocked, id=18592, stack(0x0000007f51600000,0x0000007f51700000) (1024K)]
  0x000001f37f596af0 JavaThread "File watcher server"        daemon [_thread_in_native, id=12780, stack(0x0000007f51900000,0x0000007f51a00000) (1024K)]
  0x000001f37f597810 JavaThread "File watcher consumer"      daemon [_thread_blocked, id=17652, stack(0x0000007f51a00000,0x0000007f51b00000) (1024K)]
  0x000001f37f597ea0 JavaThread "jar transforms"                    [_thread_blocked, id=5316, stack(0x0000007f51c00000,0x0000007f51d00000) (1024K)]
  0x000001f37f599250 JavaThread "jar transforms Thread 2"           [_thread_blocked, id=16488, stack(0x0000007f51d00000,0x0000007f51e00000) (1024K)]
  0x000001f37f598bc0 JavaThread "Cache worker for file content cache (C:\Users\Hp\.gradle\caches\8.14.3\fileContent)"        [_thread_blocked, id=2632, stack(0x0000007f51f00000,0x0000007f52000000) (1024K)]
  0x000001f304933b60 JavaThread "jar transforms Thread 3"           [_thread_blocked, id=2428, stack(0x0000007f52000000,0x0000007f52100000) (1024K)]
  0x000001f304938390 JavaThread "jar transforms Thread 4"           [_thread_blocked, id=12996, stack(0x0000007f52800000,0x0000007f52900000) (1024K)]
  0x000001f37f231150 JavaThread "Memory manager"                    [_thread_blocked, id=18540, stack(0x0000007f53600000,0x0000007f53700000) (1024K)]
  0x000001f37f22e9f0 JavaThread "ForkJoinPool.commonPool-worker-1" daemon [_thread_blocked, id=9060, stack(0x0000007f53700000,0x0000007f53800000) (1024K)]
  0x000001f37f22fda0 JavaThread "ForkJoinPool.commonPool-worker-2" daemon [_thread_blocked, id=16108, stack(0x0000007f53800000,0x0000007f53900000) (1024K)]
  0x000001f37f230430 JavaThread "ForkJoinPool.commonPool-worker-3" daemon [_thread_blocked, id=11588, stack(0x0000007f53900000,0x0000007f53a00000) (1024K)]
  0x000001f3072aee60 JavaThread "VFS cleanup"                       [_thread_blocked, id=15528, stack(0x0000007f51100000,0x0000007f51200000) (1024K)]
  0x000001f308124fb0 JavaThread "included builds"                   [_thread_blocked, id=19472, stack(0x0000007f54e00000,0x0000007f54f00000) (1024K)]
  0x000001f37eb77400 JavaThread "included builds"                   [_thread_blocked, id=3480, stack(0x0000007f55000000,0x0000007f55100000) (1024K)]
  0x000001f37f22bc00 JavaThread "Handler for socket connection from /127.0.0.1:64723 to /127.0.0.1:55798"        [_thread_in_native, id=9172, stack(0x0000007f4f200000,0x0000007f4f300000) (1024K)]
  0x000001f37f22c290 JavaThread "Cancel handler"                    [_thread_blocked, id=16612, stack(0x0000007f4f300000,0x0000007f4f400000) (1024K)]
  0x000001f37f22cfb0 JavaThread "Asynchronous log dispatcher for DefaultDaemonConnection: socket connection from /127.0.0.1:64723 to /127.0.0.1:55798"        [_thread_blocked, id=11928, stack(0x0000007f4f400000,0x0000007f4f500000) (1024K)]
  0x000001f37f22dcd0 JavaThread "Stdin handler"                     [_thread_blocked, id=1664, stack(0x0000007f50e00000,0x0000007f50f00000) (1024K)]
  0x000001f37f22aee0 JavaThread "Daemon client event forwarder"        [_thread_blocked, id=19948, stack(0x0000007f50f00000,0x0000007f51000000) (1024K)]
  0x000001f37f22b570 JavaThread "Cache worker for file hash cache (D:\UBER BACKEND PROJECT\UberProject_Location\.gradle\8.14.3\fileHashes)"        [_thread_blocked, id=2112, stack(0x0000007f51200000,0x0000007f51300000) (1024K)]
  0x000001f37f2317e0 JavaThread "Cache worker for Build Output Cleanup Cache (D:\UBER BACKEND PROJECT\UberProject_Location\.gradle\buildOutputCleanup)"        [_thread_blocked, id=8668, stack(0x0000007f51300000,0x0000007f51400000) (1024K)]
  0x000001f37f231e70 JavaThread "Cache worker for checksums cache (D:\UBER BACKEND PROJECT\UberProject_Location\.gradle\8.14.3\checksums)"        [_thread_blocked, id=11700, stack(0x0000007f51700000,0x0000007f51800000) (1024K)]
  0x000001f37f232500 JavaThread "Cache worker for cache directory md-supplier (C:\Users\Hp\.gradle\caches\8.14.3\md-supplier)"        [_thread_blocked, id=15000, stack(0x0000007f51800000,0x0000007f51900000) (1024K)]
  0x000001f37f22f080 JavaThread "Cache worker for cache directory md-rule (C:\Users\Hp\.gradle\caches\8.14.3\md-rule)"        [_thread_blocked, id=4140, stack(0x0000007f51b00000,0x0000007f51c00000) (1024K)]
  0x000001f30811fa60 JavaThread "Unconstrained build operations"        [_thread_blocked, id=6384, stack(0x0000007f51e00000,0x0000007f51f00000) (1024K)]
  0x000001f30811f3d0 JavaThread "Unconstrained build operations Thread 2"        [_thread_blocked, id=9876, stack(0x0000007f52100000,0x0000007f52200000) (1024K)]
  0x000001f3081200f0 JavaThread "Unconstrained build operations Thread 3"        [_thread_blocked, id=17156, stack(0x0000007f52200000,0x0000007f52300000) (1024K)]
  0x000001f30811e6b0 JavaThread "Unconstrained build operations Thread 4"        [_thread_blocked, id=20096, stack(0x0000007f52300000,0x0000007f52400000) (1024K)]
  0x000001f308120780 JavaThread "Unconstrained build operations Thread 5"        [_thread_blocked, id=13728, stack(0x0000007f52400000,0x0000007f52500000) (1024K)]
  0x000001f30811e020 JavaThread "Unconstrained build operations Thread 6"        [_thread_blocked, id=16596, stack(0x0000007f52500000,0x0000007f52600000) (1024K)]
  0x000001f308120e10 JavaThread "Unconstrained build operations Thread 7"        [_thread_blocked, id=7456, stack(0x0000007f52600000,0x0000007f52700000) (1024K)]
  0x000001f30811d990 JavaThread "Unconstrained build operations Thread 8"        [_thread_blocked, id=9560, stack(0x0000007f52700000,0x0000007f52800000) (1024K)]
  0x000001f308123570 JavaThread "Unconstrained build operations Thread 9"        [_thread_blocked, id=11784, stack(0x0000007f52900000,0x0000007f52a00000) (1024K)]
  0x000001f3081214a0 JavaThread "Unconstrained build operations Thread 10"        [_thread_blocked, id=8592, stack(0x0000007f52a00000,0x0000007f52b00000) (1024K)]
  0x000001f3081221c0 JavaThread "Unconstrained build operations Thread 11"        [_thread_blocked, id=18928, stack(0x0000007f52b00000,0x0000007f52c00000) (1024K)]
  0x000001f308123c00 JavaThread "Unconstrained build operations Thread 12"        [_thread_blocked, id=18508, stack(0x0000007f52c00000,0x0000007f52d00000) (1024K)]
  0x000001f308122850 JavaThread "Unconstrained build operations Thread 13"        [_thread_blocked, id=412, stack(0x0000007f52d00000,0x0000007f52e00000) (1024K)]
  0x000001f308121b30 JavaThread "Unconstrained build operations Thread 14"        [_thread_blocked, id=7244, stack(0x0000007f52e00000,0x0000007f52f00000) (1024K)]
  0x000001f308124290 JavaThread "Unconstrained build operations Thread 15"        [_thread_blocked, id=5392, stack(0x0000007f52f00000,0x0000007f53000000) (1024K)]
  0x000001f308122ee0 JavaThread "Unconstrained build operations Thread 16"        [_thread_blocked, id=13180, stack(0x0000007f53000000,0x0000007f53100000) (1024K)]
  0x000001f308124920 JavaThread "Unconstrained build operations Thread 17"        [_thread_blocked, id=10264, stack(0x0000007f53100000,0x0000007f53200000) (1024K)]
  0x000001f37f691170 JavaThread "Unconstrained build operations Thread 18"        [_thread_blocked, id=9564, stack(0x0000007f53200000,0x0000007f53300000) (1024K)]
  0x000001f37f691e90 JavaThread "Unconstrained build operations Thread 19"        [_thread_blocked, id=12256, stack(0x0000007f53300000,0x0000007f53400000) (1024K)]
  0x000001f37f68ea10 JavaThread "Unconstrained build operations Thread 20"        [_thread_blocked, id=16248, stack(0x0000007f53400000,0x0000007f53500000) (1024K)]
  0x000001f37f692520 JavaThread "Unconstrained build operations Thread 21"        [_thread_blocked, id=12424, stack(0x0000007f53500000,0x0000007f53600000) (1024K)]
  0x000001f37f68f0a0 JavaThread "Unconstrained build operations Thread 22"        [_thread_blocked, id=19036, stack(0x0000007f53a00000,0x0000007f53b00000) (1024K)]
  0x000001f37f690450 JavaThread "Unconstrained build operations Thread 23"        [_thread_blocked, id=15944, stack(0x0000007f53b00000,0x0000007f53c00000) (1024K)]
  0x000001f37f68f730 JavaThread "Unconstrained build operations Thread 24"        [_thread_blocked, id=9428, stack(0x0000007f53c00000,0x0000007f53d00000) (1024K)]
  0x000001f37f693240 JavaThread "Unconstrained build operations Thread 25"        [_thread_blocked, id=20132, stack(0x0000007f53d00000,0x0000007f53e00000) (1024K)]
  0x000001f37f68fdc0 JavaThread "Unconstrained build operations Thread 26"        [_thread_blocked, id=18736, stack(0x0000007f53e00000,0x0000007f53f00000) (1024K)]
  0x000001f37f693f60 JavaThread "Unconstrained build operations Thread 27"        [_thread_blocked, id=3392, stack(0x0000007f53f00000,0x0000007f54000000) (1024K)]
  0x000001f37f6938d0 JavaThread "Unconstrained build operations Thread 28"        [_thread_blocked, id=8112, stack(0x0000007f54000000,0x0000007f54100000) (1024K)]
  0x000001f37f690ae0 JavaThread "Unconstrained build operations Thread 29"        [_thread_blocked, id=17016, stack(0x0000007f54100000,0x0000007f54200000) (1024K)]
  0x000001f37f6945f0 JavaThread "Unconstrained build operations Thread 30"        [_thread_blocked, id=18220, stack(0x0000007f54200000,0x0000007f54300000) (1024K)]
  0x000001f37f694c80 JavaThread "Unconstrained build operations Thread 31"        [_thread_blocked, id=17392, stack(0x0000007f54300000,0x0000007f54400000) (1024K)]
  0x000001f37f6959a0 JavaThread "Unconstrained build operations Thread 32"        [_thread_blocked, id=5212, stack(0x0000007f54400000,0x0000007f54500000) (1024K)]
  0x000001f37f695310 JavaThread "Unconstrained build operations Thread 33"        [_thread_blocked, id=4092, stack(0x0000007f54500000,0x0000007f54600000) (1024K)]
  0x000001f37f696030 JavaThread "Unconstrained build operations Thread 34"        [_thread_blocked, id=9240, stack(0x0000007f54600000,0x0000007f54700000) (1024K)]
  0x000001f3072ac700 JavaThread "Unconstrained build operations Thread 35"        [_thread_blocked, id=9112, stack(0x0000007f54700000,0x0000007f54800000) (1024K)]
  0x000001f3072af4f0 JavaThread "Unconstrained build operations Thread 36"        [_thread_blocked, id=12040, stack(0x0000007f54800000,0x0000007f54900000) (1024K)]
  0x000001f3072ac070 JavaThread "Unconstrained build operations Thread 37"        [_thread_blocked, id=18872, stack(0x0000007f54900000,0x0000007f54a00000) (1024K)]
  0x000001f3072ad420 JavaThread "Unconstrained build operations Thread 38"        [_thread_blocked, id=7236, stack(0x0000007f54a00000,0x0000007f54b00000) (1024K)]
  0x000001f3072b0f30 JavaThread "Unconstrained build operations Thread 39"        [_thread_blocked, id=4364, stack(0x0000007f54b00000,0x0000007f54c00000) (1024K)]
  0x000001f3072b15c0 JavaThread "Unconstrained build operations Thread 40"        [_thread_blocked, id=8008, stack(0x0000007f54c00000,0x0000007f54d00000) (1024K)]
Total: 83

Other Threads:
  0x000001f367ecd790 VMThread "VM Thread"                           [id=5152, stack(0x0000007f4fc00000,0x0000007f4fd00000) (1024K)]
  0x000001f367eb8b00 WatcherThread "VM Periodic Task Thread"        [id=4832, stack(0x0000007f4fb00000,0x0000007f4fc00000) (1024K)]
  0x000001f34dc9ac40 WorkerThread "GC Thread#0"                     [id=17792, stack(0x0000007f4f600000,0x0000007f4f700000) (1024K)]
  0x000001f37d429950 WorkerThread "GC Thread#1"                     [id=6672, stack(0x0000007f50700000,0x0000007f50800000) (1024K)]
  0x000001f37d429d00 WorkerThread "GC Thread#2"                     [id=3064, stack(0x0000007f50800000,0x0000007f50900000) (1024K)]
  0x000001f37d42a4c0 WorkerThread "GC Thread#3"                     [id=6044, stack(0x0000007f50900000,0x0000007f50a00000) (1024K)]
  0x000001f34dca0b50 ConcurrentGCThread "G1 Main Marker"            [id=17776, stack(0x0000007f4f700000,0x0000007f4f800000) (1024K)]
  0x000001f34dca2490 WorkerThread "G1 Conc#0"                       [id=20268, stack(0x0000007f4f800000,0x0000007f4f900000) (1024K)]
  0x000001f367d8b590 ConcurrentGCThread "G1 Refine#0"               [id=15964, stack(0x0000007f4f900000,0x0000007f4fa00000) (1024K)]
  0x000001f367d8c020 ConcurrentGCThread "G1 Service"                [id=9532, stack(0x0000007f4fa00000,0x0000007f4fb00000) (1024K)]
Total: 10

Threads with active compile tasks:
C2 CompilerThread0  174537 21768       4       io.spring.gradle.dependencymanagement.org.apache.maven.model.inheritance.DefaultInheritanceAssembler$InheritanceModelMerger::mergePluginContainer_Plugins (430 bytes)
Total: 1

VM state: not at safepoint (normal execution)

VM Mutex/Monitor currently owned by a thread: None

Heap address: 0x00000000e0000000, size: 512 MB, Compressed Oops mode: 32-bit

CDS archive(s) mapped at: [0x000001f368000000-0x000001f368c60000-0x000001f368c60000), size 12976128, SharedBaseAddress: 0x000001f368000000, ArchiveRelocationMode: 1.
Compressed class space mapped at: 0x000001f369000000-0x000001f37d000000, reserved size: 335544320
Narrow klass base: 0x000001f368000000, Narrow klass shift: 0, Narrow klass range: 0x15000000

GC Precious Log:
 CardTable entry size: 512
 Card Set container configuration: InlinePtr #cards 5 size 8 Array Of Cards #cards 12 size 40 Howl #buckets 4 coarsen threshold 1843 Howl Bitmap #cards 512 size 80 coarsen threshold 460 Card regions per heap region 1 cards per card region 2048
 CPUs: 4 total, 4 available
 Memory: 3877M
 Large Page Support: Disabled
 NUMA Support: Disabled
 Compressed Oops: Enabled (32-bit)
 Heap Region Size: 1M
 Heap Min Capacity: 256M
 Heap Initial Capacity: 256M
 Heap Max Capacity: 512M
 Pre-touch: Disabled
 Parallel Workers: 4
 Concurrent Workers: 1
 Concurrent Refinement Workers: 4
 Periodic GC: Disabled

Heap:
 garbage-first heap   total reserved 524288K, committed 262144K, used 124768K [0x00000000e0000000, 0x0000000100000000)
  region size 1024K, 41 young (41984K), 10 survivors (10240K)
 Metaspace       used 83922K, committed 86976K, reserved 458752K
  class space    used 11220K, committed 12736K, reserved 327680K

Heap Regions: E=young(eden), S=young(survivor), O=old, HS=humongous(starts), HC=humongous(continues), CS=collection set, F=free, TAMS=top-at-mark-start, PB=parsable bottom
|   0|0x00000000e0000000, 0x00000000e0100000, 0x00000000e0100000|100%|HS|  |TAMS 0x00000000e0000000| PB 0x00000000e0000000| Complete |  0
|   1|0x00000000e0100000, 0x00000000e0200000, 0x00000000e0200000|100%|HC|  |TAMS 0x00000000e0100000| PB 0x00000000e0100000| Complete |  0
|   2|0x00000000e0200000, 0x00000000e0300000, 0x00000000e0300000|100%|HC|  |TAMS 0x00000000e0200000| PB 0x00000000e0200000| Complete |  0
|   3|0x00000000e0300000, 0x00000000e0400000, 0x00000000e0400000|100%| O|  |TAMS 0x00000000e0300000| PB 0x00000000e0300000| Untracked |  0
|   4|0x00000000e0400000, 0x00000000e0500000, 0x00000000e0500000|100%| O|  |TAMS 0x00000000e0400000| PB 0x00000000e0400000| Untracked |  0
|   5|0x00000000e0500000, 0x00000000e0600000, 0x00000000e0600000|100%| O|  |TAMS 0x00000000e0500000| PB 0x00000000e0500000| Untracked |  0
|   6|0x00000000e0600000, 0x00000000e0700000, 0x00000000e0700000|100%| O|  |TAMS 0x00000000e0600000| PB 0x00000000e0600000| Untracked |  0
|   7|0x00000000e0700000, 0x00000000e0800000, 0x00000000e0800000|100%|HS|  |TAMS 0x00000000e0700000| PB 0x00000000e0700000| Complete |  0
|   8|0x00000000e0800000, 0x00000000e0900000, 0x00000000e0900000|100%| O|  |TAMS 0x00000000e0800000| PB 0x00000000e0800000| Untracked |  0
|   9|0x00000000e0900000, 0x00000000e0a00000, 0x00000000e0a00000|100%| O|  |TAMS 0x00000000e0900000| PB 0x00000000e0900000| Untracked |  0
|  10|0x00000000e0a00000, 0x00000000e0b00000, 0x00000000e0b00000|100%| O|  |TAMS 0x00000000e0a00000| PB 0x00000000e0a00000| Untracked |  0
|  11|0x00000000e0b00000, 0x00000000e0c00000, 0x00000000e0c00000|100%| O|  |TAMS 0x00000000e0b00000| PB 0x00000000e0b00000| Untracked |  0
|  12|0x00000000e0c00000, 0x00000000e0d00000, 0x00000000e0d00000|100%| O|  |TAMS 0x00000000e0c00000| PB 0x00000000e0c00000| Untracked |  0
|  13|0x00000000e0d00000, 0x00000000e0e00000, 0x00000000e0e00000|100%| O|  |TAMS 0x00000000e0d00000| PB 0x00000000e0d00000| Untracked |  0
|  14|0x00000000e0e00000, 0x00000000e0f00000, 0x00000000e0f00000|100%| O|  |TAMS 0x00000000e0e00000| PB 0x00000000e0e00000| Untracked |  0
|  15|0x00000000e0f00000, 0x00000000e1000000, 0x00000000e1000000|100%| O|  |TAMS 0x00000000e0f00000| PB 0x00000000e0f00000| Untracked |  0
|  16|0x00000000e1000000, 0x00000000e1100000, 0x00000000e1100000|100%| O|  |TAMS 0x00000000e1000000| PB 0x00000000e1000000| Untracked |  0
|  17|0x00000000e1100000, 0x00000000e1200000, 0x00000000e1200000|100%| O|  |TAMS 0x00000000e1100000| PB 0x00000000e1100000| Untracked |  0
|  18|0x00000000e1200000, 0x00000000e1300000, 0x00000000e1300000|100%| O|  |TAMS 0x00000000e1200000| PB 0x00000000e1200000| Untracked |  0
|  19|0x00000000e1300000, 0x00000000e1400000, 0x00000000e1400000|100%| O|  |TAMS 0x00000000e1300000| PB 0x00000000e1300000| Untracked |  0
|  20|0x00000000e1400000, 0x00000000e1500000, 0x00000000e1500000|100%| O|  |TAMS 0x00000000e1400000| PB 0x00000000e1400000| Untracked |  0
|  21|0x00000000e1500000, 0x00000000e1600000, 0x00000000e1600000|100%| O|  |TAMS 0x00000000e1500000| PB 0x00000000e1500000| Untracked |  0
|  22|0x00000000e1600000, 0x00000000e1700000, 0x00000000e1700000|100%| O|  |TAMS 0x00000000e1600000| PB 0x00000000e1600000| Untracked |  0
|  23|0x00000000e1700000, 0x00000000e1800000, 0x00000000e1800000|100%|HS|  |TAMS 0x00000000e1700000| PB 0x00000000e1700000| Complete |  0
|  24|0x00000000e1800000, 0x00000000e1900000, 0x00000000e1900000|100%|HC|  |TAMS 0x00000000e1800000| PB 0x00000000e1800000| Complete |  0
|  25|0x00000000e1900000, 0x00000000e1a00000, 0x00000000e1a00000|100%| O|  |TAMS 0x00000000e1900000| PB 0x00000000e1900000| Untracked |  0
|  26|0x00000000e1a00000, 0x00000000e1b00000, 0x00000000e1b00000|100%| O|  |TAMS 0x00000000e1a00000| PB 0x00000000e1a00000| Untracked |  0
|  27|0x00000000e1b00000, 0x00000000e1c00000, 0x00000000e1c00000|100%| O|  |TAMS 0x00000000e1b00000| PB 0x00000000e1b00000| Untracked |  0
|  28|0x00000000e1c00000, 0x00000000e1d00000, 0x00000000e1d00000|100%| O|  |TAMS 0x00000000e1c00000| PB 0x00000000e1c00000| Untracked |  0
|  29|0x00000000e1d00000, 0x00000000e1e00000, 0x00000000e1e00000|100%| O|  |TAMS 0x00000000e1d00000| PB 0x00000000e1d00000| Untracked |  0
|  30|0x00000000e1e00000, 0x00000000e1f00000, 0x00000000e1f00000|100%| O|  |TAMS 0x00000000e1e00000| PB 0x00000000e1e00000| Untracked |  0
|  31|0x00000000e1f00000, 0x00000000e2000000, 0x00000000e2000000|100%| O|  |TAMS 0x00000000e1f00000| PB 0x00000000e1f00000| Untracked |  0
|  32|0x00000000e2000000, 0x00000000e2100000, 0x00000000e2100000|100%| O|  |TAMS 0x00000000e2000000| PB 0x00000000e2000000| Untracked |  0
|  33|0x00000000e2100000, 0x00000000e2200000, 0x00000000e2200000|100%| O|  |TAMS 0x00000000e2100000| PB 0x00000000e2100000| Untracked |  0
|  34|0x00000000e2200000, 0x00000000e2300000, 0x00000000e2300000|100%| O|  |TAMS 0x00000000e2200000| PB 0x00000000e2200000| Untracked |  0
|  35|0x00000000e2300000, 0x00000000e2400000, 0x00000000e2400000|100%| O|  |TAMS 0x00000000e2300000| PB 0x00000000e2300000| Untracked |  0
|  36|0x00000000e2400000, 0x00000000e2500000, 0x00000000e2500000|100%| O|  |TAMS 0x00000000e2400000| PB 0x00000000e2400000| Untracked |  0
|  37|0x00000000e2500000, 0x00000000e2600000, 0x00000000e2600000|100%| O|  |TAMS 0x00000000e2500000| PB 0x00000000e2500000| Untracked |  0
|  38|0x00000000e2600000, 0x00000000e2700000, 0x00000000e2700000|100%| O|  |TAMS 0x00000000e2600000| PB 0x00000000e2600000| Untracked |  0
|  39|0x00000000e2700000, 0x00000000e2800000, 0x00000000e2800000|100%| O|  |TAMS 0x00000000e2700000| PB 0x00000000e2700000| Untracked |  0
|  40|0x00000000e2800000, 0x00000000e2900000, 0x00000000e2900000|100%| O|  |TAMS 0x00000000e2800000| PB 0x00000000e2800000| Untracked |  0
|  41|0x00000000e2900000, 0x00000000e2a00000, 0x00000000e2a00000|100%| O|Cm|TAMS 0x00000000e2900000| PB 0x00000000e2900000| Complete |  0
|  42|0x00000000e2a00000, 0x00000000e2b00000, 0x00000000e2b00000|100%| O|  |TAMS 0x00000000e2a00000| PB 0x00000000e2a00000| Untracked |  0
|  43|0x00000000e2b00000, 0x00000000e2c00000, 0x00000000e2c00000|100%| O|  |TAMS 0x00000000e2b00000| PB 0x00000000e2b00000| Untracked |  0
|  44|0x00000000e2c00000, 0x00000000e2d00000, 0x00000000e2d00000|100%| O|  |TAMS 0x00000000e2c00000| PB 0x00000000e2c00000| Untracked |  0
|  45|0x00000000e2d00000, 0x00000000e2e00000, 0x00000000e2e00000|100%| O|  |TAMS 0x00000000e2d00000| PB 0x00000000e2d00000| Untracked |  0
|  46|0x00000000e2e00000, 0x00000000e2f00000, 0x00000000e2f00000|100%| O|  |TAMS 0x00000000e2e00000| PB 0x00000000e2e00000| Untracked |  0
|  47|0x00000000e2f00000, 0x00000000e3000000, 0x00000000e3000000|100%| O|  |TAMS 0x00000000e2f00000| PB 0x00000000e2f00000| Untracked |  0
|  48|0x00000000e3000000, 0x00000000e3100000, 0x00000000e3100000|100%| O|  |TAMS 0x00000000e3000000| PB 0x00000000e3000000| Untracked |  0
|  49|0x00000000e3100000, 0x00000000e3200000, 0x00000000e3200000|100%| O|  |TAMS 0x00000000e3100000| PB 0x00000000e3100000| Untracked |  0
|  50|0x00000000e3200000, 0x00000000e3300000, 0x00000000e3300000|100%| O|  |TAMS 0x00000000e3200000| PB 0x00000000e3200000| Untracked |  0
|  51|0x00000000e3300000, 0x00000000e3400000, 0x00000000e3400000|100%| O|Cm|TAMS 0x00000000e3300000| PB 0x00000000e3300000| Complete |  0
|  52|0x00000000e3400000, 0x00000000e3500000, 0x00000000e3500000|100%| O|  |TAMS 0x00000000e3400000| PB 0x00000000e3400000| Untracked |  0
|  53|0x00000000e3500000, 0x00000000e3600000, 0x00000000e3600000|100%| O|  |TAMS 0x00000000e3500000| PB 0x00000000e3500000| Untracked |  0
|  54|0x00000000e3600000, 0x00000000e3700000, 0x00000000e3700000|100%| O|Cm|TAMS 0x00000000e3600000| PB 0x00000000e3600000| Complete |  0
|  55|0x00000000e3700000, 0x00000000e3800000, 0x00000000e3800000|100%| O|  |TAMS 0x00000000e3700000| PB 0x00000000e3700000| Untracked |  0
|  56|0x00000000e3800000, 0x00000000e3900000, 0x00000000e3900000|100%| O|  |TAMS 0x00000000e3800000| PB 0x00000000e3800000| Untracked |  0
|  57|0x00000000e3900000, 0x00000000e3a00000, 0x00000000e3a00000|100%| O|  |TAMS 0x00000000e3900000| PB 0x00000000e3900000| Untracked |  0
|  58|0x00000000e3a00000, 0x00000000e3b00000, 0x00000000e3b00000|100%| O|  |TAMS 0x00000000e3a00000| PB 0x00000000e3a00000| Untracked |  0
|  59|0x00000000e3b00000, 0x00000000e3c00000, 0x00000000e3c00000|100%| O|  |TAMS 0x00000000e3b00000| PB 0x00000000e3b00000| Untracked |  0
|  60|0x00000000e3c00000, 0x00000000e3d00000, 0x00000000e3d00000|100%| O|  |TAMS 0x00000000e3c00000| PB 0x00000000e3c00000| Untracked |  0
|  61|0x00000000e3d00000, 0x00000000e3e00000, 0x00000000e3e00000|100%| O|  |TAMS 0x00000000e3d00000| PB 0x00000000e3d00000| Untracked |  0
|  62|0x00000000e3e00000, 0x00000000e3f00000, 0x00000000e3f00000|100%| O|  |TAMS 0x00000000e3e00000| PB 0x00000000e3e00000| Untracked |  0
|  63|0x00000000e3f00000, 0x00000000e4000000, 0x00000000e4000000|100%| O|  |TAMS 0x00000000e3f00000| PB 0x00000000e3f00000| Untracked |  0
|  64|0x00000000e4000000, 0x00000000e4100000, 0x00000000e4100000|100%| O|  |TAMS 0x00000000e4000000| PB 0x00000000e4000000| Untracked |  0
|  65|0x00000000e4100000, 0x00000000e4200000, 0x00000000e4200000|100%| O|  |TAMS 0x00000000e4100000| PB 0x00000000e4100000| Untracked |  0
|  66|0x00000000e4200000, 0x00000000e4300000, 0x00000000e4300000|100%| O|  |TAMS 0x00000000e4200000| PB 0x00000000e4200000| Untracked |  0
|  67|0x00000000e4300000, 0x00000000e4400000, 0x00000000e4400000|100%| O|  |TAMS 0x00000000e4300000| PB 0x00000000e4300000| Untracked |  0
|  68|0x00000000e4400000, 0x00000000e4500000, 0x00000000e4500000|100%| O|  |TAMS 0x00000000e4400000| PB 0x00000000e4400000| Untracked |  0
|  69|0x00000000e4500000, 0x00000000e4600000, 0x00000000e4600000|100%| O|  |TAMS 0x00000000e4500000| PB 0x00000000e4500000| Untracked |  0
|  70|0x00000000e4600000, 0x00000000e4700000, 0x00000000e4700000|100%| O|  |TAMS 0x00000000e4600000| PB 0x00000000e4600000| Untracked |  0
|  71|0x00000000e4700000, 0x00000000e4800000, 0x00000000e4800000|100%| O|  |TAMS 0x00000000e4700000| PB 0x00000000e4700000| Untracked |  0
|  72|0x00000000e4800000, 0x00000000e4900000, 0x00000000e4900000|100%| O|  |TAMS 0x00000000e4800000| PB 0x00000000e4800000| Untracked |  0
|  73|0x00000000e4900000, 0x00000000e4a00000, 0x00000000e4a00000|100%| O|  |TAMS 0x00000000e4900000| PB 0x00000000e4900000| Untracked |  0
|  74|0x00000000e4a00000, 0x00000000e4b00000, 0x00000000e4b00000|100%| O|  |TAMS 0x00000000e4a00000| PB 0x00000000e4a00000| Untracked |  0
|  75|0x00000000e4b00000, 0x00000000e4c00000, 0x00000000e4c00000|100%| O|  |TAMS 0x00000000e4b00000| PB 0x00000000e4b00000| Untracked |  0
|  76|0x00000000e4c00000, 0x00000000e4d00000, 0x00000000e4d00000|100%| O|  |TAMS 0x00000000e4c00000| PB 0x00000000e4c00000| Untracked |  0
|  77|0x00000000e4d00000, 0x00000000e4e00000, 0x00000000e4e00000|100%| O|  |TAMS 0x00000000e4d00000| PB 0x00000000e4d00000| Untracked |  0
|  78|0x00000000e4e00000, 0x00000000e4f00000, 0x00000000e4f00000|100%| O|  |TAMS 0x00000000e4e00000| PB 0x00000000e4e00000| Untracked |  0
|  79|0x00000000e4f00000, 0x00000000e5000000, 0x00000000e5000000|100%| O|  |TAMS 0x00000000e4f00000| PB 0x00000000e4f00000| Untracked |  0
|  80|0x00000000e5000000, 0x00000000e5100000, 0x00000000e5100000|100%| O|  |TAMS 0x00000000e5000000| PB 0x00000000e5000000| Untracked |  0
|  81|0x00000000e5100000, 0x00000000e5200000, 0x00000000e5200000|100%| O|  |TAMS 0x00000000e5100000| PB 0x00000000e5100000| Untracked |  0
|  82|0x00000000e5200000, 0x00000000e5200000, 0x00000000e5300000|  0%| F|  |TAMS 0x00000000e5200000| PB 0x00000000e5200000| Untracked |  0
|  83|0x00000000e5300000, 0x00000000e5300000, 0x00000000e5400000|  0%| F|  |TAMS 0x00000000e5300000| PB 0x00000000e5300000| Untracked |  0
|  84|0x00000000e5400000, 0x00000000e5400000, 0x00000000e5500000|  0%| F|  |TAMS 0x00000000e5400000| PB 0x00000000e5400000| Untracked |  0
|  85|0x00000000e5500000, 0x00000000e5500000, 0x00000000e5600000|  0%| F|  |TAMS 0x00000000e5500000| PB 0x00000000e5500000| Untracked |  0
|  86|0x00000000e5600000, 0x00000000e5600000, 0x00000000e5700000|  0%| F|  |TAMS 0x00000000e5600000| PB 0x00000000e5600000| Untracked |  0
|  87|0x00000000e5700000, 0x00000000e5700000, 0x00000000e5800000|  0%| F|  |TAMS 0x00000000e5700000| PB 0x00000000e5700000| Untracked |  0
|  88|0x00000000e5800000, 0x00000000e5800000, 0x00000000e5900000|  0%| F|  |TAMS 0x00000000e5800000| PB 0x00000000e5800000| Untracked |  0
|  89|0x00000000e5900000, 0x00000000e5900000, 0x00000000e5a00000|  0%| F|  |TAMS 0x00000000e5900000| PB 0x00000000e5900000| Untracked |  0
|  90|0x00000000e5a00000, 0x00000000e5a00000, 0x00000000e5b00000|  0%| F|  |TAMS 0x00000000e5a00000| PB 0x00000000e5a00000| Untracked |  0
|  91|0x00000000e5b00000, 0x00000000e5b00000, 0x00000000e5c00000|  0%| F|  |TAMS 0x00000000e5b00000| PB 0x00000000e5b00000| Untracked |  0
|  92|0x00000000e5c00000, 0x00000000e5c00000, 0x00000000e5d00000|  0%| F|  |TAMS 0x00000000e5c00000| PB 0x00000000e5c00000| Untracked |  0
|  93|0x00000000e5d00000, 0x00000000e5d00000, 0x00000000e5e00000|  0%| F|  |TAMS 0x00000000e5d00000| PB 0x00000000e5d00000| Untracked |  0
|  94|0x00000000e5e00000, 0x00000000e5e00000, 0x00000000e5f00000|  0%| F|  |TAMS 0x00000000e5e00000| PB 0x00000000e5e00000| Untracked |  0
|  95|0x00000000e5f00000, 0x00000000e5f00000, 0x00000000e6000000|  0%| F|  |TAMS 0x00000000e5f00000| PB 0x00000000e5f00000| Untracked |  0
|  96|0x00000000e6000000, 0x00000000e6000000, 0x00000000e6100000|  0%| F|  |TAMS 0x00000000e6000000| PB 0x00000000e6000000| Untracked |  0
|  97|0x00000000e6100000, 0x00000000e6100000, 0x00000000e6200000|  0%| F|  |TAMS 0x00000000e6100000| PB 0x00000000e6100000| Untracked |  0
|  98|0x00000000e6200000, 0x00000000e6200000, 0x00000000e6300000|  0%| F|  |TAMS 0x00000000e6200000| PB 0x00000000e6200000| Untracked |  0
|  99|0x00000000e6300000, 0x00000000e6300000, 0x00000000e6400000|  0%| F|  |TAMS 0x00000000e6300000| PB 0x00000000e6300000| Untracked |  0
| 100|0x00000000e6400000, 0x00000000e6400000, 0x00000000e6500000|  0%| F|  |TAMS 0x00000000e6400000| PB 0x00000000e6400000| Untracked |  0
| 101|0x00000000e6500000, 0x00000000e6500000, 0x00000000e6600000|  0%| F|  |TAMS 0x00000000e6500000| PB 0x00000000e6500000| Untracked |  0
| 102|0x00000000e6600000, 0x00000000e6600000, 0x00000000e6700000|  0%| F|  |TAMS 0x00000000e6600000| PB 0x00000000e6600000| Untracked |  0
| 103|0x00000000e6700000, 0x00000000e6700000, 0x00000000e6800000|  0%| F|  |TAMS 0x00000000e6700000| PB 0x00000000e6700000| Untracked |  0
| 104|0x00000000e6800000, 0x00000000e6800000, 0x00000000e6900000|  0%| F|  |TAMS 0x00000000e6800000| PB 0x00000000e6800000| Untracked |  0
| 105|0x00000000e6900000, 0x00000000e6900000, 0x00000000e6a00000|  0%| F|  |TAMS 0x00000000e6900000| PB 0x00000000e6900000| Untracked |  0
| 106|0x00000000e6a00000, 0x00000000e6a00000, 0x00000000e6b00000|  0%| F|  |TAMS 0x00000000e6a00000| PB 0x00000000e6a00000| Untracked |  0
| 107|0x00000000e6b00000, 0x00000000e6b00000, 0x00000000e6c00000|  0%| F|  |TAMS 0x00000000e6b00000| PB 0x00000000e6b00000| Untracked |  0
| 108|0x00000000e6c00000, 0x00000000e6c00000, 0x00000000e6d00000|  0%| F|  |TAMS 0x00000000e6c00000| PB 0x00000000e6c00000| Untracked |  0
| 109|0x00000000e6d00000, 0x00000000e6d00000, 0x00000000e6e00000|  0%| F|  |TAMS 0x00000000e6d00000| PB 0x00000000e6d00000| Untracked |  0
| 110|0x00000000e6e00000, 0x00000000e6e00000, 0x00000000e6f00000|  0%| F|  |TAMS 0x00000000e6e00000| PB 0x00000000e6e00000| Untracked |  0
| 111|0x00000000e6f00000, 0x00000000e6f00000, 0x00000000e7000000|  0%| F|  |TAMS 0x00000000e6f00000| PB 0x00000000e6f00000| Untracked |  0
| 112|0x00000000e7000000, 0x00000000e7000000, 0x00000000e7100000|  0%| F|  |TAMS 0x00000000e7000000| PB 0x00000000e7000000| Untracked |  0
| 113|0x00000000e7100000, 0x00000000e7100000, 0x00000000e7200000|  0%| F|  |TAMS 0x00000000e7100000| PB 0x00000000e7100000| Untracked |  0
| 114|0x00000000e7200000, 0x00000000e7200000, 0x00000000e7300000|  0%| F|  |TAMS 0x00000000e7200000| PB 0x00000000e7200000| Untracked |  0
| 115|0x00000000e7300000, 0x00000000e7300000, 0x00000000e7400000|  0%| F|  |TAMS 0x00000000e7300000| PB 0x00000000e7300000| Untracked |  0
| 116|0x00000000e7400000, 0x00000000e7400000, 0x00000000e7500000|  0%| F|  |TAMS 0x00000000e7400000| PB 0x00000000e7400000| Untracked |  0
| 117|0x00000000e7500000, 0x00000000e7500000, 0x00000000e7600000|  0%| F|  |TAMS 0x00000000e7500000| PB 0x00000000e7500000| Untracked |  0
| 118|0x00000000e7600000, 0x00000000e7600000, 0x00000000e7700000|  0%| F|  |TAMS 0x00000000e7600000| PB 0x00000000e7600000| Untracked |  0
| 119|0x00000000e7700000, 0x00000000e7700000, 0x00000000e7800000|  0%| F|  |TAMS 0x00000000e7700000| PB 0x00000000e7700000| Untracked |  0
| 120|0x00000000e7800000, 0x00000000e7800000, 0x00000000e7900000|  0%| F|  |TAMS 0x00000000e7800000| PB 0x00000000e7800000| Untracked |  0
| 121|0x00000000e7900000, 0x00000000e7900000, 0x00000000e7a00000|  0%| F|  |TAMS 0x00000000e7900000| PB 0x00000000e7900000| Untracked |  0
| 122|0x00000000e7a00000, 0x00000000e7a00000, 0x00000000e7b00000|  0%| F|  |TAMS 0x00000000e7a00000| PB 0x00000000e7a00000| Untracked |  0
| 123|0x00000000e7b00000, 0x00000000e7b00000, 0x00000000e7c00000|  0%| F|  |TAMS 0x00000000e7b00000| PB 0x00000000e7b00000| Untracked |  0
| 124|0x00000000e7c00000, 0x00000000e7c00000, 0x00000000e7d00000|  0%| F|  |TAMS 0x00000000e7c00000| PB 0x00000000e7c00000| Untracked |  0
| 125|0x00000000e7d00000, 0x00000000e7d00000, 0x00000000e7e00000|  0%| F|  |TAMS 0x00000000e7d00000| PB 0x00000000e7d00000| Untracked |  0
| 126|0x00000000e7e00000, 0x00000000e7e00000, 0x00000000e7f00000|  0%| F|  |TAMS 0x00000000e7e00000| PB 0x00000000e7e00000| Untracked |  0
| 127|0x00000000e7f00000, 0x00000000e7f00000, 0x00000000e8000000|  0%| F|  |TAMS 0x00000000e7f00000| PB 0x00000000e7f00000| Untracked |  0
| 128|0x00000000e8000000, 0x00000000e8000000, 0x00000000e8100000|  0%| F|  |TAMS 0x00000000e8000000| PB 0x00000000e8000000| Untracked |  0
| 129|0x00000000e8100000, 0x00000000e8100000, 0x00000000e8200000|  0%| F|  |TAMS 0x00000000e8100000| PB 0x00000000e8100000| Untracked |  0
| 130|0x00000000e8200000, 0x00000000e8200000, 0x00000000e8300000|  0%| F|  |TAMS 0x00000000e8200000| PB 0x00000000e8200000| Untracked |  0
| 131|0x00000000e8300000, 0x00000000e8300000, 0x00000000e8400000|  0%| F|  |TAMS 0x00000000e8300000| PB 0x00000000e8300000| Untracked |  0
| 132|0x00000000e8400000, 0x00000000e8400000, 0x00000000e8500000|  0%| F|  |TAMS 0x00000000e8400000| PB 0x00000000e8400000| Untracked |  0
| 133|0x00000000e8500000, 0x00000000e8500000, 0x00000000e8600000|  0%| F|  |TAMS 0x00000000e8500000| PB 0x00000000e8500000| Untracked |  0
| 134|0x00000000e8600000, 0x00000000e8600000, 0x00000000e8700000|  0%| F|  |TAMS 0x00000000e8600000| PB 0x00000000e8600000| Untracked |  0
| 135|0x00000000e8700000, 0x00000000e8700000, 0x00000000e8800000|  0%| F|  |TAMS 0x00000000e8700000| PB 0x00000000e8700000| Untracked |  0
| 136|0x00000000e8800000, 0x00000000e8800000, 0x00000000e8900000|  0%| F|  |TAMS 0x00000000e8800000| PB 0x00000000e8800000| Untracked |  0
| 137|0x00000000e8900000, 0x00000000e8900000, 0x00000000e8a00000|  0%| F|  |TAMS 0x00000000e8900000| PB 0x00000000e8900000| Untracked |  0
| 138|0x00000000e8a00000, 0x00000000e8a00000, 0x00000000e8b00000|  0%| F|  |TAMS 0x00000000e8a00000| PB 0x00000000e8a00000| Untracked |  0
| 139|0x00000000e8b00000, 0x00000000e8b00000, 0x00000000e8c00000|  0%| F|  |TAMS 0x00000000e8b00000| PB 0x00000000e8b00000| Untracked |  0
| 140|0x00000000e8c00000, 0x00000000e8c00000, 0x00000000e8d00000|  0%| F|  |TAMS 0x00000000e8c00000| PB 0x00000000e8c00000| Untracked |  0
| 141|0x00000000e8d00000, 0x00000000e8d00000, 0x00000000e8e00000|  0%| F|  |TAMS 0x00000000e8d00000| PB 0x00000000e8d00000| Untracked |  0
| 142|0x00000000e8e00000, 0x00000000e8e00000, 0x00000000e8f00000|  0%| F|  |TAMS 0x00000000e8e00000| PB 0x00000000e8e00000| Untracked |  0
| 143|0x00000000e8f00000, 0x00000000e8f00000, 0x00000000e9000000|  0%| F|  |TAMS 0x00000000e8f00000| PB 0x00000000e8f00000| Untracked |  0
| 144|0x00000000e9000000, 0x00000000e9000000, 0x00000000e9100000|  0%| F|  |TAMS 0x00000000e9000000| PB 0x00000000e9000000| Untracked |  0
| 145|0x00000000e9100000, 0x00000000e91d82c0, 0x00000000e9200000| 84%| S|CS|TAMS 0x00000000e9100000| PB 0x00000000e9100000| Complete |  0
| 146|0x00000000e9200000, 0x00000000e9300000, 0x00000000e9300000|100%| S|CS|TAMS 0x00000000e9200000| PB 0x00000000e9200000| Complete |  0
| 147|0x00000000e9300000, 0x00000000e9400000, 0x00000000e9400000|100%| S|CS|TAMS 0x00000000e9300000| PB 0x00000000e9300000| Complete |  0
| 148|0x00000000e9400000, 0x00000000e9500000, 0x00000000e9500000|100%| S|CS|TAMS 0x00000000e9400000| PB 0x00000000e9400000| Complete |  0
| 149|0x00000000e9500000, 0x00000000e9600000, 0x00000000e9600000|100%| S|CS|TAMS 0x00000000e9500000| PB 0x00000000e9500000| Complete |  0
| 150|0x00000000e9600000, 0x00000000e9700000, 0x00000000e9700000|100%| S|CS|TAMS 0x00000000e9600000| PB 0x00000000e9600000| Complete |  0
| 151|0x00000000e9700000, 0x00000000e9800000, 0x00000000e9800000|100%| S|CS|TAMS 0x00000000e9700000| PB 0x00000000e9700000| Complete |  0
| 152|0x00000000e9800000, 0x00000000e9900000, 0x00000000e9900000|100%| S|CS|TAMS 0x00000000e9800000| PB 0x00000000e9800000| Complete |  0
| 153|0x00000000e9900000, 0x00000000e9a00000, 0x00000000e9a00000|100%| S|CS|TAMS 0x00000000e9900000| PB 0x00000000e9900000| Complete |  0
| 154|0x00000000e9a00000, 0x00000000e9b00000, 0x00000000e9b00000|100%| S|CS|TAMS 0x00000000e9a00000| PB 0x00000000e9a00000| Complete |  0
| 155|0x00000000e9b00000, 0x00000000e9b00000, 0x00000000e9c00000|  0%| F|  |TAMS 0x00000000e9b00000| PB 0x00000000e9b00000| Untracked |  0
| 156|0x00000000e9c00000, 0x00000000e9c00000, 0x00000000e9d00000|  0%| F|  |TAMS 0x00000000e9c00000| PB 0x00000000e9c00000| Untracked |  0
| 157|0x00000000e9d00000, 0x00000000e9d00000, 0x00000000e9e00000|  0%| F|  |TAMS 0x00000000e9d00000| PB 0x00000000e9d00000| Untracked |  0
| 158|0x00000000e9e00000, 0x00000000e9e00000, 0x00000000e9f00000|  0%| F|  |TAMS 0x00000000e9e00000| PB 0x00000000e9e00000| Untracked |  0
| 159|0x00000000e9f00000, 0x00000000e9f00000, 0x00000000ea000000|  0%| F|  |TAMS 0x00000000e9f00000| PB 0x00000000e9f00000| Untracked |  0
| 160|0x00000000ea000000, 0x00000000ea000000, 0x00000000ea100000|  0%| F|  |TAMS 0x00000000ea000000| PB 0x00000000ea000000| Untracked |  0
| 161|0x00000000ea100000, 0x00000000ea100000, 0x00000000ea200000|  0%| F|  |TAMS 0x00000000ea100000| PB 0x00000000ea100000| Untracked |  0
| 162|0x00000000ea200000, 0x00000000ea200000, 0x00000000ea300000|  0%| F|  |TAMS 0x00000000ea200000| PB 0x00000000ea200000| Untracked |  0
| 163|0x00000000ea300000, 0x00000000ea300000, 0x00000000ea400000|  0%| F|  |TAMS 0x00000000ea300000| PB 0x00000000ea300000| Untracked |  0
| 164|0x00000000ea400000, 0x00000000ea400000, 0x00000000ea500000|  0%| F|  |TAMS 0x00000000ea400000| PB 0x00000000ea400000| Untracked |  0
| 165|0x00000000ea500000, 0x00000000ea500000, 0x00000000ea600000|  0%| F|  |TAMS 0x00000000ea500000| PB 0x00000000ea500000| Untracked |  0
| 166|0x00000000ea600000, 0x00000000ea600000, 0x00000000ea700000|  0%| F|  |TAMS 0x00000000ea600000| PB 0x00000000ea600000| Untracked |  0
| 167|0x00000000ea700000, 0x00000000ea700000, 0x00000000ea800000|  0%| F|  |TAMS 0x00000000ea700000| PB 0x00000000ea700000| Untracked |  0
| 168|0x00000000ea800000, 0x00000000ea800000, 0x00000000ea900000|  0%| F|  |TAMS 0x00000000ea800000| PB 0x00000000ea800000| Untracked |  0
| 169|0x00000000ea900000, 0x00000000ea900000, 0x00000000eaa00000|  0%| F|  |TAMS 0x00000000ea900000| PB 0x00000000ea900000| Untracked |  0
| 170|0x00000000eaa00000, 0x00000000eaa00000, 0x00000000eab00000|  0%| F|  |TAMS 0x00000000eaa00000| PB 0x00000000eaa00000| Untracked |  0
| 171|0x00000000eab00000, 0x00000000eab00000, 0x00000000eac00000|  0%| F|  |TAMS 0x00000000eab00000| PB 0x00000000eab00000| Untracked |  0
| 172|0x00000000eac00000, 0x00000000eac00000, 0x00000000ead00000|  0%| F|  |TAMS 0x00000000eac00000| PB 0x00000000eac00000| Untracked |  0
| 173|0x00000000ead00000, 0x00000000ead00000, 0x00000000eae00000|  0%| F|  |TAMS 0x00000000ead00000| PB 0x00000000ead00000| Untracked |  0
| 174|0x00000000eae00000, 0x00000000eae00000, 0x00000000eaf00000|  0%| F|  |TAMS 0x00000000eae00000| PB 0x00000000eae00000| Untracked |  0
| 175|0x00000000eaf00000, 0x00000000eaf00000, 0x00000000eb000000|  0%| F|  |TAMS 0x00000000eaf00000| PB 0x00000000eaf00000| Untracked |  0
| 176|0x00000000eb000000, 0x00000000eb000000, 0x00000000eb100000|  0%| F|  |TAMS 0x00000000eb000000| PB 0x00000000eb000000| Untracked |  0
| 177|0x00000000eb100000, 0x00000000eb100000, 0x00000000eb200000|  0%| F|  |TAMS 0x00000000eb100000| PB 0x00000000eb100000| Untracked |  0
| 178|0x00000000eb200000, 0x00000000eb200000, 0x00000000eb300000|  0%| F|  |TAMS 0x00000000eb200000| PB 0x00000000eb200000| Untracked |  0
| 179|0x00000000eb300000, 0x00000000eb300000, 0x00000000eb400000|  0%| F|  |TAMS 0x00000000eb300000| PB 0x00000000eb300000| Untracked |  0
| 180|0x00000000eb400000, 0x00000000eb400000, 0x00000000eb500000|  0%| F|  |TAMS 0x00000000eb400000| PB 0x00000000eb400000| Untracked |  0
| 181|0x00000000eb500000, 0x00000000eb500000, 0x00000000eb600000|  0%| F|  |TAMS 0x00000000eb500000| PB 0x00000000eb500000| Untracked |  0
| 182|0x00000000eb600000, 0x00000000eb600000, 0x00000000eb700000|  0%| F|  |TAMS 0x00000000eb600000| PB 0x00000000eb600000| Untracked |  0
| 183|0x00000000eb700000, 0x00000000eb700000, 0x00000000eb800000|  0%| F|  |TAMS 0x00000000eb700000| PB 0x00000000eb700000| Untracked |  0
| 184|0x00000000eb800000, 0x00000000eb800000, 0x00000000eb900000|  0%| F|  |TAMS 0x00000000eb800000| PB 0x00000000eb800000| Untracked |  0
| 185|0x00000000eb900000, 0x00000000eb900000, 0x00000000eba00000|  0%| F|  |TAMS 0x00000000eb900000| PB 0x00000000eb900000| Untracked |  0
| 186|0x00000000eba00000, 0x00000000eba00000, 0x00000000ebb00000|  0%| F|  |TAMS 0x00000000eba00000| PB 0x00000000eba00000| Untracked |  0
| 187|0x00000000ebb00000, 0x00000000ebb00000, 0x00000000ebc00000|  0%| F|  |TAMS 0x00000000ebb00000| PB 0x00000000ebb00000| Untracked |  0
| 188|0x00000000ebc00000, 0x00000000ebc00000, 0x00000000ebd00000|  0%| F|  |TAMS 0x00000000ebc00000| PB 0x00000000ebc00000| Untracked |  0
| 189|0x00000000ebd00000, 0x00000000ebd00000, 0x00000000ebe00000|  0%| F|  |TAMS 0x00000000ebd00000| PB 0x00000000ebd00000| Untracked |  0
| 190|0x00000000ebe00000, 0x00000000ebe00000, 0x00000000ebf00000|  0%| F|  |TAMS 0x00000000ebe00000| PB 0x00000000ebe00000| Untracked |  0
| 191|0x00000000ebf00000, 0x00000000ebf00000, 0x00000000ec000000|  0%| F|  |TAMS 0x00000000ebf00000| PB 0x00000000ebf00000| Untracked |  0
| 192|0x00000000ec000000, 0x00000000ec000000, 0x00000000ec100000|  0%| F|  |TAMS 0x00000000ec000000| PB 0x00000000ec000000| Untracked |  0
| 193|0x00000000ec100000, 0x00000000ec100000, 0x00000000ec200000|  0%| F|  |TAMS 0x00000000ec100000| PB 0x00000000ec100000| Untracked |  0
| 194|0x00000000ec200000, 0x00000000ec200000, 0x00000000ec300000|  0%| F|  |TAMS 0x00000000ec200000| PB 0x00000000ec200000| Untracked |  0
| 195|0x00000000ec300000, 0x00000000ec300000, 0x00000000ec400000|  0%| F|  |TAMS 0x00000000ec300000| PB 0x00000000ec300000| Untracked |  0
| 196|0x00000000ec400000, 0x00000000ec400000, 0x00000000ec500000|  0%| F|  |TAMS 0x00000000ec400000| PB 0x00000000ec400000| Untracked |  0
| 197|0x00000000ec500000, 0x00000000ec500000, 0x00000000ec600000|  0%| F|  |TAMS 0x00000000ec500000| PB 0x00000000ec500000| Untracked |  0
| 198|0x00000000ec600000, 0x00000000ec600000, 0x00000000ec700000|  0%| F|  |TAMS 0x00000000ec600000| PB 0x00000000ec600000| Untracked |  0
| 199|0x00000000ec700000, 0x00000000ec700000, 0x00000000ec800000|  0%| F|  |TAMS 0x00000000ec700000| PB 0x00000000ec700000| Untracked |  0
| 200|0x00000000ec800000, 0x00000000ec800000, 0x00000000ec900000|  0%| F|  |TAMS 0x00000000ec800000| PB 0x00000000ec800000| Untracked |  0
| 201|0x00000000ec900000, 0x00000000ec900000, 0x00000000eca00000|  0%| F|  |TAMS 0x00000000ec900000| PB 0x00000000ec900000| Untracked |  0
| 202|0x00000000eca00000, 0x00000000eca00000, 0x00000000ecb00000|  0%| F|  |TAMS 0x00000000eca00000| PB 0x00000000eca00000| Untracked |  0
| 203|0x00000000ecb00000, 0x00000000ecb00000, 0x00000000ecc00000|  0%| F|  |TAMS 0x00000000ecb00000| PB 0x00000000ecb00000| Untracked |  0
| 204|0x00000000ecc00000, 0x00000000ecc00000, 0x00000000ecd00000|  0%| F|  |TAMS 0x00000000ecc00000| PB 0x00000000ecc00000| Untracked |  0
| 205|0x00000000ecd00000, 0x00000000ecd00000, 0x00000000ece00000|  0%| F|  |TAMS 0x00000000ecd00000| PB 0x00000000ecd00000| Untracked |  0
| 206|0x00000000ece00000, 0x00000000ece00000, 0x00000000ecf00000|  0%| F|  |TAMS 0x00000000ece00000| PB 0x00000000ece00000| Untracked |  0
| 207|0x00000000ecf00000, 0x00000000ecf00000, 0x00000000ed000000|  0%| F|  |TAMS 0x00000000ecf00000| PB 0x00000000ecf00000| Untracked |  0
| 208|0x00000000ed000000, 0x00000000ed000000, 0x00000000ed100000|  0%| F|  |TAMS 0x00000000ed000000| PB 0x00000000ed000000| Untracked |  0
| 209|0x00000000ed100000, 0x00000000ed100000, 0x00000000ed200000|  0%| F|  |TAMS 0x00000000ed100000| PB 0x00000000ed100000| Untracked |  0
| 210|0x00000000ed200000, 0x00000000ed200000, 0x00000000ed300000|  0%| F|  |TAMS 0x00000000ed200000| PB 0x00000000ed200000| Untracked |  0
| 211|0x00000000ed300000, 0x00000000ed300000, 0x00000000ed400000|  0%| F|  |TAMS 0x00000000ed300000| PB 0x00000000ed300000| Untracked |  0
| 212|0x00000000ed400000, 0x00000000ed400000, 0x00000000ed500000|  0%| F|  |TAMS 0x00000000ed400000| PB 0x00000000ed400000| Untracked |  0
| 213|0x00000000ed500000, 0x00000000ed500000, 0x00000000ed600000|  0%| F|  |TAMS 0x00000000ed500000| PB 0x00000000ed500000| Untracked |  0
| 214|0x00000000ed600000, 0x00000000ed600000, 0x00000000ed700000|  0%| F|  |TAMS 0x00000000ed600000| PB 0x00000000ed600000| Untracked |  0
| 215|0x00000000ed700000, 0x00000000ed700000, 0x00000000ed800000|  0%| F|  |TAMS 0x00000000ed700000| PB 0x00000000ed700000| Untracked |  0
| 216|0x00000000ed800000, 0x00000000ed800000, 0x00000000ed900000|  0%| F|  |TAMS 0x00000000ed800000| PB 0x00000000ed800000| Untracked |  0
| 217|0x00000000ed900000, 0x00000000ed900000, 0x00000000eda00000|  0%| F|  |TAMS 0x00000000ed900000| PB 0x00000000ed900000| Untracked |  0
| 218|0x00000000eda00000, 0x00000000eda00000, 0x00000000edb00000|  0%| F|  |TAMS 0x00000000eda00000| PB 0x00000000eda00000| Untracked |  0
| 219|0x00000000edb00000, 0x00000000edb00000, 0x00000000edc00000|  0%| F|  |TAMS 0x00000000edb00000| PB 0x00000000edb00000| Untracked |  0
| 220|0x00000000edc00000, 0x00000000edc00000, 0x00000000edd00000|  0%| F|  |TAMS 0x00000000edc00000| PB 0x00000000edc00000| Untracked |  0
| 221|0x00000000edd00000, 0x00000000edd00000, 0x00000000ede00000|  0%| F|  |TAMS 0x00000000edd00000| PB 0x00000000edd00000| Untracked |  0
| 222|0x00000000ede00000, 0x00000000ede00000, 0x00000000edf00000|  0%| F|  |TAMS 0x00000000ede00000| PB 0x00000000ede00000| Untracked |  0
| 223|0x00000000edf00000, 0x00000000edf00000, 0x00000000ee000000|  0%| F|  |TAMS 0x00000000edf00000| PB 0x00000000edf00000| Untracked |  0
| 224|0x00000000ee000000, 0x00000000ee000000, 0x00000000ee100000|  0%| F|  |TAMS 0x00000000ee000000| PB 0x00000000ee000000| Untracked |  0
| 225|0x00000000ee100000, 0x00000000ee18e7c0, 0x00000000ee200000| 55%| E|  |TAMS 0x00000000ee100000| PB 0x00000000ee100000| Complete |  0
| 226|0x00000000ee200000, 0x00000000ee300000, 0x00000000ee300000|100%| E|CS|TAMS 0x00000000ee200000| PB 0x00000000ee200000| Complete |  0
| 227|0x00000000ee300000, 0x00000000ee400000, 0x00000000ee400000|100%| E|CS|TAMS 0x00000000ee300000| PB 0x00000000ee300000| Complete |  0
| 228|0x00000000ee400000, 0x00000000ee500000, 0x00000000ee500000|100%| E|CS|TAMS 0x00000000ee400000| PB 0x00000000ee400000| Complete |  0
| 229|0x00000000ee500000, 0x00000000ee600000, 0x00000000ee600000|100%| E|CS|TAMS 0x00000000ee500000| PB 0x00000000ee500000| Complete |  0
| 230|0x00000000ee600000, 0x00000000ee700000, 0x00000000ee700000|100%| E|CS|TAMS 0x00000000ee600000| PB 0x00000000ee600000| Complete |  0
| 231|0x00000000ee700000, 0x00000000ee800000, 0x00000000ee800000|100%| E|CS|TAMS 0x00000000ee700000| PB 0x00000000ee700000| Complete |  0
| 232|0x00000000ee800000, 0x00000000ee900000, 0x00000000ee900000|100%| E|CS|TAMS 0x00000000ee800000| PB 0x00000000ee800000| Complete |  0
| 233|0x00000000ee900000, 0x00000000eea00000, 0x00000000eea00000|100%| E|CS|TAMS 0x00000000ee900000| PB 0x00000000ee900000| Complete |  0
| 234|0x00000000eea00000, 0x00000000eeb00000, 0x00000000eeb00000|100%| E|CS|TAMS 0x00000000eea00000| PB 0x00000000eea00000| Complete |  0
| 235|0x00000000eeb00000, 0x00000000eec00000, 0x00000000eec00000|100%| E|CS|TAMS 0x00000000eeb00000| PB 0x00000000eeb00000| Complete |  0
| 236|0x00000000eec00000, 0x00000000eed00000, 0x00000000eed00000|100%| E|CS|TAMS 0x00000000eec00000| PB 0x00000000eec00000| Complete |  0
| 237|0x00000000eed00000, 0x00000000eee00000, 0x00000000eee00000|100%| E|CS|TAMS 0x00000000eed00000| PB 0x00000000eed00000| Complete |  0
| 238|0x00000000eee00000, 0x00000000eef00000, 0x00000000eef00000|100%| E|CS|TAMS 0x00000000eee00000| PB 0x00000000eee00000| Complete |  0
| 239|0x00000000eef00000, 0x00000000ef000000, 0x00000000ef000000|100%| E|CS|TAMS 0x00000000eef00000| PB 0x00000000eef00000| Complete |  0
| 240|0x00000000ef000000, 0x00000000ef100000, 0x00000000ef100000|100%| E|CS|TAMS 0x00000000ef000000| PB 0x00000000ef000000| Complete |  0
| 241|0x00000000ef100000, 0x00000000ef200000, 0x00000000ef200000|100%| E|CS|TAMS 0x00000000ef100000| PB 0x00000000ef100000| Complete |  0
| 242|0x00000000ef200000, 0x00000000ef300000, 0x00000000ef300000|100%| E|CS|TAMS 0x00000000ef200000| PB 0x00000000ef200000| Complete |  0
| 243|0x00000000ef300000, 0x00000000ef400000, 0x00000000ef400000|100%| E|CS|TAMS 0x00000000ef300000| PB 0x00000000ef300000| Complete |  0
| 244|0x00000000ef400000, 0x00000000ef500000, 0x00000000ef500000|100%| E|CS|TAMS 0x00000000ef400000| PB 0x00000000ef400000| Complete |  0
| 245|0x00000000ef500000, 0x00000000ef600000, 0x00000000ef600000|100%| E|CS|TAMS 0x00000000ef500000| PB 0x00000000ef500000| Complete |  0
| 246|0x00000000ef600000, 0x00000000ef700000, 0x00000000ef700000|100%| E|CS|TAMS 0x00000000ef600000| PB 0x00000000ef600000| Complete |  0
| 247|0x00000000ef700000, 0x00000000ef800000, 0x00000000ef800000|100%| E|CS|TAMS 0x00000000ef700000| PB 0x00000000ef700000| Complete |  0
| 248|0x00000000ef800000, 0x00000000ef900000, 0x00000000ef900000|100%| E|CS|TAMS 0x00000000ef800000| PB 0x00000000ef800000| Complete |  0
| 249|0x00000000ef900000, 0x00000000efa00000, 0x00000000efa00000|100%| E|CS|TAMS 0x00000000ef900000| PB 0x00000000ef900000| Complete |  0
| 250|0x00000000efa00000, 0x00000000efb00000, 0x00000000efb00000|100%| E|CS|TAMS 0x00000000efa00000| PB 0x00000000efa00000| Complete |  0
| 251|0x00000000efb00000, 0x00000000efc00000, 0x00000000efc00000|100%| E|CS|TAMS 0x00000000efb00000| PB 0x00000000efb00000| Complete |  0
| 252|0x00000000efc00000, 0x00000000efd00000, 0x00000000efd00000|100%| E|CS|TAMS 0x00000000efc00000| PB 0x00000000efc00000| Complete |  0
| 253|0x00000000efd00000, 0x00000000efe00000, 0x00000000efe00000|100%| E|CS|TAMS 0x00000000efd00000| PB 0x00000000efd00000| Complete |  0
| 254|0x00000000efe00000, 0x00000000eff00000, 0x00000000eff00000|100%| E|CS|TAMS 0x00000000efe00000| PB 0x00000000efe00000| Complete |  0
| 255|0x00000000eff00000, 0x00000000f0000000, 0x00000000f0000000|100%| E|CS|TAMS 0x00000000eff00000| PB 0x00000000eff00000| Complete |  0

Card table byte_map: [0x000001f364fb0000,0x000001f3650b0000] _byte_map_base: 0x000001f3648b0000

Marking Bits: (CMBitMap*) 0x000001f34dc9c270
 Bits: [0x000001f3650b0000, 0x000001f3658b0000)

Polling page: 0x000001f34ba80000

Metaspace:

Usage:
  Non-class:     71.00 MB used.
      Class:     10.96 MB used.
       Both:     81.96 MB used.

Virtual space:
  Non-class space:      128.00 MB reserved,      72.50 MB ( 57%) committed,  2 nodes.
      Class space:      320.00 MB reserved,      12.44 MB (  4%) committed,  1 nodes.
             Both:      448.00 MB reserved,      84.94 MB ( 19%) committed. 

Chunk freelists:
   Non-Class:  7.07 MB
       Class:  3.38 MB
        Both:  10.45 MB

MaxMetaspaceSize: 384.00 MB
CompressedClassSpaceSize: 320.00 MB
Initial GC threshold: 21.00 MB
Current GC threshold: 141.25 MB
CDS: on
 - commit_granule_bytes: 65536.
 - commit_granule_words: 8192.
 - virtual_space_node_default_size: 8388608.
 - enlarge_chunks_in_place: 1.
 - use_allocation_guard: 0.


Internal statistics:

num_allocs_failed_limit: 12.
num_arena_births: 5562.
num_arena_deaths: 0.
num_vsnodes_births: 3.
num_vsnodes_deaths: 0.
num_space_committed: 1359.
num_space_uncommitted: 0.
num_chunks_returned_to_freelist: 12.
num_chunks_taken_from_freelist: 10322.
num_chunk_merges: 12.
num_chunk_splits: 6467.
num_chunks_enlarged: 3577.
num_inconsistent_stats: 0.

CodeHeap 'non-profiled nmethods': size=120000Kb used=14560Kb max_used=14722Kb free=105439Kb
 bounds [0x000001f35da80000, 0x000001f35e900000, 0x000001f364fb0000]
CodeHeap 'profiled nmethods': size=120000Kb used=36190Kb max_used=41576Kb free=83809Kb
 bounds [0x000001f355fb0000, 0x000001f358850000, 0x000001f35d4e0000]
CodeHeap 'non-nmethods': size=5760Kb used=3047Kb max_used=3112Kb free=2712Kb
 bounds [0x000001f35d4e0000, 0x000001f35d800000, 0x000001f35da80000]
 total_blobs=17486 nmethods=16578 adapters=812
 compilation: enabled
              stopped_count=0, restarted_count=0
 full_count=0

Compilation events (20 events):
Event: 173.965 Thread 0x000001f37d11ab40 nmethod 21762 0x000001f3565b2290 code [0x000001f3565b2460, 0x000001f3565b2840]
Event: 173.970 Thread 0x000001f37d1188e0 21763       4       java.util.concurrent.ConcurrentHashMap::resizeStamp (9 bytes)
Event: 173.970 Thread 0x000001f37d11ab40 21764       3       io.spring.gradle.dependencymanagement.org.apache.maven.model.IssueManagement::getLocation (147 bytes)
Event: 173.971 Thread 0x000001f37d11ab40 nmethod 21764 0x000001f356a65d90 code [0x000001f356a66000, 0x000001f356a66b48]
Event: 173.971 Thread 0x000001f37d11ab40 21765       3       io.spring.gradle.dependencymanagement.org.apache.maven.model.IssueManagement::setLocation (156 bytes)
Event: 173.971 Thread 0x000001f37d1188e0 nmethod 21763 0x000001f35dd49c90 code [0x000001f35dd49e00, 0x000001f35dd49e70]
Event: 173.971 Thread 0x000001f37d11ab40 nmethod 21765 0x000001f356ac1910 code [0x000001f356ac1bc0, 0x000001f356ac2c00]
Event: 173.978 Thread 0x000001f37d1188e0 21766       4       io.spring.gradle.dependencymanagement.org.apache.maven.model.PluginContainer::setLocation (126 bytes)
Event: 173.979 Thread 0x000001f37d11ab40 21767       1       io.spring.gradle.dependencymanagement.org.apache.maven.model.building.ModelCacheTag$1::getType (3 bytes)
Event: 173.979 Thread 0x000001f37d11ab40 nmethod 21767 0x000001f35dd4f090 code [0x000001f35dd4f220, 0x000001f35dd4f2f0]
Event: 174.010 Thread 0x000001f37d11ab40 21769       3       io.spring.gradle.dependencymanagement.org.apache.maven.model.merge.ModelMerger::mergeDistributionManagement (46 bytes)
Event: 174.010 Thread 0x000001f37d11ab40 nmethod 21769 0x000001f3563d3090 code [0x000001f3563d3280, 0x000001f3563d37d0]
Event: 174.017 Thread 0x000001f37d11ab40 21770       3       io.spring.gradle.dependencymanagement.org.apache.maven.model.InputSource::<init> (5 bytes)
Event: 174.017 Thread 0x000001f37d11ab40 nmethod 21770 0x000001f3566ca290 code [0x000001f3566ca420, 0x000001f3566ca588]
Event: 174.026 Thread 0x000001f37d1188e0 nmethod 21766 0x000001f35e3a2f10 code [0x000001f35e3a31c0, 0x000001f35e3a4948]
Event: 174.026 Thread 0x000001f37d1188e0 21768       4       io.spring.gradle.dependencymanagement.org.apache.maven.model.inheritance.DefaultInheritanceAssembler$InheritanceModelMerger::mergePluginContainer_Plugins (430 bytes)
Event: 174.076 Thread 0x000001f37d11ab40 21771       1       io.spring.gradle.dependencymanagement.org.apache.maven.model.PluginExecution::getPhase (5 bytes)
Event: 174.077 Thread 0x000001f37d11ab40 nmethod 21771 0x000001f35dd61c10 code [0x000001f35dd61da0, 0x000001f35dd61e68]
Event: 174.193 Thread 0x000001f37d11ab40 21772       3       io.spring.gradle.dependencymanagement.org.apache.maven.model.io.xpp3.MavenXpp3Reader::parseActivation (287 bytes)
Event: 174.302 Thread 0x000001f37d11ab40 nmethod 21772 0x000001f356dde290 code [0x000001f356dde720, 0x000001f356de04f8]

GC Heap History (20 events):
Event: 48.021 GC heap before
{Heap before GC invocations=17 (full 0):
 garbage-first heap   total reserved 524288K, committed 262144K, used 95744K [0x00000000e0000000, 0x0000000100000000)
  region size 1024K, 26 young (26624K), 6 survivors (6144K)
 Metaspace       used 76070K, committed 78720K, reserved 458752K
  class space    used 10493K, committed 11776K, reserved 327680K
}
Event: 48.041 GC heap after
{Heap after GC invocations=18 (full 0):
 garbage-first heap   total reserved 524288K, committed 262144K, used 76448K [0x00000000e0000000, 0x0000000100000000)
  region size 1024K, 6 young (6144K), 6 survivors (6144K)
 Metaspace       used 76070K, committed 78720K, reserved 458752K
  class space    used 10493K, committed 11776K, reserved 327680K
}
Event: 70.093 GC heap before
{Heap before GC invocations=19 (full 0):
 garbage-first heap   total reserved 524288K, committed 262144K, used 226976K [0x00000000e0000000, 0x0000000100000000)
  region size 1024K, 153 young (156672K), 6 survivors (6144K)
 Metaspace       used 76791K, committed 79552K, reserved 458752K
  class space    used 10544K, committed 11904K, reserved 327680K
}
Event: 70.196 GC heap after
{Heap after GC invocations=20 (full 0):
 garbage-first heap   total reserved 524288K, committed 262144K, used 74519K [0x00000000e0000000, 0x0000000100000000)
  region size 1024K, 4 young (4096K), 4 survivors (4096K)
 Metaspace       used 76791K, committed 79552K, reserved 458752K
  class space    used 10544K, committed 11904K, reserved 327680K
}
Event: 89.293 GC heap before
{Heap before GC invocations=20 (full 0):
 garbage-first heap   total reserved 524288K, committed 262144K, used 227095K [0x00000000e0000000, 0x0000000100000000)
  region size 1024K, 153 young (156672K), 4 survivors (4096K)
 Metaspace       used 77059K, committed 79808K, reserved 458752K
  class space    used 10556K, committed 11904K, reserved 327680K
}
Event: 89.397 GC heap after
{Heap after GC invocations=21 (full 0):
 garbage-first heap   total reserved 524288K, committed 262144K, used 80677K [0x00000000e0000000, 0x0000000100000000)
  region size 1024K, 14 young (14336K), 14 survivors (14336K)
 Metaspace       used 77059K, committed 79808K, reserved 458752K
  class space    used 10556K, committed 11904K, reserved 327680K
}
Event: 106.357 GC heap before
{Heap before GC invocations=21 (full 0):
 garbage-first heap   total reserved 524288K, committed 262144K, used 223013K [0x00000000e0000000, 0x0000000100000000)
  region size 1024K, 153 young (156672K), 14 survivors (14336K)
 Metaspace       used 79610K, committed 82432K, reserved 458752K
  class space    used 10834K, committed 12224K, reserved 327680K
}
Event: 106.389 GC heap after
{Heap after GC invocations=22 (full 0):
 garbage-first heap   total reserved 524288K, committed 262144K, used 77572K [0x00000000e0000000, 0x0000000100000000)
  region size 1024K, 10 young (10240K), 10 survivors (10240K)
 Metaspace       used 79610K, committed 82432K, reserved 458752K
  class space    used 10834K, committed 12224K, reserved 327680K
}
Event: 108.759 GC heap before
{Heap before GC invocations=22 (full 0):
 garbage-first heap   total reserved 524288K, committed 262144K, used 224004K [0x00000000e0000000, 0x0000000100000000)
  region size 1024K, 153 young (156672K), 10 survivors (10240K)
 Metaspace       used 80268K, committed 83200K, reserved 458752K
  class space    used 10884K, committed 12288K, reserved 327680K
}
Event: 108.805 GC heap after
{Heap after GC invocations=23 (full 0):
 garbage-first heap   total reserved 524288K, committed 262144K, used 84740K [0x00000000e0000000, 0x0000000100000000)
  region size 1024K, 17 young (17408K), 17 survivors (17408K)
 Metaspace       used 80268K, committed 83200K, reserved 458752K
  class space    used 10884K, committed 12288K, reserved 327680K
}
Event: 113.917 GC heap before
{Heap before GC invocations=24 (full 0):
 garbage-first heap   total reserved 524288K, committed 262144K, used 222980K [0x00000000e0000000, 0x0000000100000000)
  region size 1024K, 153 young (156672K), 17 survivors (17408K)
 Metaspace       used 80525K, committed 83456K, reserved 458752K
  class space    used 10888K, committed 12352K, reserved 327680K
}
Event: 113.938 GC heap after
{Heap after GC invocations=25 (full 0):
 garbage-first heap   total reserved 524288K, committed 262144K, used 79987K [0x00000000e0000000, 0x0000000100000000)
  region size 1024K, 11 young (11264K), 11 survivors (11264K)
 Metaspace       used 80525K, committed 83456K, reserved 458752K
  class space    used 10888K, committed 12352K, reserved 327680K
}
Event: 119.397 GC heap before
{Heap before GC invocations=25 (full 0):
 garbage-first heap   total reserved 524288K, committed 262144K, used 225395K [0x00000000e0000000, 0x0000000100000000)
  region size 1024K, 153 young (156672K), 11 survivors (11264K)
 Metaspace       used 81208K, committed 84160K, reserved 458752K
  class space    used 10956K, committed 12416K, reserved 327680K
}
Event: 119.412 GC heap after
{Heap after GC invocations=26 (full 0):
 garbage-first heap   total reserved 524288K, committed 262144K, used 69583K [0x00000000e0000000, 0x0000000100000000)
  region size 1024K, 3 young (3072K), 3 survivors (3072K)
 Metaspace       used 81208K, committed 84160K, reserved 458752K
  class space    used 10956K, committed 12416K, reserved 327680K
}
Event: 145.367 GC heap before
{Heap before GC invocations=26 (full 0):
 garbage-first heap   total reserved 524288K, committed 262144K, used 223183K [0x00000000e0000000, 0x0000000100000000)
  region size 1024K, 153 young (156672K), 3 survivors (3072K)
 Metaspace       used 83632K, committed 86720K, reserved 458752K
  class space    used 11211K, committed 12736K, reserved 327680K
}
Event: 145.981 GC heap after
{Heap after GC invocations=27 (full 0):
 garbage-first heap   total reserved 524288K, committed 262144K, used 83832K [0x00000000e0000000, 0x0000000100000000)
  region size 1024K, 17 young (17408K), 17 survivors (17408K)
 Metaspace       used 83632K, committed 86720K, reserved 458752K
  class space    used 11211K, committed 12736K, reserved 327680K
}
Event: 146.310 GC heap before
{Heap before GC invocations=27 (full 0):
 garbage-first heap   total reserved 524288K, committed 262144K, used 84856K [0x00000000e0000000, 0x0000000100000000)
  region size 1024K, 18 young (18432K), 17 survivors (17408K)
 Metaspace       used 83632K, committed 86720K, reserved 458752K
  class space    used 11211K, committed 12736K, reserved 327680K
}
Event: 146.504 GC heap after
{Heap after GC invocations=28 (full 0):
 garbage-first heap   total reserved 524288K, committed 262144K, used 86016K [0x00000000e0000000, 0x0000000100000000)
  region size 1024K, 2 young (2048K), 2 survivors (2048K)
 Metaspace       used 83632K, committed 86720K, reserved 458752K
  class space    used 11211K, committed 12736K, reserved 327680K
}
Event: 170.852 GC heap before
{Heap before GC invocations=29 (full 0):
 garbage-first heap   total reserved 524288K, committed 262144K, used 186368K [0x00000000e0000000, 0x0000000100000000)
  region size 1024K, 101 young (103424K), 2 survivors (2048K)
 Metaspace       used 83866K, committed 86976K, reserved 458752K
  class space    used 11219K, committed 12736K, reserved 327680K
}
Event: 171.135 GC heap after
{Heap after GC invocations=30 (full 0):
 garbage-first heap   total reserved 524288K, committed 262144K, used 94048K [0x00000000e0000000, 0x0000000100000000)
  region size 1024K, 10 young (10240K), 10 survivors (10240K)
 Metaspace       used 83866K, committed 86976K, reserved 458752K
  class space    used 11219K, committed 12736K, reserved 327680K
}

Dll operation events (15 events):
Event: 0.018 Loaded shared library C:\Users\Hp\.jdks\openjdk-22.0.2\bin\java.dll
Event: 0.056 Loaded shared library C:\Users\Hp\.jdks\openjdk-22.0.2\bin\jsvml.dll
Event: 0.134 Loaded shared library C:\Users\Hp\.jdks\openjdk-22.0.2\bin\zip.dll
Event: 0.143 Loaded shared library C:\Users\Hp\.jdks\openjdk-22.0.2\bin\instrument.dll
Event: 0.149 Loaded shared library C:\Users\Hp\.jdks\openjdk-22.0.2\bin\net.dll
Event: 0.156 Loaded shared library C:\Users\Hp\.jdks\openjdk-22.0.2\bin\nio.dll
Event: 0.160 Loaded shared library C:\Users\Hp\.jdks\openjdk-22.0.2\bin\zip.dll
Event: 0.653 Loaded shared library C:\Users\Hp\.jdks\openjdk-22.0.2\bin\jimage.dll
Event: 1.042 Loaded shared library C:\Users\Hp\.jdks\openjdk-22.0.2\bin\verify.dll
Event: 1.281 Loaded shared library C:\Users\Hp\.gradle\native\1def1411415f61bf3af743bc5b6707747c0891f09f0c88961ee8f79bc544acac\windows-amd64\native-platform.dll
Event: 1.315 Loaded shared library C:\Users\Hp\.gradle\native\0.2.7\x86_64-windows-gnu\gradle-fileevents.dll
Event: 3.787 Loaded shared library C:\Users\Hp\.jdks\openjdk-22.0.2\bin\management.dll
Event: 3.795 Loaded shared library C:\Users\Hp\.jdks\openjdk-22.0.2\bin\management_ext.dll
Event: 4.583 Loaded shared library C:\Users\Hp\.jdks\openjdk-22.0.2\bin\extnet.dll
Event: 5.135 Loaded shared library C:\Users\Hp\.jdks\openjdk-22.0.2\bin\sunmscapi.dll

Deoptimization events (20 events):
Event: 140.721 Thread 0x000001f37eb76d70 Uncommon trap: trap_request=0xffffff45 fr.pc=0x000001f35e892b00 relative=0x0000000000002c80
Event: 140.731 Thread 0x000001f37eb76d70 Uncommon trap: reason=unstable_if action=reinterpret pc=0x000001f35e892b00 method=io.spring.gradle.dependencymanagement.org.apache.maven.model.io.xpp3.MavenXpp3Reader.parseDependency(Lio/spring/gradle/dependencymanagement/org/codehaus/plexus/util/xml/pull
Event: 140.770 Thread 0x000001f37eb76d70 DEOPT PACKING pc=0x000001f35e892b00 sp=0x0000007f510f8e80
Event: 140.863 Thread 0x000001f37eb76d70 DEOPT UNPACKING pc=0x000001f35d537da2 sp=0x0000007f510f8e88 mode 2
Event: 146.567 Thread 0x000001f37eb76d70 Uncommon trap: trap_request=0xfffffff4 fr.pc=0x000001f35e89c4ac relative=0x000000000000456c
Event: 146.567 Thread 0x000001f37eb76d70 Uncommon trap: reason=null_check action=make_not_entrant pc=0x000001f35e89c4ac method=io.spring.gradle.dependencymanagement.org.codehaus.plexus.interpolation.reflection.ReflectionValueExtractor.getClassMap(Ljava/lang/Class;)Lio/spring/gradle/dependencyman
Event: 146.567 Thread 0x000001f37eb76d70 DEOPT PACKING pc=0x000001f35e89c4ac sp=0x0000007f510f8c90
Event: 146.567 Thread 0x000001f37eb76d70 DEOPT UNPACKING pc=0x000001f35d537da2 sp=0x0000007f510f8c18 mode 2
Event: 146.575 Thread 0x000001f37eb76d70 Uncommon trap: trap_request=0xfffffff4 fr.pc=0x000001f35e8a0fc8 relative=0x0000000000001688
Event: 146.575 Thread 0x000001f37eb76d70 Uncommon trap: reason=null_check action=make_not_entrant pc=0x000001f35e8a0fc8 method=io.spring.gradle.dependencymanagement.org.codehaus.plexus.interpolation.reflection.ReflectionValueExtractor.getClassMap(Ljava/lang/Class;)Lio/spring/gradle/dependencyman
Event: 146.575 Thread 0x000001f37eb76d70 DEOPT PACKING pc=0x000001f35e8a0fc8 sp=0x0000007f510f8c10
Event: 146.575 Thread 0x000001f37eb76d70 DEOPT UNPACKING pc=0x000001f35d537da2 sp=0x0000007f510f8c10 mode 2
Event: 173.732 Thread 0x000001f37eb76d70 Uncommon trap: trap_request=0xffffff45 fr.pc=0x000001f35e7357f0 relative=0x0000000000008f90
Event: 173.733 Thread 0x000001f37eb76d70 Uncommon trap: reason=unstable_if action=reinterpret pc=0x000001f35e7357f0 method=java.util.concurrent.ArrayBlockingQueue.enqueue(Ljava/lang/Object;)V @ 25 c2
Event: 173.733 Thread 0x000001f37eb76d70 DEOPT PACKING pc=0x000001f35e7357f0 sp=0x0000007f510f79b0
Event: 173.734 Thread 0x000001f37eb76d70 DEOPT UNPACKING pc=0x000001f35d537da2 sp=0x0000007f510f7270 mode 2
Event: 173.735 Thread 0x000001f37eb787b0 Uncommon trap: trap_request=0xffffff45 fr.pc=0x000001f35dc188e8 relative=0x0000000000000608
Event: 173.735 Thread 0x000001f37eb787b0 Uncommon trap: reason=unstable_if action=reinterpret pc=0x000001f35dc188e8 method=java.util.concurrent.ArrayBlockingQueue.dequeue()Ljava/lang/Object; @ 32 c2
Event: 173.735 Thread 0x000001f37eb787b0 DEOPT PACKING pc=0x000001f35dc188e8 sp=0x0000007f514feb50
Event: 173.735 Thread 0x000001f37eb787b0 DEOPT UNPACKING pc=0x000001f35d537da2 sp=0x0000007f514feb00 mode 2

Classes loaded (20 events):
Event: 30.259 Loading class java/util/stream/ReferencePipeline$4
Event: 30.261 Loading class java/util/stream/ReferencePipeline$4 done
Event: 30.261 Loading class java/util/stream/ReduceOps$6
Event: 30.261 Loading class java/util/stream/ReduceOps$6 done
Event: 30.261 Loading class java/util/stream/ReduceOps$5ReducingSink
Event: 30.262 Loading class java/util/stream/ReduceOps$5ReducingSink done
Event: 30.262 Loading class java/util/stream/ReferencePipeline$4$1
Event: 30.262 Loading class java/util/stream/ReferencePipeline$4$1 done
Event: 30.324 Loading class java/util/concurrent/ConcurrentSkipListMap$KeySet
Event: 30.326 Loading class java/util/concurrent/ConcurrentSkipListMap$KeySet done
Event: 30.326 Loading class java/util/concurrent/ConcurrentSkipListMap$KeyIterator
Event: 30.326 Loading class java/util/concurrent/ConcurrentSkipListMap$KeyIterator done
Event: 30.698 Loading class java/util/concurrent/ConcurrentLinkedQueue$Itr
Event: 30.699 Loading class java/util/concurrent/ConcurrentLinkedQueue$Itr done
Event: 30.820 Loading class java/time/Instant$1
Event: 30.820 Loading class java/time/Instant$1 done
Event: 30.870 Loading class java/util/concurrent/CompletableFuture$AsyncRun
Event: 30.870 Loading class java/util/concurrent/CompletableFuture$AsyncRun done
Event: 31.797 Loading class jdk/internal/math/FormattedFPDecimal
Event: 31.798 Loading class jdk/internal/math/FormattedFPDecimal done

Classes unloaded (0 events):
No events

Classes redefined (0 events):
No events

Internal exceptions (20 events):
Event: 119.111 Thread 0x000001f37eb76d70 Exception <a 'java/lang/NoClassDefFoundError'{0x00000000e68495d0}: org/jetbrains/kotlin/gradle/plugin/KotlinPluginWrapper> (0x00000000e68495d0) 
thrown [s\open\src\hotspot\share\classfile\systemDictionary.cpp, line 302]
Event: 119.112 Thread 0x000001f37eb76d70 Exception <a 'java/lang/NoClassDefFoundError'{0x00000000e684cce8}: org/graalvm/buildtools/gradle/NativeImagePlugin> (0x00000000e684cce8) 
thrown [s\open\src\hotspot\share\classfile\systemDictionary.cpp, line 302]
Event: 119.113 Thread 0x000001f37eb76d70 Exception <a 'java/lang/NoClassDefFoundError'{0x00000000e6850350}: org/cyclonedx/gradle/CycloneDxPlugin> (0x00000000e6850350) 
thrown [s\open\src\hotspot\share\classfile\systemDictionary.cpp, line 302]
Event: 119.300 Thread 0x000001f37eb76d70 Exception <a 'java/lang/ClassNotFoundException'{0x00000000e678f228}: io/spring/gradle/dependencymanagement/internal/dsl/StandardDependencyManagementExtensionBeanInfo> (0x00000000e678f228) 
thrown [s\open\src\hotspot\share\classfile\systemDictionary.cpp, line 313]
Event: 119.303 Thread 0x000001f37eb76d70 Exception <a 'java/lang/ClassNotFoundException'{0x00000000e67962d8}: io/spring/gradle/dependencymanagement/internal/dsl/StandardDependencyManagementExtensionCustomizer> (0x00000000e67962d8) 
thrown [s\open\src\hotspot\share\classfile\systemDictionary.cpp, line 313]
Event: 119.536 Thread 0x000001f37eb76d70 Exception <a 'java/lang/ClassNotFoundException'{0x00000000efe1fc38}: io/spring/gradle/dependencymanagement/internal/dsl/StandardImportsHandlerBeanInfo> (0x00000000efe1fc38) 
thrown [s\open\src\hotspot\share\classfile\systemDictionary.cpp, line 313]
Event: 119.538 Thread 0x000001f37eb76d70 Exception <a 'java/lang/ClassNotFoundException'{0x00000000efe26b48}: io/spring/gradle/dependencymanagement/internal/dsl/StandardImportsHandlerCustomizer> (0x00000000efe26b48) 
thrown [s\open\src\hotspot\share\classfile\systemDictionary.cpp, line 313]
Event: 119.580 Thread 0x000001f37eb76d70 Exception <a 'java/lang/ClassNotFoundException'{0x00000000efed02b0}: build_24dogbmy5lxfw3cbsqurm2qc0BeanInfo> (0x00000000efed02b0) 
thrown [s\open\src\hotspot\share\classfile\systemDictionary.cpp, line 313]
Event: 119.583 Thread 0x000001f37eb76d70 Exception <a 'java/lang/ClassNotFoundException'{0x00000000efed7008}: build_24dogbmy5lxfw3cbsqurm2qc0Customizer> (0x00000000efed7008) 
thrown [s\open\src\hotspot\share\classfile\systemDictionary.cpp, line 313]
Event: 120.088 Thread 0x000001f37eb76d70 Implicit null exception at 0x000001f35e07bc70 to 0x000001f35e07d1cc
Event: 146.567 Thread 0x000001f37eb76d70 Implicit null exception at 0x000001f35e8980ed to 0x000001f35e89c498
Event: 146.575 Thread 0x000001f37eb76d70 Implicit null exception at 0x000001f35e89faea to 0x000001f35e8a0fbc
Event: 150.107 Thread 0x000001f37eb76d70 Exception <a 'sun/nio/fs/WindowsException'{0x00000000ee89f130}> (0x00000000ee89f130) 
thrown [s\open\src\hotspot\share\prims\jni.cpp, line 520]
Event: 158.775 Thread 0x000001f37eb76d70 Exception <a 'sun/nio/fs/WindowsException'{0x00000000eddf4b08}> (0x00000000eddf4b08) 
thrown [s\open\src\hotspot\share\prims\jni.cpp, line 520]
Event: 158.778 Thread 0x000001f37eb76d70 Exception <a 'sun/nio/fs/WindowsException'{0x00000000eddf5ee8}> (0x00000000eddf5ee8) 
thrown [s\open\src\hotspot\share\prims\jni.cpp, line 520]
Event: 158.781 Thread 0x000001f37eb76d70 Exception <a 'sun/nio/fs/WindowsException'{0x00000000eddf72b8}> (0x00000000eddf72b8) 
thrown [s\open\src\hotspot\share\prims\jni.cpp, line 520]
Event: 158.794 Thread 0x000001f37eb76d70 Exception <a 'sun/nio/fs/WindowsException'{0x00000000eddf8660}> (0x00000000eddf8660) 
thrown [s\open\src\hotspot\share\prims\jni.cpp, line 520]
Event: 160.880 Thread 0x000001f37eb76d70 Exception <a 'java/lang/NoClassDefFoundError'{0x00000000ed74be00}: org/jetbrains/kotlin/gradle/plugin/KotlinPluginWrapper> (0x00000000ed74be00) 
thrown [s\open\src\hotspot\share\oops\constantPool.cpp, line 872]
Event: 160.881 Thread 0x000001f37eb76d70 Exception <a 'java/lang/NoClassDefFoundError'{0x00000000ed74df58}: org/graalvm/buildtools/gradle/NativeImagePlugin> (0x00000000ed74df58) 
thrown [s\open\src\hotspot\share\oops\constantPool.cpp, line 872]
Event: 160.882 Thread 0x000001f37eb76d70 Exception <a 'java/lang/NoClassDefFoundError'{0x00000000ed7500a0}: org/cyclonedx/gradle/CycloneDxPlugin> (0x00000000ed7500a0) 
thrown [s\open\src\hotspot\share\oops\constantPool.cpp, line 872]

ZGC Phase Switch (0 events):
No events

VM Operations (20 events):
Event: 163.567 Executing VM operation: Cleanup
Event: 163.567 Executing VM operation: Cleanup done
Event: 164.569 Executing VM operation: Cleanup
Event: 164.585 Executing VM operation: Cleanup done
Event: 165.585 Executing VM operation: Cleanup
Event: 165.586 Executing VM operation: Cleanup done
Event: 166.600 Executing VM operation: Cleanup
Event: 166.601 Executing VM operation: Cleanup done
Event: 167.615 Executing VM operation: Cleanup
Event: 167.615 Executing VM operation: Cleanup done
Event: 168.622 Executing VM operation: Cleanup
Event: 168.622 Executing VM operation: Cleanup done
Event: 169.637 Executing VM operation: Cleanup
Event: 169.637 Executing VM operation: Cleanup done
Event: 170.645 Executing VM operation: Cleanup
Event: 170.645 Executing VM operation: Cleanup done
Event: 170.850 Executing VM operation: G1CollectForAllocation (G1 Evacuation Pause)
Event: 171.136 Executing VM operation: G1CollectForAllocation (G1 Evacuation Pause) done
Event: 174.161 Executing VM operation: Cleanup
Event: 174.161 Executing VM operation: Cleanup done

Memory protections (0 events):
No events

Nmethod flushes (20 events):
Event: 148.251 Thread 0x000001f367ecd790 flushing  nmethod 0x000001f35851c410
Event: 148.251 Thread 0x000001f367ecd790 flushing  nmethod 0x000001f35852ba10
Event: 148.251 Thread 0x000001f367ecd790 flushing  nmethod 0x000001f35852c610
Event: 148.251 Thread 0x000001f367ecd790 flushing  nmethod 0x000001f35852cd10
Event: 148.251 Thread 0x000001f367ecd790 flushing  nmethod 0x000001f358532e90
Event: 148.251 Thread 0x000001f367ecd790 flushing  nmethod 0x000001f358534310
Event: 148.251 Thread 0x000001f367ecd790 flushing  nmethod 0x000001f358540b10
Event: 148.251 Thread 0x000001f367ecd790 flushing  nmethod 0x000001f358545210
Event: 148.252 Thread 0x000001f367ecd790 flushing  nmethod 0x000001f358547a10
Event: 148.252 Thread 0x000001f367ecd790 flushing  nmethod 0x000001f358550510
Event: 148.252 Thread 0x000001f367ecd790 flushing  nmethod 0x000001f358551710
Event: 148.252 Thread 0x000001f367ecd790 flushing  nmethod 0x000001f358553890
Event: 148.252 Thread 0x000001f367ecd790 flushing  nmethod 0x000001f358554490
Event: 148.252 Thread 0x000001f367ecd790 flushing  nmethod 0x000001f358556110
Event: 148.252 Thread 0x000001f367ecd790 flushing  nmethod 0x000001f358558c90
Event: 148.252 Thread 0x000001f367ecd790 flushing  nmethod 0x000001f35855dc90
Event: 148.252 Thread 0x000001f367ecd790 flushing  nmethod 0x000001f3585aeb90
Event: 148.252 Thread 0x000001f367ecd790 flushing  nmethod 0x000001f3585eaa90
Event: 148.252 Thread 0x000001f367ecd790 flushing  nmethod 0x000001f3585eb190
Event: 148.252 Thread 0x000001f367ecd790 flushing  nmethod 0x000001f35865af10

Events (20 events):
Event: 161.675 Thread 0x000001f37eb76d70 Thread added: 0x000001f37f68f0a0
Event: 161.705 Thread 0x000001f37eb76d70 Thread added: 0x000001f37f690450
Event: 161.801 Thread 0x000001f37eb76d70 Thread added: 0x000001f37f68f730
Event: 161.847 Thread 0x000001f37eb76d70 Thread added: 0x000001f37f693240
Event: 161.950 Thread 0x000001f37eb76d70 Thread added: 0x000001f37f68fdc0
Event: 162.208 Thread 0x000001f37eb76d70 Thread added: 0x000001f37f693f60
Event: 162.395 Thread 0x000001f37eb76d70 Thread added: 0x000001f37f6938d0
Event: 162.551 Thread 0x000001f37eb76d70 Thread added: 0x000001f37f690ae0
Event: 162.813 Thread 0x000001f37eb76d70 Thread added: 0x000001f37f6945f0
Event: 162.984 Thread 0x000001f37eb76d70 Thread added: 0x000001f37f694c80
Event: 163.102 Thread 0x000001f37eb76d70 Thread added: 0x000001f37f6959a0
Event: 163.197 Thread 0x000001f37eb76d70 Thread added: 0x000001f37f695310
Event: 163.405 Thread 0x000001f37eb76d70 Thread added: 0x000001f37f696030
Event: 163.470 Thread 0x000001f37eb76d70 Thread added: 0x000001f3072ac700
Event: 163.557 Thread 0x000001f37eb76d70 Thread added: 0x000001f3072af4f0
Event: 163.594 Thread 0x000001f37eb76d70 Thread added: 0x000001f3072ac070
Event: 163.645 Thread 0x000001f37eb76d70 Thread added: 0x000001f3072ad420
Event: 163.764 Thread 0x000001f37eb76d70 Thread added: 0x000001f3072b0f30
Event: 163.806 Thread 0x000001f37eb76d70 Thread added: 0x000001f3072b15c0
Event: 169.195 Thread 0x000001f37f22c920 Thread exited: 0x000001f37f22c920


Dynamic libraries:
0x00007ff6fd890000 - 0x00007ff6fd89e000 	C:\Users\Hp\.jdks\openjdk-22.0.2\bin\java.exe
0x00007ffac0b40000 - 0x00007ffac0da8000 	C:\WINDOWS\SYSTEM32\ntdll.dll
0x00007ffabf2f0000 - 0x00007ffabf3b9000 	C:\WINDOWS\System32\KERNEL32.DLL
0x00007ffabe240000 - 0x00007ffabe632000 	C:\WINDOWS\System32\KERNELBASE.dll
0x00007ffabe7c0000 - 0x00007ffabe90b000 	C:\WINDOWS\System32\ucrtbase.dll
0x00007ffaa1d90000 - 0x00007ffaa1dab000 	C:\Users\Hp\.jdks\openjdk-22.0.2\bin\VCRUNTIME140.dll
0x00007ffa9f0b0000 - 0x00007ffa9f0c7000 	C:\Users\Hp\.jdks\openjdk-22.0.2\bin\jli.dll
0x00007ffabeaf0000 - 0x00007ffabecb5000 	C:\WINDOWS\System32\USER32.dll
0x00007ffaa1ac0000 - 0x00007ffaa1d53000 	C:\WINDOWS\WinSxS\amd64_microsoft.windows.common-controls_6595b64144ccf1df_6.0.26100.6899_none_3e0efeeae32e88c1\COMCTL32.dll
0x00007ffabe0a0000 - 0x00007ffabe0c7000 	C:\WINDOWS\System32\win32u.dll
0x00007ffabfc00000 - 0x00007ffabfca9000 	C:\WINDOWS\System32\msvcrt.dll
0x00007ffabffc0000 - 0x00007ffabffeb000 	C:\WINDOWS\System32\GDI32.dll
0x00007ffabde00000 - 0x00007ffabdf2d000 	C:\WINDOWS\System32\gdi32full.dll
0x00007ffabdff0000 - 0x00007ffabe093000 	C:\WINDOWS\System32\msvcp_win.dll
0x00007ffabfbc0000 - 0x00007ffabfbef000 	C:\WINDOWS\System32\IMM32.DLL
0x00007ffaa9d90000 - 0x00007ffaa9d9c000 	C:\Users\Hp\.jdks\openjdk-22.0.2\bin\vcruntime140_1.dll
0x00007ffa5dae0000 - 0x00007ffa5db6e000 	C:\Users\Hp\.jdks\openjdk-22.0.2\bin\msvcp140.dll
0x00007ffa264f0000 - 0x00007ffa27239000 	C:\Users\Hp\.jdks\openjdk-22.0.2\bin\server\jvm.dll
0x00007ffac0190000 - 0x00007ffac0244000 	C:\WINDOWS\System32\ADVAPI32.dll
0x00007ffabfb10000 - 0x00007ffabfbb6000 	C:\WINDOWS\System32\sechost.dll
0x00007ffabfff0000 - 0x00007ffac0108000 	C:\WINDOWS\System32\RPCRT4.dll
0x00007ffabfe90000 - 0x00007ffabff04000 	C:\WINDOWS\System32\WS2_32.dll
0x00007ffabdb50000 - 0x00007ffabdbae000 	C:\WINDOWS\SYSTEM32\POWRPROF.dll
0x00007ffa9d6b0000 - 0x00007ffa9d6e5000 	C:\WINDOWS\SYSTEM32\WINMM.dll
0x00007ffaac420000 - 0x00007ffaac42b000 	C:\WINDOWS\SYSTEM32\VERSION.dll
0x00007ffabdb30000 - 0x00007ffabdb44000 	C:\WINDOWS\SYSTEM32\UMPDC.dll
0x00007ffabca80000 - 0x00007ffabca9b000 	C:\WINDOWS\SYSTEM32\kernel.appcore.dll
0x00007ffaa9d00000 - 0x00007ffaa9d0a000 	C:\Users\Hp\.jdks\openjdk-22.0.2\bin\jimage.dll
0x00007ffab55a0000 - 0x00007ffab57e2000 	C:\WINDOWS\SYSTEM32\DBGHELP.DLL
0x00007ffabef70000 - 0x00007ffabf2eb000 	C:\WINDOWS\System32\combase.dll
0x00007ffabea10000 - 0x00007ffabeae7000 	C:\WINDOWS\System32\OLEAUT32.dll
0x00007ffa99ac0000 - 0x00007ffa99afc000 	C:\WINDOWS\SYSTEM32\dbgcore.DLL
0x00007ffabdd60000 - 0x00007ffabddf8000 	C:\WINDOWS\System32\bcryptPrimitives.dll
0x00007ffaa17f0000 - 0x00007ffaa17ff000 	C:\Users\Hp\.jdks\openjdk-22.0.2\bin\instrument.dll
0x00007ffa99560000 - 0x00007ffa9957e000 	C:\Users\Hp\.jdks\openjdk-22.0.2\bin\java.dll
0x00007ffabf3c0000 - 0x00007ffabfb0d000 	C:\WINDOWS\System32\SHELL32.dll
0x00007ffabe0d0000 - 0x00007ffabe23b000 	C:\WINDOWS\System32\wintypes.dll
0x00007ffac02b0000 - 0x00007ffac0448000 	C:\WINDOWS\System32\ole32.dll
0x00007ffabb900000 - 0x00007ffabc15d000 	C:\WINDOWS\SYSTEM32\windows.storage.dll
0x00007ffabed30000 - 0x00007ffabee22000 	C:\WINDOWS\System32\SHCORE.dll
0x00007ffabecc0000 - 0x00007ffabed22000 	C:\WINDOWS\System32\shlwapi.dll
0x00007ffabdbf0000 - 0x00007ffabdc19000 	C:\WINDOWS\SYSTEM32\profapi.dll
0x00007ffa4f290000 - 0x00007ffa4f367000 	C:\Users\Hp\.jdks\openjdk-22.0.2\bin\jsvml.dll
0x00007ffa92b80000 - 0x00007ffa92b97000 	C:\Users\Hp\.jdks\openjdk-22.0.2\bin\zip.dll
0x00007ffa9f1f0000 - 0x00007ffa9f200000 	C:\Users\Hp\.jdks\openjdk-22.0.2\bin\net.dll
0x00007ffabd010000 - 0x00007ffabd07b000 	C:\WINDOWS\system32\mswsock.dll
0x00007ffa8aa20000 - 0x00007ffa8aa36000 	C:\Users\Hp\.jdks\openjdk-22.0.2\bin\nio.dll
0x00007ffa9c860000 - 0x00007ffa9c870000 	C:\Users\Hp\.jdks\openjdk-22.0.2\bin\verify.dll
0x00007ffa8a370000 - 0x00007ffa8a397000 	C:\Users\Hp\.gradle\native\1def1411415f61bf3af743bc5b6707747c0891f09f0c88961ee8f79bc544acac\windows-amd64\native-platform.dll
0x00007ffa4f720000 - 0x00007ffa4f798000 	C:\Users\Hp\.gradle\native\0.2.7\x86_64-windows-gnu\gradle-fileevents.dll
0x00007ffa9c280000 - 0x00007ffa9c28a000 	C:\Users\Hp\.jdks\openjdk-22.0.2\bin\management.dll
0x00007ffa9bf50000 - 0x00007ffa9bf5b000 	C:\Users\Hp\.jdks\openjdk-22.0.2\bin\management_ext.dll
0x00007ffac0640000 - 0x00007ffac0648000 	C:\WINDOWS\System32\PSAPI.DLL
0x00007ffabc4c0000 - 0x00007ffabc4f4000 	C:\WINDOWS\SYSTEM32\IPHLPAPI.DLL
0x00007ffac0ae0000 - 0x00007ffac0aea000 	C:\WINDOWS\System32\NSI.dll
0x00007ffa9bd90000 - 0x00007ffa9bd99000 	C:\Users\Hp\.jdks\openjdk-22.0.2\bin\extnet.dll
0x00007ffabd2c0000 - 0x00007ffabd2db000 	C:\WINDOWS\SYSTEM32\CRYPTSP.dll
0x00007ffabc9e0000 - 0x00007ffabca1b000 	C:\WINDOWS\system32\rsaenh.dll
0x00007ffabd0b0000 - 0x00007ffabd0db000 	C:\WINDOWS\SYSTEM32\USERENV.dll
0x00007ffabdbc0000 - 0x00007ffabdbe6000 	C:\WINDOWS\SYSTEM32\bcrypt.dll
0x00007ffabd2e0000 - 0x00007ffabd2ec000 	C:\WINDOWS\SYSTEM32\CRYPTBASE.dll
0x00007ffa98a20000 - 0x00007ffa98a2e000 	C:\Users\Hp\.jdks\openjdk-22.0.2\bin\sunmscapi.dll
0x00007ffabe640000 - 0x00007ffabe7b7000 	C:\WINDOWS\System32\CRYPT32.dll
0x00007ffabd4e0000 - 0x00007ffabd510000 	C:\WINDOWS\SYSTEM32\ncrypt.dll
0x00007ffabd490000 - 0x00007ffabd4cf000 	C:\WINDOWS\SYSTEM32\NTASN1.dll
0x00007ffa7dba0000 - 0x00007ffa7dba8000 	C:\WINDOWS\system32\wshunix.dll

dbghelp: loaded successfully - version: 4.0.5 - missing functions: none
symbol engine: initialized successfully - sym options: 0x614 - pdb path: .;C:\Users\Hp\.jdks\openjdk-22.0.2\bin;C:\WINDOWS\SYSTEM32;C:\WINDOWS\WinSxS\amd64_microsoft.windows.common-controls_6595b64144ccf1df_6.0.26100.6899_none_3e0efeeae32e88c1;C:\Users\Hp\.jdks\openjdk-22.0.2\bin\server;C:\Users\Hp\.gradle\native\1def1411415f61bf3af743bc5b6707747c0891f09f0c88961ee8f79bc544acac\windows-amd64;C:\Users\Hp\.gradle\native\0.2.7\x86_64-windows-gnu

VM Arguments:
jvm_args: --add-opens=java.base/java.lang=ALL-UNNAMED --add-opens=java.base/java.lang.invoke=ALL-UNNAMED --add-opens=java.base/java.util=ALL-UNNAMED --add-opens=java.prefs/java.util.prefs=ALL-UNNAMED --add-exports=jdk.compiler/com.sun.tools.javac.api=ALL-UNNAMED --add-exports=jdk.compiler/com.sun.tools.javac.util=ALL-UNNAMED --add-opens=java.base/java.util=ALL-UNNAMED --add-opens=java.prefs/java.util.prefs=ALL-UNNAMED --add-opens=java.base/java.nio.charset=ALL-UNNAMED --add-opens=java.base/java.net=ALL-UNNAMED --add-opens=java.base/java.util.concurrent.atomic=ALL-UNNAMED --add-opens=java.xml/javax.xml.namespace=ALL-UNNAMED -XX:MaxMetaspaceSize=384m -XX:+HeapDumpOnOutOfMemoryError -Xms256m -Xmx512m -Dfile.encoding=UTF-8 -Duser.country=IN -Duser.language=en -Duser.variant -javaagent:C:\Users\Hp\.gradle\wrapper\dists\gradle-8.14.3-bin\cv11ve7ro1n3o1j4so8xd9n66\gradle-8.14.3\lib\agents\gradle-instrumentation-agent-8.14.3.jar 
java_command: org.gradle.launcher.daemon.bootstrap.GradleDaemon 8.14.3
java_class_path (initial): C:\Users\Hp\.gradle\wrapper\dists\gradle-8.14.3-bin\cv11ve7ro1n3o1j4so8xd9n66\gradle-8.14.3\lib\gradle-daemon-main-8.14.3.jar
Launcher Type: SUN_STANDARD

[Global flags]
     intx CICompilerCount                          = 3                                         {product} {ergonomic}
   size_t CompressedClassSpaceSize                 = 335544320                                 {product} {ergonomic}
     uint ConcGCThreads                            = 1                                         {product} {ergonomic}
     uint G1ConcRefinementThreads                  = 4                                         {product} {ergonomic}
   size_t G1HeapRegionSize                         = 1048576                                   {product} {ergonomic}
     bool HeapDumpOnOutOfMemoryError               = true                                   {manageable} {command line}
   size_t InitialHeapSize                          = 268435456                                 {product} {command line}
   size_t MarkStackSize                            = 4194304                                   {product} {ergonomic}
   size_t MaxHeapSize                              = 536870912                                 {product} {command line}
   size_t MaxMetaspaceSize                         = 402653184                                 {product} {command line}
   size_t MaxNewSize                               = 321912832                                 {product} {ergonomic}
   size_t MinHeapDeltaBytes                        = 1048576                                   {product} {ergonomic}
   size_t MinHeapSize                              = 268435456                                 {product} {command line}
    uintx NonNMethodCodeHeapSize                   = 5832780                                {pd product} {ergonomic}
    uintx NonProfiledCodeHeapSize                  = 122912730                              {pd product} {ergonomic}
    uintx ProfiledCodeHeapSize                     = 122912730                              {pd product} {ergonomic}
    uintx ReservedCodeCacheSize                    = 251658240                              {pd product} {ergonomic}
     bool SegmentedCodeCache                       = true                                      {product} {ergonomic}
   size_t SoftMaxHeapSize                          = 536870912                              {manageable} {ergonomic}
     bool UseCompressedOops                        = true                           {product lp64_product} {ergonomic}
     bool UseG1GC                                  = true                                      {product} {ergonomic}
     bool UseLargePagesIndividualAllocation        = false                                  {pd product} {ergonomic}

Logging:
Log output configuration:
 #0: stdout all=warning uptime,level,tags foldmultilines=false
 #1: stderr all=off uptime,level,tags foldmultilines=false

Environment Variables:
PATH=C:\Program Files\Java\jdk-17\bin;C:\Program Files\Common Files\Oracle\Java\javapath;C:\Program Files (x86)\Common Files\Intel\Shared Files\cpp\bin\Intel64;C:\Program Files\Python310\Scripts\;C:\Program Files\Python310\;C:\WINDOWS\system32;C:\WINDOWS;C:\WINDOWS\System32\Wbem;C:\WINDOWS\System32\WindowsPowerShell\v1.0\;C:\WINDOWS\System32\OpenSSH\;C:\MinGW\bin;C:\Program Files (x86)\Microsoft Visual Studio\Common\Tools\WinNT;C:\Program Files (x86)\Microsoft Visual Studio\Common\MSDev98\Bin;C:\Program Files (x86)\Microsoft Visual Studio\Common\Tools;C:\Program Files (x86)\Microsoft Visual Studio\VC98\bin;C:\Users\Hp\AppData\Local\Microsoft\WindowsApps;C:\Users\Hp\AppData\Local\Programs\Microsoft VS Code\bin;C:\Program Files\JetBrains\IntelliJ IDEA Community Edition 2024.2.1\bin;C:\Program Files\MongoDB\Server\8.0\bin;C:\Users\Hp\Downloads\mongosh-2.5.1-win32-x64;C:\Program Files\MongoDB\mongosh\bin;C:\Users\Hp\Downloads\gradle-8.14.1-bin\gradle-8.14.1\bin;C:\Program Files\Git\cmd;C:\Program Files\Git\mingw64\bin;C:\Program Files\Git\usr\bin;C:\Program Files\Docker\Docker\resources\bin;C:\Program Files\Redis\;C:\WINDOWS\system32;C:\WINDOWS;C:\WINDOWS\System32\Wbem;C:\WINDOWS\System32\WindowsPowerShell\v1.0\;C:\WINDOWS\System32\OpenSSH\;C:\Program Files\Java\jdk-17\bin;C:\Program Files (x86)\Microsoft Visual Studio\Common\Tools\WinNT;C:\Program Files (x86)\Microsoft Visual Studio\Common\MSDev98\Bin;C:\Program Files (x86)\Microsoft Visual Studio\Common\Tools;C:\Program Files (x86)\Microsoft Visual Studio\VC98\bin;C:\Users\Hp\AppData\Local\Microsoft\WindowsApps;C:\Users\Hp\AppData\Local\Programs\Microsoft VS Code\bin;C:\Program Files\JetBrains\IntelliJ IDEA Community Edition 2024.2.1\bin;;C:\Users\Hp\Downloads\gradle-8.14.1-bin\gradle-8.14.1\bin;C:\Program Files\JetBrains\IntelliJ IDEA 2025.2\bin;C:\Users\Hp\AppData\Local\GitHubDesktop\bin;
USERNAME=Hp
OS=Windows_NT
PROCESSOR_IDENTIFIER=Intel64 Family 6 Model 126 Stepping 5, GenuineIntel
TMP=C:\Users\Hp\AppData\Local\Temp
TEMP=C:\Users\Hp\AppData\Local\Temp




Periodic native trim disabled

---------------  S Y S T E M  ---------------

OS:
 Windows 11 , 64 bit Build 26100 (10.0.26100.6725)
OS uptime: 1 days 6:44 hours
Hyper-V role detected

CPU: total 4 (initial active 4) (2 cores per cpu, 2 threads per core) family 6 model 126 stepping 5 microcode 0xa6, cx8, cmov, fxsr, ht, mmx, 3dnowpref, sse, sse2, sse3, ssse3, sse4.1, sse4.2, popcnt, lzcnt, tsc, tscinvbit, avx, avx2, aes, erms, clmul, bmi1, bmi2, adx, avx512f, avx512dq, avx512cd, avx512bw, avx512vl, sha, fma, vzeroupper, avx512_vpopcntdq, avx512_vpclmulqdq, avx512_vaes, avx512_vnni, clflush, clflushopt, avx512_vbmi2, avx512_vbmi, hv, rdtscp, rdpid, fsrm, gfni, avx512_bitalg, f16c, avx512_ifma
Processor Information for all 4 processors :
  Max Mhz: 1190, Current Mhz: 1190, Mhz Limit: 1190

Memory: 4k page, system-wide physical 3877M (175M free)
TotalPageFile size 15653M (AvailPageFile size 2M)
current process WorkingSet (physical memory assigned to process): 198M, peak: 435M
current process commit charge ("private bytes"): 575M, peak: 579M

vm_info: OpenJDK 64-Bit Server VM (22.0.2+9-70) for windows-amd64 JRE (22.0.2+9-70), built on 2024-06-04T16:52:23Z by "mach5one" with MS VC++ 17.6 (VS2022)

END.
