#
# There is insufficient memory for the Java Runtime Environment to continue.
# Native memory allocation (malloc) failed to allocate 1974096 bytes. Error detail: Chunk::new
# Possible reasons:
#   The system is out of physical RAM or swap space
#   This process is running with CompressedOops enabled, and the Java Heap may be blocking the growth of the native heap
# Possible solutions:
#   Reduce memory load on the system
#   Increase physical memory or swap space
#   Check if swap backing store is full
#   Decrease Java heap size (-Xmx/-Xms)
#   Decrease number of Java threads
#   Decrease Java thread stack sizes (-Xss)
#   Set larger code cache with -XX:ReservedCodeCacheSize=
#   JVM is running with Unscaled Compressed Oops mode in which the Java heap is
#     placed in the first 4GB address space. The Java Heap base address is the
#     maximum limit for the native heap growth. Please use -XX:HeapBaseMinAddress
#     to set the Java Heap base and to place the Java Heap above 4GB virtual address.
# This output file may be truncated or incomplete.
#
#  Out of Memory Error (arena.cpp:150), pid=16180, tid=12244
#
# JRE version: OpenJDK Runtime Environment (22.0.2+9) (build 22.0.2+9-70)
# Java VM: OpenJDK 64-Bit Server VM (22.0.2+9-70, mixed mode, sharing, tiered, compressed oops, compressed class ptrs, g1 gc, windows-amd64)
# No core dump will be written. Minidumps are not enabled by default on client versions of Windows
#

---------------  S U M M A R Y ------------

Command Line: --add-opens=java.base/java.lang=ALL-UNNAMED --add-opens=java.base/java.lang.invoke=ALL-UNNAMED --add-opens=java.base/java.util=ALL-UNNAMED --add-opens=java.prefs/java.util.prefs=ALL-UNNAMED --add-exports=jdk.compiler/com.sun.tools.javac.api=ALL-UNNAMED --add-exports=jdk.compiler/com.sun.tools.javac.util=ALL-UNNAMED --add-opens=java.base/java.util=ALL-UNNAMED --add-opens=java.prefs/java.util.prefs=ALL-UNNAMED --add-opens=java.base/java.nio.charset=ALL-UNNAMED --add-opens=java.base/java.net=ALL-UNNAMED --add-opens=java.base/java.util.concurrent.atomic=ALL-UNNAMED --add-opens=java.xml/javax.xml.namespace=ALL-UNNAMED -XX:MaxMetaspaceSize=384m -XX:+HeapDumpOnOutOfMemoryError -Xms256m -Xmx512m -Dfile.encoding=UTF-8 -Duser.country=IN -Duser.language=en -Duser.variant -javaagent:C:\Users\Hp\.gradle\wrapper\dists\gradle-8.14.3-bin\cv11ve7ro1n3o1j4so8xd9n66\gradle-8.14.3\lib\agents\gradle-instrumentation-agent-8.14.3.jar org.gradle.launcher.daemon.bootstrap.GradleDaemon 8.14.3

Host: Intel(R) Core(TM) i3-1005G1 CPU @ 1.20GHz, 4 cores, 3G,  Windows 11 , 64 bit Build 22621 (10.0.22621.5415)
Time: Wed Sep 24 12:18:35 2025 India Standard Time elapsed time: 23.324168 seconds (0d 0h 0m 23s)

---------------  T H R E A D  ---------------

Current thread (0x0000012248000080):  JavaThread "C2 CompilerThread0" daemon [_thread_in_native, id=12244, stack(0x0000001190200000,0x0000001190300000) (1024K)]


Current CompileTask:
C2:23324 3601   !   4       java.net.URLClassLoader::findClass (47 bytes)

Stack: [0x0000001190200000,0x0000001190300000]
Native frames: (J=compiled Java code, j=interpreted, Vv=VM code, C=native code)
V  [jvm.dll+0x6e26e9]  (no source info available)
V  [jvm.dll+0x875753]  (no source info available)
V  [jvm.dll+0x877b7e]  (no source info available)
V  [jvm.dll+0x878253]  (no source info available)
V  [jvm.dll+0x27fc86]  (no source info available)
V  [jvm.dll+0xc3d0f]  (no source info available)
V  [jvm.dll+0xc3f6b]  (no source info available)
V  [jvm.dll+0x3bb442]  (no source info available)
V  [jvm.dll+0x387d4b]  (no source info available)
V  [jvm.dll+0x3871ba]  (no source info available)
V  [jvm.dll+0x2477f8]  (no source info available)
V  [jvm.dll+0x246e9f]  (no source info available)
V  [jvm.dll+0x1c4e80]  (no source info available)
V  [jvm.dll+0x2568f3]  (no source info available)
V  [jvm.dll+0x254baa]  (no source info available)
V  [jvm.dll+0x3f57a6]  (no source info available)
V  [jvm.dll+0x81dc0b]  (no source info available)
V  [jvm.dll+0x6e0d85]  (no source info available)
C  [ucrtbase.dll+0x29333]  (no source info available)
C  [KERNEL32.DLL+0x1259d]  (no source info available)
C  [ntdll.dll+0x5af78]  (no source info available)


---------------  P R O C E S S  ---------------

Threads class SMR info:
_java_thread_list=0x000001224a135680, length=30, elements={
0x00000122127a4f90, 0x000001222eb12f10, 0x000001222eb13c60, 0x000001222eb177a0,
0x000001222eb184f0, 0x000001222eb1b050, 0x000001222eb1bba0, 0x0000012248000080,
0x0000012248002750, 0x000001222ead69a0, 0x0000012248277460, 0x00000122482ce700,
0x0000012248cdea00, 0x000001224827e460, 0x0000012248f43790, 0x000001224827f4f0,
0x0000012249a47f70, 0x0000012249155680, 0x0000012249155d10, 0x0000012249154960,
0x00000122491535b0, 0x0000012249152f20, 0x0000012249154ff0, 0x00000122491563a0,
0x00000122491542d0, 0x000001224a22f490, 0x000001224a22e0e0, 0x000001224a230840,
0x000001224a22ee00, 0x000001224a230ed0
}

Java Threads: ( => current thread )
  0x00000122127a4f90 JavaThread "main"                              [_thread_blocked, id=7536, stack(0x000000118f400000,0x000000118f500000) (1024K)]
  0x000001222eb12f10 JavaThread "Reference Handler"          daemon [_thread_blocked, id=18488, stack(0x000000118fc00000,0x000000118fd00000) (1024K)]
  0x000001222eb13c60 JavaThread "Finalizer"                  daemon [_thread_blocked, id=376, stack(0x000000118fd00000,0x000000118fe00000) (1024K)]
  0x000001222eb177a0 JavaThread "Signal Dispatcher"          daemon [_thread_blocked, id=18112, stack(0x000000118fe00000,0x000000118ff00000) (1024K)]
  0x000001222eb184f0 JavaThread "Attach Listener"            daemon [_thread_blocked, id=10348, stack(0x000000118ff00000,0x0000001190000000) (1024K)]
  0x000001222eb1b050 JavaThread "Service Thread"             daemon [_thread_blocked, id=15008, stack(0x0000001190000000,0x0000001190100000) (1024K)]
  0x000001222eb1bba0 JavaThread "Monitor Deflation Thread"   daemon [_thread_blocked, id=668, stack(0x0000001190100000,0x0000001190200000) (1024K)]
=>0x0000012248000080 JavaThread "C2 CompilerThread0"         daemon [_thread_in_native, id=12244, stack(0x0000001190200000,0x0000001190300000) (1024K)]
  0x0000012248002750 JavaThread "C1 CompilerThread0"         daemon [_thread_blocked, id=17476, stack(0x0000001190300000,0x0000001190400000) (1024K)]
  0x000001222ead69a0 JavaThread "Common-Cleaner"             daemon [_thread_blocked, id=5048, stack(0x0000001190400000,0x0000001190500000) (1024K)]
  0x0000012248277460 JavaThread "Notification Thread"        daemon [_thread_blocked, id=6000, stack(0x0000001190500000,0x0000001190600000) (1024K)]
  0x00000122482ce700 JavaThread "Daemon health stats"               [_thread_blocked, id=2400, stack(0x0000001190900000,0x0000001190a00000) (1024K)]
  0x0000012248cdea00 JavaThread "Incoming local TCP Connector on port 54843"        [_thread_in_native, id=10432, stack(0x0000001190a00000,0x0000001190b00000) (1024K)]
  0x000001224827e460 JavaThread "Daemon periodic checks"            [_thread_blocked, id=16700, stack(0x0000001190b00000,0x0000001190c00000) (1024K)]
  0x0000012248f43790 JavaThread "Daemon"                            [_thread_blocked, id=7632, stack(0x0000001190c00000,0x0000001190d00000) (1024K)]
  0x000001224827f4f0 JavaThread "Handler for socket connection from /127.0.0.1:54843 to /127.0.0.1:54844"        [_thread_in_native, id=19600, stack(0x0000001190d00000,0x0000001190e00000) (1024K)]
  0x0000012249a47f70 JavaThread "Cancel handler"                    [_thread_blocked, id=15044, stack(0x0000001190e00000,0x0000001190f00000) (1024K)]
  0x0000012249155680 JavaThread "Daemon worker"                     [_thread_in_vm, id=16808, stack(0x0000001190f00000,0x0000001191000000) (1024K)]
  0x0000012249155d10 JavaThread "Asynchronous log dispatcher for DefaultDaemonConnection: socket connection from /127.0.0.1:54843 to /127.0.0.1:54844"        [_thread_blocked, id=15348, stack(0x0000001191000000,0x0000001191100000) (1024K)]
  0x0000012249154960 JavaThread "Stdin handler"                     [_thread_blocked, id=18196, stack(0x0000001191100000,0x0000001191200000) (1024K)]
  0x00000122491535b0 JavaThread "Daemon client event forwarder"        [_thread_blocked, id=8384, stack(0x0000001191200000,0x0000001191300000) (1024K)]
  0x0000012249152f20 JavaThread "Cache worker for journal cache (C:\Users\Hp\.gradle\caches\journal-1)"        [_thread_blocked, id=12480, stack(0x0000001191300000,0x0000001191400000) (1024K)]
  0x0000012249154ff0 JavaThread "File lock request listener"        [_thread_in_native, id=11852, stack(0x0000001191400000,0x0000001191500000) (1024K)]
  0x00000122491563a0 JavaThread "Cache worker for file hash cache (C:\Users\Hp\.gradle\caches\8.14.3\fileHashes)"        [_thread_blocked, id=19080, stack(0x0000001191500000,0x0000001191600000) (1024K)]
  0x00000122491542d0 JavaThread "Cache worker for file hash cache (D:\UBER BACKEND PROJECT\UberProject_Location\.gradle\8.14.3\fileHashes)"        [_thread_blocked, id=6528, stack(0x0000001191600000,0x0000001191700000) (1024K)]
  0x000001224a22f490 JavaThread "Cache worker for Build Output Cleanup Cache (D:\UBER BACKEND PROJECT\UberProject_Location\.gradle\buildOutputCleanup)"        [_thread_blocked, id=20356, stack(0x0000001191700000,0x0000001191800000) (1024K)]
  0x000001224a22e0e0 JavaThread "File watcher server"        daemon [_thread_in_native, id=3988, stack(0x0000001191800000,0x0000001191900000) (1024K)]
  0x000001224a230840 JavaThread "File watcher consumer"      daemon [_thread_blocked, id=16168, stack(0x0000001191900000,0x0000001191a00000) (1024K)]
  0x000001224a22ee00 JavaThread "jar transforms"                    [_thread_blocked, id=12668, stack(0x0000001191a00000,0x0000001191b00000) (1024K)]
  0x000001224a230ed0 JavaThread "jar transforms Thread 2"           [_thread_blocked, id=17448, stack(0x0000001191b00000,0x0000001191c00000) (1024K)]
Total: 30

Other Threads:
  0x000001222eae8360 VMThread "VM Thread"                           [id=13188, stack(0x000000118fb00000,0x000000118fc00000) (1024K)]
  0x000001222ead5ad0 WatcherThread "VM Periodic Task Thread"        [id=17660, stack(0x000000118fa00000,0x000000118fb00000) (1024K)]
  0x000001221298d110 WorkerThread "GC Thread#0"                     [id=16484, stack(0x000000118f500000,0x000000118f600000) (1024K)]
  0x000001224830b700 WorkerThread "GC Thread#1"                     [id=6460, stack(0x0000001190600000,0x0000001190700000) (1024K)]
  0x000001224830bab0 WorkerThread "GC Thread#2"                     [id=4412, stack(0x0000001190700000,0x0000001190800000) (1024K)]
  0x000001224830be60 WorkerThread "GC Thread#3"                     [id=8664, stack(0x0000001190800000,0x0000001190900000) (1024K)]
  0x00000122129922b0 ConcurrentGCThread "G1 Main Marker"            [id=11616, stack(0x000000118f600000,0x000000118f700000) (1024K)]
  0x0000012212992dc0 WorkerThread "G1 Conc#0"                       [id=8856, stack(0x000000118f700000,0x000000118f800000) (1024K)]
  0x000001222e9a95f0 ConcurrentGCThread "G1 Refine#0"               [id=9968, stack(0x000000118f800000,0x000000118f900000) (1024K)]
  0x000001222e9aa080 ConcurrentGCThread "G1 Service"                [id=9188, stack(0x000000118f900000,0x000000118fa00000) (1024K)]
Total: 10

Threads with active compile tasks:
C2 CompilerThread0  23644 3601   !   4       java.net.URLClassLoader::findClass (47 bytes)
C1 CompilerThread0  23644 3632       3       java.lang.Class::getMethod (59 bytes)
Total: 2

VM state: not at safepoint (normal execution)

VM Mutex/Monitor currently owned by a thread:  ([mutex/lock_event])
[0x00007ffd1575b700] MethodCompileQueue_lock - owner thread: 0x0000012248002750
[0x00007ffd1575cc00] Compile_lock - owner thread: 0x0000012248002750

Heap address: 0x00000000e0000000, size: 512 MB, Compressed Oops mode: 32-bit

CDS archive(s) mapped at: [0x000001222f000000-0x000001222fc60000-0x000001222fc60000), size 12976128, SharedBaseAddress: 0x000001222f000000, ArchiveRelocationMode: 1.
Compressed class space mapped at: 0x0000012230000000-0x0000012244000000, reserved size: 335544320
Narrow klass base: 0x000001222f000000, Narrow klass shift: 0, Narrow klass range: 0x15000000

GC Precious Log:
 CardTable entry size: 512
 Card Set container configuration: InlinePtr #cards 5 size 8 Array Of Cards #cards 12 size 40 Howl #buckets 4 coarsen threshold 1843 Howl Bitmap #cards 512 size 80 coarsen threshold 460 Card regions per heap region 1 cards per card region 2048
 CPUs: 4 total, 4 available
 Memory: 3877M
 Large Page Support: Disabled
 NUMA Support: Disabled
 Compressed Oops: Enabled (32-bit)
 Heap Region Size: 1M
 Heap Min Capacity: 256M
 Heap Initial Capacity: 256M
 Heap Max Capacity: 512M
 Pre-touch: Disabled
 Parallel Workers: 4
 Concurrent Workers: 1
 Concurrent Refinement Workers: 4
 Periodic GC: Disabled

Heap:
 garbage-first heap   total reserved 524288K, committed 262144K, used 74744K [0x00000000e0000000, 0x0000000100000000)
  region size 1024K, 51 young (52224K), 2 survivors (2048K)
 Metaspace       used 27460K, committed 28480K, reserved 393216K
  class space    used 4197K, committed 4672K, reserved 327680K

Heap Regions: E=young(eden), S=young(survivor), O=old, HS=humongous(starts), HC=humongous(continues), CS=collection set, F=free, TAMS=top-at-mark-start, PB=parsable bottom
|   0|0x00000000e0000000, 0x00000000e0100000, 0x00000000e0100000|100%|HS|  |TAMS 0x00000000e0000000| PB 0x00000000e0000000| Complete |  0
|   1|0x00000000e0100000, 0x00000000e0200000, 0x00000000e0200000|100%|HC|  |TAMS 0x00000000e0100000| PB 0x00000000e0100000| Complete |  0
|   2|0x00000000e0200000, 0x00000000e0300000, 0x00000000e0300000|100%|HC|  |TAMS 0x00000000e0200000| PB 0x00000000e0200000| Complete |  0
|   3|0x00000000e0300000, 0x00000000e0400000, 0x00000000e0400000|100%| O|  |TAMS 0x00000000e0300000| PB 0x00000000e0300000| Untracked |  0
|   4|0x00000000e0400000, 0x00000000e0500000, 0x00000000e0500000|100%| O|  |TAMS 0x00000000e0400000| PB 0x00000000e0400000| Untracked |  0
|   5|0x00000000e0500000, 0x00000000e0600000, 0x00000000e0600000|100%| O|  |TAMS 0x00000000e0500000| PB 0x00000000e0500000| Untracked |  0
|   6|0x00000000e0600000, 0x00000000e0700000, 0x00000000e0700000|100%| O|  |TAMS 0x00000000e0600000| PB 0x00000000e0600000| Untracked |  0
|   7|0x00000000e0700000, 0x00000000e0800000, 0x00000000e0800000|100%|HS|  |TAMS 0x00000000e0700000| PB 0x00000000e0700000| Complete |  0
|   8|0x00000000e0800000, 0x00000000e0900000, 0x00000000e0900000|100%| O|  |TAMS 0x00000000e0800000| PB 0x00000000e0800000| Untracked |  0
|   9|0x00000000e0900000, 0x00000000e0a00000, 0x00000000e0a00000|100%| O|  |TAMS 0x00000000e0900000| PB 0x00000000e0900000| Untracked |  0
|  10|0x00000000e0a00000, 0x00000000e0b00000, 0x00000000e0b00000|100%| O|  |TAMS 0x00000000e0a00000| PB 0x00000000e0a00000| Untracked |  0
|  11|0x00000000e0b00000, 0x00000000e0c00000, 0x00000000e0c00000|100%| O|  |TAMS 0x00000000e0b00000| PB 0x00000000e0b00000| Untracked |  0
|  12|0x00000000e0c00000, 0x00000000e0d00000, 0x00000000e0d00000|100%| O|  |TAMS 0x00000000e0c00000| PB 0x00000000e0c00000| Untracked |  0
|  13|0x00000000e0d00000, 0x00000000e0e00000, 0x00000000e0e00000|100%| O|  |TAMS 0x00000000e0d00000| PB 0x00000000e0d00000| Untracked |  0
|  14|0x00000000e0e00000, 0x00000000e0f00000, 0x00000000e0f00000|100%| O|  |TAMS 0x00000000e0e00000| PB 0x00000000e0e00000| Untracked |  0
|  15|0x00000000e0f00000, 0x00000000e1000000, 0x00000000e1000000|100%| O|  |TAMS 0x00000000e0f00000| PB 0x00000000e0f00000| Untracked |  0
|  16|0x00000000e1000000, 0x00000000e1100000, 0x00000000e1100000|100%| O|  |TAMS 0x00000000e1000000| PB 0x00000000e1000000| Untracked |  0
|  17|0x00000000e1100000, 0x00000000e1200000, 0x00000000e1200000|100%| O|  |TAMS 0x00000000e1100000| PB 0x00000000e1100000| Untracked |  0
|  18|0x00000000e1200000, 0x00000000e1300000, 0x00000000e1300000|100%| O|  |TAMS 0x00000000e1200000| PB 0x00000000e1200000| Untracked |  0
|  19|0x00000000e1300000, 0x00000000e1400000, 0x00000000e1400000|100%| O|  |TAMS 0x00000000e1300000| PB 0x00000000e1300000| Untracked |  0
|  20|0x00000000e1400000, 0x00000000e1500000, 0x00000000e1500000|100%| O|  |TAMS 0x00000000e1400000| PB 0x00000000e1400000| Untracked |  0
|  21|0x00000000e1500000, 0x00000000e1600000, 0x00000000e1600000|100%| O|  |TAMS 0x00000000e1500000| PB 0x00000000e1500000| Untracked |  0
|  22|0x00000000e1600000, 0x00000000e16fe000, 0x00000000e1700000| 99%| O|  |TAMS 0x00000000e1600000| PB 0x00000000e1600000| Untracked |  0
|  23|0x00000000e1700000, 0x00000000e1700000, 0x00000000e1800000|  0%| F|  |TAMS 0x00000000e1700000| PB 0x00000000e1700000| Untracked |  0
|  24|0x00000000e1800000, 0x00000000e1800000, 0x00000000e1900000|  0%| F|  |TAMS 0x00000000e1800000| PB 0x00000000e1800000| Untracked |  0
|  25|0x00000000e1900000, 0x00000000e1900000, 0x00000000e1a00000|  0%| F|  |TAMS 0x00000000e1900000| PB 0x00000000e1900000| Untracked |  0
|  26|0x00000000e1a00000, 0x00000000e1a00000, 0x00000000e1b00000|  0%| F|  |TAMS 0x00000000e1a00000| PB 0x00000000e1a00000| Untracked |  0
|  27|0x00000000e1b00000, 0x00000000e1b00000, 0x00000000e1c00000|  0%| F|  |TAMS 0x00000000e1b00000| PB 0x00000000e1b00000| Untracked |  0
|  28|0x00000000e1c00000, 0x00000000e1c00000, 0x00000000e1d00000|  0%| F|  |TAMS 0x00000000e1c00000| PB 0x00000000e1c00000| Untracked |  0
|  29|0x00000000e1d00000, 0x00000000e1d00000, 0x00000000e1e00000|  0%| F|  |TAMS 0x00000000e1d00000| PB 0x00000000e1d00000| Untracked |  0
|  30|0x00000000e1e00000, 0x00000000e1e00000, 0x00000000e1f00000|  0%| F|  |TAMS 0x00000000e1e00000| PB 0x00000000e1e00000| Untracked |  0
|  31|0x00000000e1f00000, 0x00000000e1f00000, 0x00000000e2000000|  0%| F|  |TAMS 0x00000000e1f00000| PB 0x00000000e1f00000| Untracked |  0
|  32|0x00000000e2000000, 0x00000000e2000000, 0x00000000e2100000|  0%| F|  |TAMS 0x00000000e2000000| PB 0x00000000e2000000| Untracked |  0
|  33|0x00000000e2100000, 0x00000000e2100000, 0x00000000e2200000|  0%| F|  |TAMS 0x00000000e2100000| PB 0x00000000e2100000| Untracked |  0
|  34|0x00000000e2200000, 0x00000000e2200000, 0x00000000e2300000|  0%| F|  |TAMS 0x00000000e2200000| PB 0x00000000e2200000| Untracked |  0
|  35|0x00000000e2300000, 0x00000000e2300000, 0x00000000e2400000|  0%| F|  |TAMS 0x00000000e2300000| PB 0x00000000e2300000| Untracked |  0
|  36|0x00000000e2400000, 0x00000000e2400000, 0x00000000e2500000|  0%| F|  |TAMS 0x00000000e2400000| PB 0x00000000e2400000| Untracked |  0
|  37|0x00000000e2500000, 0x00000000e2500000, 0x00000000e2600000|  0%| F|  |TAMS 0x00000000e2500000| PB 0x00000000e2500000| Untracked |  0
|  38|0x00000000e2600000, 0x00000000e2600000, 0x00000000e2700000|  0%| F|  |TAMS 0x00000000e2600000| PB 0x00000000e2600000| Untracked |  0
|  39|0x00000000e2700000, 0x00000000e2700000, 0x00000000e2800000|  0%| F|  |TAMS 0x00000000e2700000| PB 0x00000000e2700000| Untracked |  0
|  40|0x00000000e2800000, 0x00000000e2800000, 0x00000000e2900000|  0%| F|  |TAMS 0x00000000e2800000| PB 0x00000000e2800000| Untracked |  0
|  41|0x00000000e2900000, 0x00000000e2900000, 0x00000000e2a00000|  0%| F|  |TAMS 0x00000000e2900000| PB 0x00000000e2900000| Untracked |  0
|  42|0x00000000e2a00000, 0x00000000e2a00000, 0x00000000e2b00000|  0%| F|  |TAMS 0x00000000e2a00000| PB 0x00000000e2a00000| Untracked |  0
|  43|0x00000000e2b00000, 0x00000000e2b00000, 0x00000000e2c00000|  0%| F|  |TAMS 0x00000000e2b00000| PB 0x00000000e2b00000| Untracked |  0
|  44|0x00000000e2c00000, 0x00000000e2c00000, 0x00000000e2d00000|  0%| F|  |TAMS 0x00000000e2c00000| PB 0x00000000e2c00000| Untracked |  0
|  45|0x00000000e2d00000, 0x00000000e2d00000, 0x00000000e2e00000|  0%| F|  |TAMS 0x00000000e2d00000| PB 0x00000000e2d00000| Untracked |  0
|  46|0x00000000e2e00000, 0x00000000e2e00000, 0x00000000e2f00000|  0%| F|  |TAMS 0x00000000e2e00000| PB 0x00000000e2e00000| Untracked |  0
|  47|0x00000000e2f00000, 0x00000000e2f00000, 0x00000000e3000000|  0%| F|  |TAMS 0x00000000e2f00000| PB 0x00000000e2f00000| Untracked |  0
|  48|0x00000000e3000000, 0x00000000e3000000, 0x00000000e3100000|  0%| F|  |TAMS 0x00000000e3000000| PB 0x00000000e3000000| Untracked |  0
|  49|0x00000000e3100000, 0x00000000e3100000, 0x00000000e3200000|  0%| F|  |TAMS 0x00000000e3100000| PB 0x00000000e3100000| Untracked |  0
|  50|0x00000000e3200000, 0x00000000e3200000, 0x00000000e3300000|  0%| F|  |TAMS 0x00000000e3200000| PB 0x00000000e3200000| Untracked |  0
|  51|0x00000000e3300000, 0x00000000e3300000, 0x00000000e3400000|  0%| F|  |TAMS 0x00000000e3300000| PB 0x00000000e3300000| Untracked |  0
|  52|0x00000000e3400000, 0x00000000e3400000, 0x00000000e3500000|  0%| F|  |TAMS 0x00000000e3400000| PB 0x00000000e3400000| Untracked |  0
|  53|0x00000000e3500000, 0x00000000e3500000, 0x00000000e3600000|  0%| F|  |TAMS 0x00000000e3500000| PB 0x00000000e3500000| Untracked |  0
|  54|0x00000000e3600000, 0x00000000e3600000, 0x00000000e3700000|  0%| F|  |TAMS 0x00000000e3600000| PB 0x00000000e3600000| Untracked |  0
|  55|0x00000000e3700000, 0x00000000e3700000, 0x00000000e3800000|  0%| F|  |TAMS 0x00000000e3700000| PB 0x00000000e3700000| Untracked |  0
|  56|0x00000000e3800000, 0x00000000e3800000, 0x00000000e3900000|  0%| F|  |TAMS 0x00000000e3800000| PB 0x00000000e3800000| Untracked |  0
|  57|0x00000000e3900000, 0x00000000e3900000, 0x00000000e3a00000|  0%| F|  |TAMS 0x00000000e3900000| PB 0x00000000e3900000| Untracked |  0
|  58|0x00000000e3a00000, 0x00000000e3a00000, 0x00000000e3b00000|  0%| F|  |TAMS 0x00000000e3a00000| PB 0x00000000e3a00000| Untracked |  0
|  59|0x00000000e3b00000, 0x00000000e3b00000, 0x00000000e3c00000|  0%| F|  |TAMS 0x00000000e3b00000| PB 0x00000000e3b00000| Untracked |  0
|  60|0x00000000e3c00000, 0x00000000e3c00000, 0x00000000e3d00000|  0%| F|  |TAMS 0x00000000e3c00000| PB 0x00000000e3c00000| Untracked |  0
|  61|0x00000000e3d00000, 0x00000000e3d00000, 0x00000000e3e00000|  0%| F|  |TAMS 0x00000000e3d00000| PB 0x00000000e3d00000| Untracked |  0
|  62|0x00000000e3e00000, 0x00000000e3e00000, 0x00000000e3f00000|  0%| F|  |TAMS 0x00000000e3e00000| PB 0x00000000e3e00000| Untracked |  0
|  63|0x00000000e3f00000, 0x00000000e3f00000, 0x00000000e4000000|  0%| F|  |TAMS 0x00000000e3f00000| PB 0x00000000e3f00000| Untracked |  0
|  64|0x00000000e4000000, 0x00000000e4000000, 0x00000000e4100000|  0%| F|  |TAMS 0x00000000e4000000| PB 0x00000000e4000000| Untracked |  0
|  65|0x00000000e4100000, 0x00000000e4100000, 0x00000000e4200000|  0%| F|  |TAMS 0x00000000e4100000| PB 0x00000000e4100000| Untracked |  0
|  66|0x00000000e4200000, 0x00000000e4200000, 0x00000000e4300000|  0%| F|  |TAMS 0x00000000e4200000| PB 0x00000000e4200000| Untracked |  0
|  67|0x00000000e4300000, 0x00000000e4300000, 0x00000000e4400000|  0%| F|  |TAMS 0x00000000e4300000| PB 0x00000000e4300000| Untracked |  0
|  68|0x00000000e4400000, 0x00000000e4400000, 0x00000000e4500000|  0%| F|  |TAMS 0x00000000e4400000| PB 0x00000000e4400000| Untracked |  0
|  69|0x00000000e4500000, 0x00000000e4500000, 0x00000000e4600000|  0%| F|  |TAMS 0x00000000e4500000| PB 0x00000000e4500000| Untracked |  0
|  70|0x00000000e4600000, 0x00000000e4600000, 0x00000000e4700000|  0%| F|  |TAMS 0x00000000e4600000| PB 0x00000000e4600000| Untracked |  0
|  71|0x00000000e4700000, 0x00000000e4700000, 0x00000000e4800000|  0%| F|  |TAMS 0x00000000e4700000| PB 0x00000000e4700000| Untracked |  0
|  72|0x00000000e4800000, 0x00000000e4800000, 0x00000000e4900000|  0%| F|  |TAMS 0x00000000e4800000| PB 0x00000000e4800000| Untracked |  0
|  73|0x00000000e4900000, 0x00000000e4900000, 0x00000000e4a00000|  0%| F|  |TAMS 0x00000000e4900000| PB 0x00000000e4900000| Untracked |  0
|  74|0x00000000e4a00000, 0x00000000e4a00000, 0x00000000e4b00000|  0%| F|  |TAMS 0x00000000e4a00000| PB 0x00000000e4a00000| Untracked |  0
|  75|0x00000000e4b00000, 0x00000000e4b00000, 0x00000000e4c00000|  0%| F|  |TAMS 0x00000000e4b00000| PB 0x00000000e4b00000| Untracked |  0
|  76|0x00000000e4c00000, 0x00000000e4c00000, 0x00000000e4d00000|  0%| F|  |TAMS 0x00000000e4c00000| PB 0x00000000e4c00000| Untracked |  0
|  77|0x00000000e4d00000, 0x00000000e4d00000, 0x00000000e4e00000|  0%| F|  |TAMS 0x00000000e4d00000| PB 0x00000000e4d00000| Untracked |  0
|  78|0x00000000e4e00000, 0x00000000e4e00000, 0x00000000e4f00000|  0%| F|  |TAMS 0x00000000e4e00000| PB 0x00000000e4e00000| Untracked |  0
|  79|0x00000000e4f00000, 0x00000000e4f00000, 0x00000000e5000000|  0%| F|  |TAMS 0x00000000e4f00000| PB 0x00000000e4f00000| Untracked |  0
|  80|0x00000000e5000000, 0x00000000e5000000, 0x00000000e5100000|  0%| F|  |TAMS 0x00000000e5000000| PB 0x00000000e5000000| Untracked |  0
|  81|0x00000000e5100000, 0x00000000e5100000, 0x00000000e5200000|  0%| F|  |TAMS 0x00000000e5100000| PB 0x00000000e5100000| Untracked |  0
|  82|0x00000000e5200000, 0x00000000e5200000, 0x00000000e5300000|  0%| F|  |TAMS 0x00000000e5200000| PB 0x00000000e5200000| Untracked |  0
|  83|0x00000000e5300000, 0x00000000e5300000, 0x00000000e5400000|  0%| F|  |TAMS 0x00000000e5300000| PB 0x00000000e5300000| Untracked |  0
|  84|0x00000000e5400000, 0x00000000e5400000, 0x00000000e5500000|  0%| F|  |TAMS 0x00000000e5400000| PB 0x00000000e5400000| Untracked |  0
|  85|0x00000000e5500000, 0x00000000e5500000, 0x00000000e5600000|  0%| F|  |TAMS 0x00000000e5500000| PB 0x00000000e5500000| Untracked |  0
|  86|0x00000000e5600000, 0x00000000e5600000, 0x00000000e5700000|  0%| F|  |TAMS 0x00000000e5600000| PB 0x00000000e5600000| Untracked |  0
|  87|0x00000000e5700000, 0x00000000e5700000, 0x00000000e5800000|  0%| F|  |TAMS 0x00000000e5700000| PB 0x00000000e5700000| Untracked |  0
|  88|0x00000000e5800000, 0x00000000e5800000, 0x00000000e5900000|  0%| F|  |TAMS 0x00000000e5800000| PB 0x00000000e5800000| Untracked |  0
|  89|0x00000000e5900000, 0x00000000e5900000, 0x00000000e5a00000|  0%| F|  |TAMS 0x00000000e5900000| PB 0x00000000e5900000| Untracked |  0
|  90|0x00000000e5a00000, 0x00000000e5a00000, 0x00000000e5b00000|  0%| F|  |TAMS 0x00000000e5a00000| PB 0x00000000e5a00000| Untracked |  0
|  91|0x00000000e5b00000, 0x00000000e5b00000, 0x00000000e5c00000|  0%| F|  |TAMS 0x00000000e5b00000| PB 0x00000000e5b00000| Untracked |  0
|  92|0x00000000e5c00000, 0x00000000e5c00000, 0x00000000e5d00000|  0%| F|  |TAMS 0x00000000e5c00000| PB 0x00000000e5c00000| Untracked |  0
|  93|0x00000000e5d00000, 0x00000000e5d00000, 0x00000000e5e00000|  0%| F|  |TAMS 0x00000000e5d00000| PB 0x00000000e5d00000| Untracked |  0
|  94|0x00000000e5e00000, 0x00000000e5e00000, 0x00000000e5f00000|  0%| F|  |TAMS 0x00000000e5e00000| PB 0x00000000e5e00000| Untracked |  0
|  95|0x00000000e5f00000, 0x00000000e5f00000, 0x00000000e6000000|  0%| F|  |TAMS 0x00000000e5f00000| PB 0x00000000e5f00000| Untracked |  0
|  96|0x00000000e6000000, 0x00000000e6000000, 0x00000000e6100000|  0%| F|  |TAMS 0x00000000e6000000| PB 0x00000000e6000000| Untracked |  0
|  97|0x00000000e6100000, 0x00000000e6100000, 0x00000000e6200000|  0%| F|  |TAMS 0x00000000e6100000| PB 0x00000000e6100000| Untracked |  0
|  98|0x00000000e6200000, 0x00000000e6200000, 0x00000000e6300000|  0%| F|  |TAMS 0x00000000e6200000| PB 0x00000000e6200000| Untracked |  0
|  99|0x00000000e6300000, 0x00000000e6300000, 0x00000000e6400000|  0%| F|  |TAMS 0x00000000e6300000| PB 0x00000000e6300000| Untracked |  0
| 100|0x00000000e6400000, 0x00000000e6400000, 0x00000000e6500000|  0%| F|  |TAMS 0x00000000e6400000| PB 0x00000000e6400000| Untracked |  0
| 101|0x00000000e6500000, 0x00000000e6500000, 0x00000000e6600000|  0%| F|  |TAMS 0x00000000e6500000| PB 0x00000000e6500000| Untracked |  0
| 102|0x00000000e6600000, 0x00000000e6600000, 0x00000000e6700000|  0%| F|  |TAMS 0x00000000e6600000| PB 0x00000000e6600000| Untracked |  0
| 103|0x00000000e6700000, 0x00000000e6700000, 0x00000000e6800000|  0%| F|  |TAMS 0x00000000e6700000| PB 0x00000000e6700000| Untracked |  0
| 104|0x00000000e6800000, 0x00000000e6800000, 0x00000000e6900000|  0%| F|  |TAMS 0x00000000e6800000| PB 0x00000000e6800000| Untracked |  0
| 105|0x00000000e6900000, 0x00000000e6900000, 0x00000000e6a00000|  0%| F|  |TAMS 0x00000000e6900000| PB 0x00000000e6900000| Untracked |  0
| 106|0x00000000e6a00000, 0x00000000e6a00000, 0x00000000e6b00000|  0%| F|  |TAMS 0x00000000e6a00000| PB 0x00000000e6a00000| Untracked |  0
| 107|0x00000000e6b00000, 0x00000000e6b00000, 0x00000000e6c00000|  0%| F|  |TAMS 0x00000000e6b00000| PB 0x00000000e6b00000| Untracked |  0
| 108|0x00000000e6c00000, 0x00000000e6c00000, 0x00000000e6d00000|  0%| F|  |TAMS 0x00000000e6c00000| PB 0x00000000e6c00000| Untracked |  0
| 109|0x00000000e6d00000, 0x00000000e6d00000, 0x00000000e6e00000|  0%| F|  |TAMS 0x00000000e6d00000| PB 0x00000000e6d00000| Untracked |  0
| 110|0x00000000e6e00000, 0x00000000e6e00000, 0x00000000e6f00000|  0%| F|  |TAMS 0x00000000e6e00000| PB 0x00000000e6e00000| Untracked |  0
| 111|0x00000000e6f00000, 0x00000000e6f00000, 0x00000000e7000000|  0%| F|  |TAMS 0x00000000e6f00000| PB 0x00000000e6f00000| Untracked |  0
| 112|0x00000000e7000000, 0x00000000e7000000, 0x00000000e7100000|  0%| F|  |TAMS 0x00000000e7000000| PB 0x00000000e7000000| Untracked |  0
| 113|0x00000000e7100000, 0x00000000e7100000, 0x00000000e7200000|  0%| F|  |TAMS 0x00000000e7100000| PB 0x00000000e7100000| Untracked |  0
| 114|0x00000000e7200000, 0x00000000e7200000, 0x00000000e7300000|  0%| F|  |TAMS 0x00000000e7200000| PB 0x00000000e7200000| Untracked |  0
| 115|0x00000000e7300000, 0x00000000e7300000, 0x00000000e7400000|  0%| F|  |TAMS 0x00000000e7300000| PB 0x00000000e7300000| Untracked |  0
| 116|0x00000000e7400000, 0x00000000e7400000, 0x00000000e7500000|  0%| F|  |TAMS 0x00000000e7400000| PB 0x00000000e7400000| Untracked |  0
| 117|0x00000000e7500000, 0x00000000e7500000, 0x00000000e7600000|  0%| F|  |TAMS 0x00000000e7500000| PB 0x00000000e7500000| Untracked |  0
| 118|0x00000000e7600000, 0x00000000e7600000, 0x00000000e7700000|  0%| F|  |TAMS 0x00000000e7600000| PB 0x00000000e7600000| Untracked |  0
| 119|0x00000000e7700000, 0x00000000e7700000, 0x00000000e7800000|  0%| F|  |TAMS 0x00000000e7700000| PB 0x00000000e7700000| Untracked |  0
| 120|0x00000000e7800000, 0x00000000e7800000, 0x00000000e7900000|  0%| F|  |TAMS 0x00000000e7800000| PB 0x00000000e7800000| Untracked |  0
| 121|0x00000000e7900000, 0x00000000e7900000, 0x00000000e7a00000|  0%| F|  |TAMS 0x00000000e7900000| PB 0x00000000e7900000| Untracked |  0
| 122|0x00000000e7a00000, 0x00000000e7a00000, 0x00000000e7b00000|  0%| F|  |TAMS 0x00000000e7a00000| PB 0x00000000e7a00000| Untracked |  0
| 123|0x00000000e7b00000, 0x00000000e7b00000, 0x00000000e7c00000|  0%| F|  |TAMS 0x00000000e7b00000| PB 0x00000000e7b00000| Untracked |  0
| 124|0x00000000e7c00000, 0x00000000e7c00000, 0x00000000e7d00000|  0%| F|  |TAMS 0x00000000e7c00000| PB 0x00000000e7c00000| Untracked |  0
| 125|0x00000000e7d00000, 0x00000000e7d00000, 0x00000000e7e00000|  0%| F|  |TAMS 0x00000000e7d00000| PB 0x00000000e7d00000| Untracked |  0
| 126|0x00000000e7e00000, 0x00000000e7e00000, 0x00000000e7f00000|  0%| F|  |TAMS 0x00000000e7e00000| PB 0x00000000e7e00000| Untracked |  0
| 127|0x00000000e7f00000, 0x00000000e7f00000, 0x00000000e8000000|  0%| F|  |TAMS 0x00000000e7f00000| PB 0x00000000e7f00000| Untracked |  0
| 128|0x00000000e8000000, 0x00000000e8000000, 0x00000000e8100000|  0%| F|  |TAMS 0x00000000e8000000| PB 0x00000000e8000000| Untracked |  0
| 129|0x00000000e8100000, 0x00000000e8100000, 0x00000000e8200000|  0%| F|  |TAMS 0x00000000e8100000| PB 0x00000000e8100000| Untracked |  0
| 130|0x00000000e8200000, 0x00000000e8200000, 0x00000000e8300000|  0%| F|  |TAMS 0x00000000e8200000| PB 0x00000000e8200000| Untracked |  0
| 131|0x00000000e8300000, 0x00000000e8300000, 0x00000000e8400000|  0%| F|  |TAMS 0x00000000e8300000| PB 0x00000000e8300000| Untracked |  0
| 132|0x00000000e8400000, 0x00000000e8400000, 0x00000000e8500000|  0%| F|  |TAMS 0x00000000e8400000| PB 0x00000000e8400000| Untracked |  0
| 133|0x00000000e8500000, 0x00000000e8500000, 0x00000000e8600000|  0%| F|  |TAMS 0x00000000e8500000| PB 0x00000000e8500000| Untracked |  0
| 134|0x00000000e8600000, 0x00000000e8600000, 0x00000000e8700000|  0%| F|  |TAMS 0x00000000e8600000| PB 0x00000000e8600000| Untracked |  0
| 135|0x00000000e8700000, 0x00000000e8700000, 0x00000000e8800000|  0%| F|  |TAMS 0x00000000e8700000| PB 0x00000000e8700000| Untracked |  0
| 136|0x00000000e8800000, 0x00000000e8800000, 0x00000000e8900000|  0%| F|  |TAMS 0x00000000e8800000| PB 0x00000000e8800000| Untracked |  0
| 137|0x00000000e8900000, 0x00000000e8900000, 0x00000000e8a00000|  0%| F|  |TAMS 0x00000000e8900000| PB 0x00000000e8900000| Untracked |  0
| 138|0x00000000e8a00000, 0x00000000e8a00000, 0x00000000e8b00000|  0%| F|  |TAMS 0x00000000e8a00000| PB 0x00000000e8a00000| Untracked |  0
| 139|0x00000000e8b00000, 0x00000000e8b00000, 0x00000000e8c00000|  0%| F|  |TAMS 0x00000000e8b00000| PB 0x00000000e8b00000| Untracked |  0
| 140|0x00000000e8c00000, 0x00000000e8c00000, 0x00000000e8d00000|  0%| F|  |TAMS 0x00000000e8c00000| PB 0x00000000e8c00000| Untracked |  0
| 141|0x00000000e8d00000, 0x00000000e8d00000, 0x00000000e8e00000|  0%| F|  |TAMS 0x00000000e8d00000| PB 0x00000000e8d00000| Untracked |  0
| 142|0x00000000e8e00000, 0x00000000e8e00000, 0x00000000e8f00000|  0%| F|  |TAMS 0x00000000e8e00000| PB 0x00000000e8e00000| Untracked |  0
| 143|0x00000000e8f00000, 0x00000000e8f00000, 0x00000000e9000000|  0%| F|  |TAMS 0x00000000e8f00000| PB 0x00000000e8f00000| Untracked |  0
| 144|0x00000000e9000000, 0x00000000e9000000, 0x00000000e9100000|  0%| F|  |TAMS 0x00000000e9000000| PB 0x00000000e9000000| Untracked |  0
| 145|0x00000000e9100000, 0x00000000e9100000, 0x00000000e9200000|  0%| F|  |TAMS 0x00000000e9100000| PB 0x00000000e9100000| Untracked |  0
| 146|0x00000000e9200000, 0x00000000e9200000, 0x00000000e9300000|  0%| F|  |TAMS 0x00000000e9200000| PB 0x00000000e9200000| Untracked |  0
| 147|0x00000000e9300000, 0x00000000e9300000, 0x00000000e9400000|  0%| F|  |TAMS 0x00000000e9300000| PB 0x00000000e9300000| Untracked |  0
| 148|0x00000000e9400000, 0x00000000e9400000, 0x00000000e9500000|  0%| F|  |TAMS 0x00000000e9400000| PB 0x00000000e9400000| Untracked |  0
| 149|0x00000000e9500000, 0x00000000e9500000, 0x00000000e9600000|  0%| F|  |TAMS 0x00000000e9500000| PB 0x00000000e9500000| Untracked |  0
| 150|0x00000000e9600000, 0x00000000e9600000, 0x00000000e9700000|  0%| F|  |TAMS 0x00000000e9600000| PB 0x00000000e9600000| Untracked |  0
| 151|0x00000000e9700000, 0x00000000e9700000, 0x00000000e9800000|  0%| F|  |TAMS 0x00000000e9700000| PB 0x00000000e9700000| Untracked |  0
| 152|0x00000000e9800000, 0x00000000e9800000, 0x00000000e9900000|  0%| F|  |TAMS 0x00000000e9800000| PB 0x00000000e9800000| Untracked |  0
| 153|0x00000000e9900000, 0x00000000e9900000, 0x00000000e9a00000|  0%| F|  |TAMS 0x00000000e9900000| PB 0x00000000e9900000| Untracked |  0
| 154|0x00000000e9a00000, 0x00000000e9a00000, 0x00000000e9b00000|  0%| F|  |TAMS 0x00000000e9a00000| PB 0x00000000e9a00000| Untracked |  0
| 155|0x00000000e9b00000, 0x00000000e9b00000, 0x00000000e9c00000|  0%| F|  |TAMS 0x00000000e9b00000| PB 0x00000000e9b00000| Untracked |  0
| 156|0x00000000e9c00000, 0x00000000e9c00000, 0x00000000e9d00000|  0%| F|  |TAMS 0x00000000e9c00000| PB 0x00000000e9c00000| Untracked |  0
| 157|0x00000000e9d00000, 0x00000000e9d00000, 0x00000000e9e00000|  0%| F|  |TAMS 0x00000000e9d00000| PB 0x00000000e9d00000| Untracked |  0
| 158|0x00000000e9e00000, 0x00000000e9e00000, 0x00000000e9f00000|  0%| F|  |TAMS 0x00000000e9e00000| PB 0x00000000e9e00000| Untracked |  0
| 159|0x00000000e9f00000, 0x00000000e9f00000, 0x00000000ea000000|  0%| F|  |TAMS 0x00000000e9f00000| PB 0x00000000e9f00000| Untracked |  0
| 160|0x00000000ea000000, 0x00000000ea000000, 0x00000000ea100000|  0%| F|  |TAMS 0x00000000ea000000| PB 0x00000000ea000000| Untracked |  0
| 161|0x00000000ea100000, 0x00000000ea100000, 0x00000000ea200000|  0%| F|  |TAMS 0x00000000ea100000| PB 0x00000000ea100000| Untracked |  0
| 162|0x00000000ea200000, 0x00000000ea200000, 0x00000000ea300000|  0%| F|  |TAMS 0x00000000ea200000| PB 0x00000000ea200000| Untracked |  0
| 163|0x00000000ea300000, 0x00000000ea300000, 0x00000000ea400000|  0%| F|  |TAMS 0x00000000ea300000| PB 0x00000000ea300000| Untracked |  0
| 164|0x00000000ea400000, 0x00000000ea400000, 0x00000000ea500000|  0%| F|  |TAMS 0x00000000ea400000| PB 0x00000000ea400000| Untracked |  0
| 165|0x00000000ea500000, 0x00000000ea500000, 0x00000000ea600000|  0%| F|  |TAMS 0x00000000ea500000| PB 0x00000000ea500000| Untracked |  0
| 166|0x00000000ea600000, 0x00000000ea600000, 0x00000000ea700000|  0%| F|  |TAMS 0x00000000ea600000| PB 0x00000000ea600000| Untracked |  0
| 167|0x00000000ea700000, 0x00000000ea700000, 0x00000000ea800000|  0%| F|  |TAMS 0x00000000ea700000| PB 0x00000000ea700000| Untracked |  0
| 168|0x00000000ea800000, 0x00000000ea800000, 0x00000000ea900000|  0%| F|  |TAMS 0x00000000ea800000| PB 0x00000000ea800000| Untracked |  0
| 169|0x00000000ea900000, 0x00000000ea900000, 0x00000000eaa00000|  0%| F|  |TAMS 0x00000000ea900000| PB 0x00000000ea900000| Untracked |  0
| 170|0x00000000eaa00000, 0x00000000eaa00000, 0x00000000eab00000|  0%| F|  |TAMS 0x00000000eaa00000| PB 0x00000000eaa00000| Untracked |  0
| 171|0x00000000eab00000, 0x00000000eab00000, 0x00000000eac00000|  0%| F|  |TAMS 0x00000000eab00000| PB 0x00000000eab00000| Untracked |  0
| 172|0x00000000eac00000, 0x00000000eac00000, 0x00000000ead00000|  0%| F|  |TAMS 0x00000000eac00000| PB 0x00000000eac00000| Untracked |  0
| 173|0x00000000ead00000, 0x00000000ead00000, 0x00000000eae00000|  0%| F|  |TAMS 0x00000000ead00000| PB 0x00000000ead00000| Untracked |  0
| 174|0x00000000eae00000, 0x00000000eae00000, 0x00000000eaf00000|  0%| F|  |TAMS 0x00000000eae00000| PB 0x00000000eae00000| Untracked |  0
| 175|0x00000000eaf00000, 0x00000000eaf00000, 0x00000000eb000000|  0%| F|  |TAMS 0x00000000eaf00000| PB 0x00000000eaf00000| Untracked |  0
| 176|0x00000000eb000000, 0x00000000eb000000, 0x00000000eb100000|  0%| F|  |TAMS 0x00000000eb000000| PB 0x00000000eb000000| Untracked |  0
| 177|0x00000000eb100000, 0x00000000eb100000, 0x00000000eb200000|  0%| F|  |TAMS 0x00000000eb100000| PB 0x00000000eb100000| Untracked |  0
| 178|0x00000000eb200000, 0x00000000eb200000, 0x00000000eb300000|  0%| F|  |TAMS 0x00000000eb200000| PB 0x00000000eb200000| Untracked |  0
| 179|0x00000000eb300000, 0x00000000eb300000, 0x00000000eb400000|  0%| F|  |TAMS 0x00000000eb300000| PB 0x00000000eb300000| Untracked |  0
| 180|0x00000000eb400000, 0x00000000eb400000, 0x00000000eb500000|  0%| F|  |TAMS 0x00000000eb400000| PB 0x00000000eb400000| Untracked |  0
| 181|0x00000000eb500000, 0x00000000eb500000, 0x00000000eb600000|  0%| F|  |TAMS 0x00000000eb500000| PB 0x00000000eb500000| Untracked |  0
| 182|0x00000000eb600000, 0x00000000eb600000, 0x00000000eb700000|  0%| F|  |TAMS 0x00000000eb600000| PB 0x00000000eb600000| Untracked |  0
| 183|0x00000000eb700000, 0x00000000eb700000, 0x00000000eb800000|  0%| F|  |TAMS 0x00000000eb700000| PB 0x00000000eb700000| Untracked |  0
| 184|0x00000000eb800000, 0x00000000eb800000, 0x00000000eb900000|  0%| F|  |TAMS 0x00000000eb800000| PB 0x00000000eb800000| Untracked |  0
| 185|0x00000000eb900000, 0x00000000eb900000, 0x00000000eba00000|  0%| F|  |TAMS 0x00000000eb900000| PB 0x00000000eb900000| Untracked |  0
| 186|0x00000000eba00000, 0x00000000eba00000, 0x00000000ebb00000|  0%| F|  |TAMS 0x00000000eba00000| PB 0x00000000eba00000| Untracked |  0
| 187|0x00000000ebb00000, 0x00000000ebb00000, 0x00000000ebc00000|  0%| F|  |TAMS 0x00000000ebb00000| PB 0x00000000ebb00000| Untracked |  0
| 188|0x00000000ebc00000, 0x00000000ebc00000, 0x00000000ebd00000|  0%| F|  |TAMS 0x00000000ebc00000| PB 0x00000000ebc00000| Untracked |  0
| 189|0x00000000ebd00000, 0x00000000ebd00000, 0x00000000ebe00000|  0%| F|  |TAMS 0x00000000ebd00000| PB 0x00000000ebd00000| Untracked |  0
| 190|0x00000000ebe00000, 0x00000000ebe00000, 0x00000000ebf00000|  0%| F|  |TAMS 0x00000000ebe00000| PB 0x00000000ebe00000| Untracked |  0
| 191|0x00000000ebf00000, 0x00000000ebf00000, 0x00000000ec000000|  0%| F|  |TAMS 0x00000000ebf00000| PB 0x00000000ebf00000| Untracked |  0
| 192|0x00000000ec000000, 0x00000000ec000000, 0x00000000ec100000|  0%| F|  |TAMS 0x00000000ec000000| PB 0x00000000ec000000| Untracked |  0
| 193|0x00000000ec100000, 0x00000000ec100000, 0x00000000ec200000|  0%| F|  |TAMS 0x00000000ec100000| PB 0x00000000ec100000| Untracked |  0
| 194|0x00000000ec200000, 0x00000000ec200000, 0x00000000ec300000|  0%| F|  |TAMS 0x00000000ec200000| PB 0x00000000ec200000| Untracked |  0
| 195|0x00000000ec300000, 0x00000000ec300000, 0x00000000ec400000|  0%| F|  |TAMS 0x00000000ec300000| PB 0x00000000ec300000| Untracked |  0
| 196|0x00000000ec400000, 0x00000000ec400000, 0x00000000ec500000|  0%| F|  |TAMS 0x00000000ec400000| PB 0x00000000ec400000| Untracked |  0
| 197|0x00000000ec500000, 0x00000000ec500000, 0x00000000ec600000|  0%| F|  |TAMS 0x00000000ec500000| PB 0x00000000ec500000| Untracked |  0
| 198|0x00000000ec600000, 0x00000000ec600000, 0x00000000ec700000|  0%| F|  |TAMS 0x00000000ec600000| PB 0x00000000ec600000| Untracked |  0
| 199|0x00000000ec700000, 0x00000000ec700000, 0x00000000ec800000|  0%| F|  |TAMS 0x00000000ec700000| PB 0x00000000ec700000| Untracked |  0
| 200|0x00000000ec800000, 0x00000000ec800000, 0x00000000ec900000|  0%| F|  |TAMS 0x00000000ec800000| PB 0x00000000ec800000| Untracked |  0
| 201|0x00000000ec900000, 0x00000000ec900000, 0x00000000eca00000|  0%| F|  |TAMS 0x00000000ec900000| PB 0x00000000ec900000| Untracked |  0
| 202|0x00000000eca00000, 0x00000000eca00000, 0x00000000ecb00000|  0%| F|  |TAMS 0x00000000eca00000| PB 0x00000000eca00000| Untracked |  0
| 203|0x00000000ecb00000, 0x00000000ecb00000, 0x00000000ecc00000|  0%| F|  |TAMS 0x00000000ecb00000| PB 0x00000000ecb00000| Untracked |  0
| 204|0x00000000ecc00000, 0x00000000ecc00000, 0x00000000ecd00000|  0%| F|  |TAMS 0x00000000ecc00000| PB 0x00000000ecc00000| Untracked |  0
| 205|0x00000000ecd00000, 0x00000000ece00000, 0x00000000ece00000|100%| E|  |TAMS 0x00000000ecd00000| PB 0x00000000ecd00000| Complete |  0
| 206|0x00000000ece00000, 0x00000000ecf00000, 0x00000000ecf00000|100%| E|CS|TAMS 0x00000000ece00000| PB 0x00000000ece00000| Complete |  0
| 207|0x00000000ecf00000, 0x00000000ed000000, 0x00000000ed000000|100%| E|CS|TAMS 0x00000000ecf00000| PB 0x00000000ecf00000| Complete |  0
| 208|0x00000000ed000000, 0x00000000ed100000, 0x00000000ed100000|100%| E|CS|TAMS 0x00000000ed000000| PB 0x00000000ed000000| Complete |  0
| 209|0x00000000ed100000, 0x00000000ed200000, 0x00000000ed200000|100%| E|CS|TAMS 0x00000000ed100000| PB 0x00000000ed100000| Complete |  0
| 210|0x00000000ed200000, 0x00000000ed300000, 0x00000000ed300000|100%| E|CS|TAMS 0x00000000ed200000| PB 0x00000000ed200000| Complete |  0
| 211|0x00000000ed300000, 0x00000000ed400000, 0x00000000ed400000|100%| E|CS|TAMS 0x00000000ed300000| PB 0x00000000ed300000| Complete |  0
| 212|0x00000000ed400000, 0x00000000ed500000, 0x00000000ed500000|100%| E|CS|TAMS 0x00000000ed400000| PB 0x00000000ed400000| Complete |  0
| 213|0x00000000ed500000, 0x00000000ed600000, 0x00000000ed600000|100%| E|CS|TAMS 0x00000000ed500000| PB 0x00000000ed500000| Complete |  0
| 214|0x00000000ed600000, 0x00000000ed700000, 0x00000000ed700000|100%| E|CS|TAMS 0x00000000ed600000| PB 0x00000000ed600000| Complete |  0
| 215|0x00000000ed700000, 0x00000000ed800000, 0x00000000ed800000|100%| E|CS|TAMS 0x00000000ed700000| PB 0x00000000ed700000| Complete |  0
| 216|0x00000000ed800000, 0x00000000ed900000, 0x00000000ed900000|100%| E|CS|TAMS 0x00000000ed800000| PB 0x00000000ed800000| Complete |  0
| 217|0x00000000ed900000, 0x00000000eda00000, 0x00000000eda00000|100%| E|CS|TAMS 0x00000000ed900000| PB 0x00000000ed900000| Complete |  0
| 218|0x00000000eda00000, 0x00000000edb00000, 0x00000000edb00000|100%| E|CS|TAMS 0x00000000eda00000| PB 0x00000000eda00000| Complete |  0
| 219|0x00000000edb00000, 0x00000000edc00000, 0x00000000edc00000|100%| E|CS|TAMS 0x00000000edb00000| PB 0x00000000edb00000| Complete |  0
| 220|0x00000000edc00000, 0x00000000edd00000, 0x00000000edd00000|100%| E|CS|TAMS 0x00000000edc00000| PB 0x00000000edc00000| Complete |  0
| 221|0x00000000edd00000, 0x00000000ede00000, 0x00000000ede00000|100%| E|CS|TAMS 0x00000000edd00000| PB 0x00000000edd00000| Complete |  0
| 222|0x00000000ede00000, 0x00000000edf00000, 0x00000000edf00000|100%| E|CS|TAMS 0x00000000ede00000| PB 0x00000000ede00000| Complete |  0
| 223|0x00000000edf00000, 0x00000000ee000000, 0x00000000ee000000|100%| E|CS|TAMS 0x00000000edf00000| PB 0x00000000edf00000| Complete |  0
| 224|0x00000000ee000000, 0x00000000ee100000, 0x00000000ee100000|100%| E|CS|TAMS 0x00000000ee000000| PB 0x00000000ee000000| Complete |  0
| 225|0x00000000ee100000, 0x00000000ee200000, 0x00000000ee200000|100%| E|CS|TAMS 0x00000000ee100000| PB 0x00000000ee100000| Complete |  0
| 226|0x00000000ee200000, 0x00000000ee300000, 0x00000000ee300000|100%| E|CS|TAMS 0x00000000ee200000| PB 0x00000000ee200000| Complete |  0
| 227|0x00000000ee300000, 0x00000000ee400000, 0x00000000ee400000|100%| E|CS|TAMS 0x00000000ee300000| PB 0x00000000ee300000| Complete |  0
| 228|0x00000000ee400000, 0x00000000ee500000, 0x00000000ee500000|100%| E|CS|TAMS 0x00000000ee400000| PB 0x00000000ee400000| Complete |  0
| 229|0x00000000ee500000, 0x00000000ee600000, 0x00000000ee600000|100%| E|CS|TAMS 0x00000000ee500000| PB 0x00000000ee500000| Complete |  0
| 230|0x00000000ee600000, 0x00000000ee700000, 0x00000000ee700000|100%| E|CS|TAMS 0x00000000ee600000| PB 0x00000000ee600000| Complete |  0
| 231|0x00000000ee700000, 0x00000000ee800000, 0x00000000ee800000|100%| E|CS|TAMS 0x00000000ee700000| PB 0x00000000ee700000| Complete |  0
| 232|0x00000000ee800000, 0x00000000ee900000, 0x00000000ee900000|100%| E|CS|TAMS 0x00000000ee800000| PB 0x00000000ee800000| Complete |  0
| 233|0x00000000ee900000, 0x00000000eea00000, 0x00000000eea00000|100%| E|CS|TAMS 0x00000000ee900000| PB 0x00000000ee900000| Complete |  0
| 234|0x00000000eea00000, 0x00000000eeb00000, 0x00000000eeb00000|100%| E|CS|TAMS 0x00000000eea00000| PB 0x00000000eea00000| Complete |  0
| 235|0x00000000eeb00000, 0x00000000eec00000, 0x00000000eec00000|100%| E|CS|TAMS 0x00000000eeb00000| PB 0x00000000eeb00000| Complete |  0
| 236|0x00000000eec00000, 0x00000000eed00000, 0x00000000eed00000|100%| E|CS|TAMS 0x00000000eec00000| PB 0x00000000eec00000| Complete |  0
| 237|0x00000000eed00000, 0x00000000eee00000, 0x00000000eee00000|100%| E|CS|TAMS 0x00000000eed00000| PB 0x00000000eed00000| Complete |  0
| 238|0x00000000eee00000, 0x00000000eef00000, 0x00000000eef00000|100%| E|CS|TAMS 0x00000000eee00000| PB 0x00000000eee00000| Complete |  0
| 239|0x00000000eef00000, 0x00000000ef000000, 0x00000000ef000000|100%| E|CS|TAMS 0x00000000eef00000| PB 0x00000000eef00000| Complete |  0
| 240|0x00000000ef000000, 0x00000000ef100000, 0x00000000ef100000|100%| E|CS|TAMS 0x00000000ef000000| PB 0x00000000ef000000| Complete |  0
| 241|0x00000000ef100000, 0x00000000ef200000, 0x00000000ef200000|100%| E|CS|TAMS 0x00000000ef100000| PB 0x00000000ef100000| Complete |  0
| 242|0x00000000ef200000, 0x00000000ef300000, 0x00000000ef300000|100%| E|CS|TAMS 0x00000000ef200000| PB 0x00000000ef200000| Complete |  0
| 243|0x00000000ef300000, 0x00000000ef400000, 0x00000000ef400000|100%| E|CS|TAMS 0x00000000ef300000| PB 0x00000000ef300000| Complete |  0
| 244|0x00000000ef400000, 0x00000000ef500000, 0x00000000ef500000|100%| E|CS|TAMS 0x00000000ef400000| PB 0x00000000ef400000| Complete |  0
| 245|0x00000000ef500000, 0x00000000ef600000, 0x00000000ef600000|100%| S|CS|TAMS 0x00000000ef500000| PB 0x00000000ef500000| Complete |  0
| 246|0x00000000ef600000, 0x00000000ef700000, 0x00000000ef700000|100%| S|CS|TAMS 0x00000000ef600000| PB 0x00000000ef600000| Complete |  0
| 247|0x00000000ef700000, 0x00000000ef800000, 0x00000000ef800000|100%| E|CS|TAMS 0x00000000ef700000| PB 0x00000000ef700000| Complete |  0
| 248|0x00000000ef800000, 0x00000000ef900000, 0x00000000ef900000|100%| E|CS|TAMS 0x00000000ef800000| PB 0x00000000ef800000| Complete |  0
| 249|0x00000000ef900000, 0x00000000efa00000, 0x00000000efa00000|100%| E|CS|TAMS 0x00000000ef900000| PB 0x00000000ef900000| Complete |  0
| 250|0x00000000efa00000, 0x00000000efb00000, 0x00000000efb00000|100%| E|CS|TAMS 0x00000000efa00000| PB 0x00000000efa00000| Complete |  0
| 251|0x00000000efb00000, 0x00000000efc00000, 0x00000000efc00000|100%| E|CS|TAMS 0x00000000efb00000| PB 0x00000000efb00000| Complete |  0
| 252|0x00000000efc00000, 0x00000000efd00000, 0x00000000efd00000|100%| E|CS|TAMS 0x00000000efc00000| PB 0x00000000efc00000| Complete |  0
| 253|0x00000000efd00000, 0x00000000efe00000, 0x00000000efe00000|100%| E|CS|TAMS 0x00000000efd00000| PB 0x00000000efd00000| Complete |  0
| 254|0x00000000efe00000, 0x00000000eff00000, 0x00000000eff00000|100%| E|CS|TAMS 0x00000000efe00000| PB 0x00000000efe00000| Complete |  0
| 255|0x00000000eff00000, 0x00000000f0000000, 0x00000000f0000000|100%| E|CS|TAMS 0x00000000eff00000| PB 0x00000000eff00000| Complete |  0

Card table byte_map: [0x000001222bbc0000,0x000001222bcc0000] _byte_map_base: 0x000001222b4c0000

Marking Bits: (CMBitMap*) 0x000001221298d820
 Bits: [0x000001222bcc0000, 0x000001222c4c0000)

Polling page: 0x0000012212a20000

Metaspace:

Usage:
  Non-class:     22.72 MB used.
      Class:      4.10 MB used.
       Both:     26.82 MB used.

Virtual space:
  Non-class space:       64.00 MB reserved,      23.25 MB ( 36%) committed,  1 nodes.
      Class space:      320.00 MB reserved,       4.56 MB (  1%) committed,  1 nodes.
             Both:      384.00 MB reserved,      27.81 MB (  7%) committed. 

Chunk freelists:
   Non-Class:  8.53 MB
       Class:  11.27 MB
        Both:  19.80 MB

MaxMetaspaceSize: 384.00 MB
CompressedClassSpaceSize: 320.00 MB
Initial GC threshold: 21.00 MB
Current GC threshold: 35.25 MB
CDS: on
 - commit_granule_bytes: 65536.
 - commit_granule_words: 8192.
 - virtual_space_node_default_size: 8388608.
 - enlarge_chunks_in_place: 1.
 - use_allocation_guard: 0.


Internal statistics:

num_allocs_failed_limit: 3.
num_arena_births: 1498.
num_arena_deaths: 0.
num_vsnodes_births: 2.
num_vsnodes_deaths: 0.
num_space_committed: 445.
num_space_uncommitted: 0.
num_chunks_returned_to_freelist: 3.
num_chunks_taken_from_freelist: 2663.
num_chunk_merges: 3.
num_chunk_splits: 1732.
num_chunks_enlarged: 1141.
num_inconsistent_stats: 0.

CodeHeap 'non-profiled nmethods': size=120000Kb used=2087Kb max_used=2087Kb free=117912Kb
 bounds [0x0000012223f70000, 0x00000122241e0000, 0x000001222b4a0000]
CodeHeap 'profiled nmethods': size=120000Kb used=7376Kb max_used=7376Kb free=112623Kb
 bounds [0x000001221c4a0000, 0x000001221cbe0000, 0x00000122239d0000]
CodeHeap 'non-nmethods': size=5760Kb used=1703Kb max_used=1731Kb free=4056Kb
 bounds [0x00000122239d0000, 0x0000012223c40000, 0x0000012223f70000]
 total_blobs=4224 nmethods=3629 adapters=499
 compilation: enabled
              stopped_count=0, restarted_count=0
 full_count=0

Compilation events (20 events):
Event: 22.874 Thread 0x0000012248002750 3607       3       java.lang.CharacterDataLatin1::isJavaIdentifierPart (20 bytes)
Event: 22.874 Thread 0x0000012248002750 nmethod 3607 0x000001221cbbf890 code [0x000001221cbbfa40, 0x000001221cbbfc38]
Event: 22.897 Thread 0x0000012248002750 3608       3       java.lang.Class::getPackageName (81 bytes)
Event: 22.898 Thread 0x0000012248002750 nmethod 3608 0x000001221cbbfd90 code [0x000001221cbc0020, 0x000001221cbc0a68]
Event: 23.055 Thread 0x0000012248002750 3609       3       jdk.internal.reflect.ReflectionFactory::newConstructorAccessor (65 bytes)
Event: 23.056 Thread 0x0000012248002750 nmethod 3609 0x000001221cbc0e10 code [0x000001221cbc1020, 0x000001221cbc1580]
Event: 23.056 Thread 0x0000012248002750 3610       3       jdk.internal.reflect.ConstructorAccessorImpl::<init> (5 bytes)
Event: 23.057 Thread 0x0000012248002750 nmethod 3610 0x000001221cbc1810 code [0x000001221cbc19c0, 0x000001221cbc1b88]
Event: 23.081 Thread 0x0000012248002750 3611       3       java.lang.reflect.Constructor::isVarArgs (5 bytes)
Event: 23.081 Thread 0x0000012248002750 nmethod 3611 0x000001221cbc1c90 code [0x000001221cbc1e40, 0x000001221cbc2018]
Event: 23.081 Thread 0x0000012248002750 3612       3       java.lang.invoke.MethodHandleImpl$1::unreflectConstructor (8 bytes)
Event: 23.081 Thread 0x0000012248002750 nmethod 3612 0x000001221cbc2110 code [0x000001221cbc22c0, 0x000001221cbc2408]
Event: 23.081 Thread 0x0000012248002750 3613       3       java.lang.invoke.MethodHandles$Lookup::unreflectConstructor (55 bytes)
Event: 23.082 Thread 0x0000012248002750 nmethod 3613 0x000001221cbc2490 code [0x000001221cbc2660, 0x000001221cbc2988]
Event: 23.088 Thread 0x0000012248002750 3614   !   3       java.net.URL::<init> (543 bytes)
Event: 23.092 Thread 0x0000012248002750 nmethod 3614 0x000001221cbc2a90 code [0x000001221cbc30a0, 0x000001221cbc64a0]
Event: 23.144 Thread 0x0000012248002750 3615   !   3       jdk.internal.loader.Resource::getBytes (244 bytes)
Event: 23.146 Thread 0x0000012248002750 nmethod 3615 0x000001221cbc8210 code [0x000001221cbc8540, 0x000001221cbc9c18]
Event: 23.197 Thread 0x0000012248002750 3616       1       java.lang.reflect.Constructor::getSharedParameterTypes (5 bytes)
Event: 23.197 Thread 0x0000012248002750 nmethod 3616 0x0000012224179790 code [0x0000012224179920, 0x00000122241799e8]

GC Heap History (8 events):
Event: 1.177 GC heap before
{Heap before GC invocations=0 (full 0):
 garbage-first heap   total reserved 524288K, committed 262144K, used 14336K [0x00000000e0000000, 0x0000000100000000)
  region size 1024K, 14 young (14336K), 0 survivors (0K)
 Metaspace       used 827K, committed 960K, reserved 393216K
  class space    used 67K, committed 128K, reserved 327680K
}
Event: 1.237 GC heap after
{Heap after GC invocations=1 (full 0):
 garbage-first heap   total reserved 524288K, committed 262144K, used 1280K [0x00000000e0000000, 0x0000000100000000)
  region size 1024K, 2 young (2048K), 2 survivors (2048K)
 Metaspace       used 827K, committed 960K, reserved 393216K
  class space    used 67K, committed 128K, reserved 327680K
}
Event: 3.995 GC heap before
{Heap before GC invocations=1 (full 0):
 garbage-first heap   total reserved 524288K, committed 262144K, used 29952K [0x00000000e0000000, 0x0000000100000000)
  region size 1024K, 28 young (28672K), 2 survivors (2048K)
 Metaspace       used 3556K, committed 3712K, reserved 393216K
  class space    used 454K, committed 512K, reserved 327680K
}
Event: 4.004 GC heap after
{Heap after GC invocations=2 (full 0):
 garbage-first heap   total reserved 524288K, committed 262144K, used 10417K [0x00000000e0000000, 0x0000000100000000)
  region size 1024K, 4 young (4096K), 4 survivors (4096K)
 Metaspace       used 3556K, committed 3712K, reserved 393216K
  class space    used 454K, committed 512K, reserved 327680K
}
Event: 17.203 GC heap before
{Heap before GC invocations=2 (full 0):
 garbage-first heap   total reserved 524288K, committed 262144K, used 164017K [0x00000000e0000000, 0x0000000100000000)
  region size 1024K, 153 young (156672K), 4 survivors (4096K)
 Metaspace       used 19888K, committed 20544K, reserved 393216K
  class space    used 2928K, committed 3200K, reserved 327680K
}
Event: 17.235 GC heap after
{Heap after GC invocations=3 (full 0):
 garbage-first heap   total reserved 524288K, committed 262144K, used 23532K [0x00000000e0000000, 0x0000000100000000)
  region size 1024K, 16 young (16384K), 16 survivors (16384K)
 Metaspace       used 19888K, committed 20544K, reserved 393216K
  class space    used 2928K, committed 3200K, reserved 327680K
}
Event: 17.606 GC heap before
{Heap before GC invocations=3 (full 0):
 garbage-first heap   total reserved 524288K, committed 262144K, used 31724K [0x00000000e0000000, 0x0000000100000000)
  region size 1024K, 25 young (25600K), 16 survivors (16384K)
 Metaspace       used 20876K, committed 21504K, reserved 393216K
  class space    used 3088K, committed 3392K, reserved 327680K
}
Event: 17.625 GC heap after
{Heap after GC invocations=4 (full 0):
 garbage-first heap   total reserved 524288K, committed 262144K, used 25592K [0x00000000e0000000, 0x0000000100000000)
  region size 1024K, 2 young (2048K), 2 survivors (2048K)
 Metaspace       used 20876K, committed 21504K, reserved 393216K
  class space    used 3088K, committed 3392K, reserved 327680K
}

Dll operation events (15 events):
Event: 0.034 Loaded shared library C:\Users\Hp\.jdks\openjdk-22.0.2\bin\java.dll
Event: 0.134 Loaded shared library C:\Users\Hp\.jdks\openjdk-22.0.2\bin\jsvml.dll
Event: 0.271 Loaded shared library C:\Users\Hp\.jdks\openjdk-22.0.2\bin\zip.dll
Event: 0.296 Loaded shared library C:\Users\Hp\.jdks\openjdk-22.0.2\bin\instrument.dll
Event: 0.305 Loaded shared library C:\Users\Hp\.jdks\openjdk-22.0.2\bin\net.dll
Event: 0.315 Loaded shared library C:\Users\Hp\.jdks\openjdk-22.0.2\bin\nio.dll
Event: 0.325 Loaded shared library C:\Users\Hp\.jdks\openjdk-22.0.2\bin\zip.dll
Event: 1.430 Loaded shared library C:\Users\Hp\.jdks\openjdk-22.0.2\bin\jimage.dll
Event: 2.680 Loaded shared library C:\Users\Hp\.jdks\openjdk-22.0.2\bin\verify.dll
Event: 3.173 Loaded shared library C:\Users\Hp\.gradle\native\1def1411415f61bf3af743bc5b6707747c0891f09f0c88961ee8f79bc544acac\windows-amd64\native-platform.dll
Event: 3.203 Loaded shared library C:\Users\Hp\.gradle\native\0.2.7\x86_64-windows-gnu\gradle-fileevents.dll
Event: 9.270 Loaded shared library C:\Users\Hp\.jdks\openjdk-22.0.2\bin\management.dll
Event: 9.306 Loaded shared library C:\Users\Hp\.jdks\openjdk-22.0.2\bin\management_ext.dll
Event: 9.929 Loaded shared library C:\Users\Hp\.jdks\openjdk-22.0.2\bin\extnet.dll
Event: 12.236 Loaded shared library C:\Users\Hp\.jdks\openjdk-22.0.2\bin\sunmscapi.dll

Deoptimization events (20 events):
Event: 22.494 Thread 0x0000012249155680 Uncommon trap: trap_request=0xffffffde fr.pc=0x0000012223fd4f3c relative=0x000000000000105c
Event: 22.494 Thread 0x0000012249155680 Uncommon trap: reason=class_check action=maybe_recompile pc=0x0000012223fd4f3c method=jdk.internal.loader.URLClassPath.getLoader(I)Ljdk/internal/loader/URLClassPath$Loader; @ 88 c2
Event: 22.494 Thread 0x0000012249155680 DEOPT PACKING pc=0x0000012223fd4f3c sp=0x0000001190ffa290
Event: 22.495 Thread 0x0000012249155680 DEOPT UNPACKING pc=0x0000012223a27da2 sp=0x0000001190ffa280 mode 2
Event: 22.496 Thread 0x0000012249155680 Uncommon trap: trap_request=0xffffffde fr.pc=0x00000122240e42ec relative=0x0000000000004bac
Event: 22.496 Thread 0x0000012249155680 Uncommon trap: reason=class_check action=maybe_recompile pc=0x00000122240e42ec method=jdk.internal.loader.URLClassPath.getResource(Ljava/lang/String;Z)Ljdk/internal/loader/Resource; @ 53 c2
Event: 22.496 Thread 0x0000012249155680 DEOPT PACKING pc=0x00000122240e42ec sp=0x0000001190ffa350
Event: 22.496 Thread 0x0000012249155680 DEOPT UNPACKING pc=0x0000012223a27da2 sp=0x0000001190ffa190 mode 2
Event: 22.519 Thread 0x0000012249155680 Uncommon trap: trap_request=0xffffff45 fr.pc=0x00000122240f5ba0 relative=0x00000000000038c0
Event: 22.519 Thread 0x0000012249155680 Uncommon trap: reason=unstable_if action=reinterpret pc=0x00000122240f5ba0 method=java.lang.ClassLoader.getClassLoadingLock(Ljava/lang/String;)Ljava/lang/Object; @ 6 c2
Event: 22.519 Thread 0x0000012249155680 DEOPT PACKING pc=0x00000122240f5ba0 sp=0x0000001190ff8910
Event: 22.519 Thread 0x0000012249155680 DEOPT UNPACKING pc=0x0000012223a27da2 sp=0x0000001190ff8900 mode 2
Event: 22.526 Thread 0x0000012249155680 Uncommon trap: trap_request=0xffffff45 fr.pc=0x0000012224095f98 relative=0x00000000000000f8
Event: 22.526 Thread 0x0000012249155680 Uncommon trap: reason=unstable_if action=reinterpret pc=0x0000012224095f98 method=java.lang.ClassLoader.getClassLoadingLock(Ljava/lang/String;)Ljava/lang/Object; @ 6 c2
Event: 22.526 Thread 0x0000012249155680 DEOPT PACKING pc=0x0000012224095f98 sp=0x0000001190ff8bc0
Event: 22.526 Thread 0x0000012249155680 DEOPT UNPACKING pc=0x0000012223a27da2 sp=0x0000001190ff8b50 mode 2
Event: 22.526 Thread 0x0000012249155680 Uncommon trap: trap_request=0xffffff45 fr.pc=0x00000122241186b0 relative=0x00000000000008b0
Event: 22.526 Thread 0x0000012249155680 Uncommon trap: reason=unstable_if action=reinterpret pc=0x00000122241186b0 method=java.lang.Class.getPackageName()Ljava/lang/String; @ 55 c2
Event: 22.526 Thread 0x0000012249155680 DEOPT PACKING pc=0x00000122241186b0 sp=0x0000001190ff9f40
Event: 22.526 Thread 0x0000012249155680 DEOPT UNPACKING pc=0x0000012223a27da2 sp=0x0000001190ff9f10 mode 2

Classes loaded (20 events):
Event: 21.713 Loading class java/util/LinkedList$ListItr
Event: 21.720 Loading class java/util/LinkedList$ListItr done
Event: 21.962 Loading class java/util/stream/Streams$RangeIntSpliterator
Event: 21.974 Loading class java/util/stream/Streams$RangeIntSpliterator done
Event: 22.484 Loading class jdk/internal/loader/URLClassPath$FileLoader
Event: 22.487 Loading class jdk/internal/loader/URLClassPath$FileLoader done
Event: 22.504 Loading class jdk/internal/loader/URLClassPath$FileLoader$1
Event: 22.505 Loading class jdk/internal/loader/URLClassPath$FileLoader$1 done
Event: 22.669 Loading class java/beans/Transient
Event: 22.669 Loading class java/beans/Transient done
Event: 22.705 Loading class java/util/stream/IntPipeline$1
Event: 22.706 Loading class java/util/stream/IntPipeline$1 done
Event: 22.707 Loading class java/util/stream/IntPipeline$1$1
Event: 22.707 Loading class java/util/stream/IntPipeline$1$1 done
Event: 22.753 Loading class java/lang/IllegalAccessError
Event: 22.753 Loading class java/lang/IllegalAccessError done
Event: 22.769 Loading class java/lang/Process
Event: 22.774 Loading class java/lang/Process done
Event: 22.774 Loading class java/lang/ProcessBuilder
Event: 22.778 Loading class java/lang/ProcessBuilder done

Classes unloaded (0 events):
No events

Classes redefined (0 events):
No events

Internal exceptions (20 events):
Event: 18.684 Thread 0x0000012249155680 Exception <a 'java/lang/NoSuchMethodError'{0x00000000ef0ec248}: 'java.lang.Object java.lang.invoke.DirectMethodHandle$Holder.invokeVirtual(java.lang.Object, java.lang.Object, java.lang.Object, java.lang.Object, java.lang.Object, java.lang.Object, java.lang.Object, java.lang.Object, java.lang.Object, java.lang.Object, java.lang.Object, java.lang.Object, java.lang.Object)'> (0x00000000ef0ec248) 
thrown [s\open\src\hotspot\share\interpreter\linkResolver.cpp, line 774]
Event: 18.685 Thread 0x0000012249155680 Exception <a 'java/lang/NoSuchMethodError'{0x00000000ef0f1460}: 'java.lang.Object java.lang.invoke.DirectMethodHandle$Holder.invokeSpecial(java.lang.Object, java.lang.Object, java.lang.Object, java.lang.Object, java.lang.Object, java.lang.Object, java.lang.Object, java.lang.Object, java.lang.Object, java.lang.Object, java.lang.Object, java.lang.Object, java.lang.Object, java.lang.Object)'> (0x00000000ef0f1460) 
thrown [s\open\src\hotspot\share\interpreter\linkResolver.cpp, line 774]
Event: 18.685 Thread 0x0000012249155680 Exception <a 'java/lang/NoSuchMethodError'{0x00000000ef0f61a0}: 'java.lang.Object java.lang.invoke.DelegatingMethodHandle$Holder.reinvoke_L(java.lang.Object, java.lang.Object, java.lang.Object, java.lang.Object, java.lang.Object, java.lang.Object, java.lang.Object, java.lang.Object, java.lang.Object, java.lang.Object, java.lang.Object, java.lang.Object, java.lang.Object)'> (0x00000000ef0f61a0) 
thrown [s\open\src\hotspot\share\interpreter\linkResolver.cpp, line 774]
Event: 18.829 Thread 0x0000012249155680 Exception <a 'java/lang/NoSuchMethodError'{0x00000000eee8f608}: 'void java.lang.invoke.DirectMethodHandle$Holder.invokeStaticInit(java.lang.Object, java.lang.Object)'> (0x00000000eee8f608) 
thrown [s\open\src\hotspot\share\interpreter\linkResolver.cpp, line 774]
Event: 19.411 Thread 0x0000012249155680 Exception <a 'java/lang/NoSuchMethodError'{0x00000000eea39cf8}: 'java.lang.Object java.lang.invoke.DirectMethodHandle$Holder.newInvokeSpecial(java.lang.Object, java.lang.Object, java.lang.Object, java.lang.Object, java.lang.Object, java.lang.Object, java.lang.Object, java.lang.Object, java.lang.Object)'> (0x00000000eea39cf8) 
thrown [s\open\src\hotspot\share\interpreter\linkResolver.cpp, line 774]
Event: 19.688 Thread 0x0000012249155680 Exception <a 'java/lang/NoSuchMethodError'{0x00000000ee77c768}: 'int java.lang.invoke.DirectMethodHandle$Holder.invokeVirtual(java.lang.Object, java.lang.Object)'> (0x00000000ee77c768) 
thrown [s\open\src\hotspot\share\interpreter\linkResolver.cpp, line 774]
Event: 20.269 Thread 0x0000012249155680 Exception <a 'java/lang/NoSuchMethodError'{0x00000000ee450910}: 'void java.lang.invoke.DirectMethodHandle$Holder.invokeInterface(java.lang.Object, java.lang.Object, java.lang.Object, java.lang.Object, java.lang.Object)'> (0x00000000ee450910) 
thrown [s\open\src\hotspot\share\interpreter\linkResolver.cpp, line 774]
Event: 20.316 Thread 0x0000012249155680 Exception <a 'java/lang/NoSuchMethodError'{0x00000000ee4b8fa8}: 'void java.lang.invoke.DirectMethodHandle$Holder.invokeStatic(java.lang.Object, java.lang.Object, java.lang.Object, java.lang.Object, java.lang.Object, java.lang.Object)'> (0x00000000ee4b8fa8) 
thrown [s\open\src\hotspot\share\interpreter\linkResolver.cpp, line 774]
Event: 21.252 Thread 0x0000012249155680 Exception <a 'java/lang/IncompatibleClassChangeError'{0x00000000edca6fa0}: Found class java.lang.Object, but interface was expected> (0x00000000edca6fa0) 
thrown [s\open\src\hotspot\share\interpreter\linkResolver.cpp, line 841]
Event: 21.310 Thread 0x0000012249155680 Exception <a 'java/lang/NoSuchMethodError'{0x00000000edb65718}: 'java.lang.Object java.lang.invoke.DirectMethodHandle$Holder.newInvokeSpecial(java.lang.Object, java.lang.Object, long)'> (0x00000000edb65718) 
thrown [s\open\src\hotspot\share\interpreter\linkResolver.cpp, line 774]
Event: 21.311 Thread 0x0000012249155680 Exception <a 'java/lang/NoSuchMethodError'{0x00000000edb69ae0}: 'java.lang.Object java.lang.invoke.Invokers$Holder.linkToTargetMethod(java.lang.Object, long, java.lang.Object)'> (0x00000000edb69ae0) 
thrown [s\open\src\hotspot\share\interpreter\linkResolver.cpp, line 774]
Event: 21.722 Thread 0x0000012249155680 Exception <a 'java/lang/NoSuchMethodError'{0x00000000ed9dd4a8}: 'int java.lang.invoke.DirectMethodHandle$Holder.invokeInterface(java.lang.Object, java.lang.Object)'> (0x00000000ed9dd4a8) 
thrown [s\open\src\hotspot\share\interpreter\linkResolver.cpp, line 774]
Event: 21.766 Thread 0x0000012249155680 Exception <a 'java/lang/NoSuchMethodError'{0x00000000ed8676d8}: 'java.lang.Object java.lang.invoke.DirectMethodHandle$Holder.invokeVirtual(java.lang.Object, java.lang.Object, int)'> (0x00000000ed8676d8) 
thrown [s\open\src\hotspot\share\interpreter\linkResolver.cpp, line 774]
Event: 22.214 Thread 0x0000012249155680 Exception <a 'java/lang/NoSuchMethodError'{0x00000000ed743460}: 'java.lang.Object java.lang.invoke.DirectMethodHandle$Holder.invokeStatic(java.lang.Object, java.lang.Object, int, java.lang.Object)'> (0x00000000ed743460) 
thrown [s\open\src\hotspot\share\interpreter\linkResolver.cpp, line 774]
Event: 22.222 Thread 0x0000012249155680 Exception <a 'java/lang/NoSuchMethodError'{0x00000000ed74a868}: 'java.lang.Object java.lang.invoke.DirectMethodHandle$Holder.newInvokeSpecial(java.lang.Object, java.lang.Object, int, java.lang.Object)'> (0x00000000ed74a868) 
thrown [s\open\src\hotspot\share\interpreter\linkResolver.cpp, line 774]
Event: 22.224 Thread 0x0000012249155680 Exception <a 'java/lang/NoSuchMethodError'{0x00000000ed74f010}: 'java.lang.Object java.lang.invoke.DirectMethodHandle$Holder.invokeSpecial(java.lang.Object, java.lang.Object, java.lang.Object, int, java.lang.Object)'> (0x00000000ed74f010) 
thrown [s\open\src\hotspot\share\interpreter\linkResolver.cpp, line 774]
Event: 22.472 Thread 0x0000012249155680 Exception <a 'java/lang/NoSuchMethodError'{0x00000000ed493508}: 'void java.lang.invoke.DirectMethodHandle$Holder.invokeInterface(java.lang.Object, java.lang.Object, java.lang.Object, java.lang.Object, java.lang.Object, java.lang.Object, java.lang.Object)'> (0x00000000ed493508) 
thrown [s\open\src\hotspot\share\interpreter\linkResolver.cpp, line 774]
Event: 22.475 Thread 0x0000012249155680 Exception <a 'java/lang/NoSuchMethodError'{0x00000000ed497e70}: 'void java.lang.invoke.DelegatingMethodHandle$Holder.reinvoke_L(java.lang.Object, java.lang.Object, java.lang.Object, java.lang.Object, java.lang.Object, java.lang.Object, java.lang.Object)'> (0x00000000ed497e70) 
thrown [s\open\src\hotspot\share\interpreter\linkResolver.cpp, line 774]
Event: 22.768 Thread 0x0000012249155680 Exception <a 'java/lang/NoSuchMethodError'{0x00000000ed25f2e8}: 'java.lang.Object java.lang.invoke.DirectMethodHandle$Holder.invokeStaticInit(java.lang.Object, java.lang.Object, java.lang.Object, java.lang.Object, java.lang.Object, java.lang.Object, java.lang.Object)'> (0x00000000ed25f2e8) 
thrown [s\open\src\hotspot\share\interpreter\linkResolver.cpp, line 774]
Event: 22.787 Thread 0x0000012249155680 Exception <a 'java/lang/NoSuchMethodError'{0x00000000ed2859b8}: 'java.lang.Object java.lang.invoke.DirectMethodHandle$Holder.invokeSpecial(java.lang.Object, java.lang.Object, java.lang.Object, int, java.lang.Object, java.lang.Object)'> (0x00000000ed2859b8) 
thrown [s\open\src\hotspot\share\interpreter\linkResolver.cpp, line 774]

ZGC Phase Switch (0 events):
No events

VM Operations (20 events):
Event: 18.653 Executing VM operation: Cleanup
Event: 18.653 Executing VM operation: Cleanup done
Event: 19.653 Executing VM operation: Cleanup
Event: 19.653 Executing VM operation: Cleanup done
Event: 19.900 Executing VM operation: HandshakeAllThreads (Deoptimize)
Event: 19.900 Executing VM operation: HandshakeAllThreads (Deoptimize) done
Event: 21.015 Executing VM operation: Cleanup
Event: 21.028 Executing VM operation: Cleanup done
Event: 21.251 Executing VM operation: HandshakeAllThreads (Deoptimize)
Event: 21.251 Executing VM operation: HandshakeAllThreads (Deoptimize) done
Event: 21.257 Executing VM operation: HandshakeAllThreads (Deoptimize)
Event: 21.257 Executing VM operation: HandshakeAllThreads (Deoptimize) done
Event: 21.318 Executing VM operation: HandshakeAllThreads (Deoptimize)
Event: 21.318 Executing VM operation: HandshakeAllThreads (Deoptimize) done
Event: 22.329 Executing VM operation: Cleanup
Event: 22.330 Executing VM operation: Cleanup done
Event: 22.507 Executing VM operation: HandshakeAllThreads (Deoptimize)
Event: 22.507 Executing VM operation: HandshakeAllThreads (Deoptimize) done
Event: 22.509 Executing VM operation: HandshakeAllThreads (Deoptimize)
Event: 22.509 Executing VM operation: HandshakeAllThreads (Deoptimize) done

Memory protections (0 events):
No events

Nmethod flushes (0 events):
No events

Events (20 events):
Event: 0.364 Thread 0x00000122127a4f90 Thread added: 0x0000012248277460
Event: 9.477 Thread 0x00000122127a4f90 Thread added: 0x00000122482ce700
Event: 11.209 Thread 0x00000122127a4f90 Thread added: 0x0000012248cdea00
Event: 11.676 Thread 0x00000122127a4f90 Thread added: 0x000001224827e460
Event: 12.339 Thread 0x0000012248cdea00 Thread added: 0x0000012248f43790
Event: 12.348 Thread 0x0000012248f43790 Thread added: 0x000001224827f4f0
Event: 12.470 Thread 0x0000012248f43790 Thread added: 0x0000012249a47f70
Event: 12.484 Thread 0x0000012248f43790 Thread added: 0x0000012249155680
Event: 12.513 Thread 0x0000012249155680 Thread added: 0x0000012249155d10
Event: 12.526 Thread 0x0000012249155680 Thread added: 0x0000012249154960
Event: 12.530 Thread 0x0000012249155680 Thread added: 0x00000122491535b0
Event: 13.686 Thread 0x0000012249155680 Thread added: 0x0000012249152f20
Event: 13.699 Thread 0x0000012249155680 Thread added: 0x0000012249154ff0
Event: 13.850 Thread 0x0000012249155680 Thread added: 0x00000122491563a0
Event: 18.382 Thread 0x0000012249155680 Thread added: 0x00000122491542d0
Event: 18.431 Thread 0x0000012249155680 Thread added: 0x000001224a22f490
Event: 19.656 Thread 0x0000012249155680 Thread added: 0x000001224a22e0e0
Event: 19.681 Thread 0x0000012249155680 Thread added: 0x000001224a230840
Event: 22.227 Thread 0x0000012249155680 Thread added: 0x000001224a22ee00
Event: 22.391 Thread 0x0000012249155680 Thread added: 0x000001224a230ed0


Dynamic libraries:
0x00007ff6d0030000 - 0x00007ff6d003e000 	C:\Users\Hp\.jdks\openjdk-22.0.2\bin\java.exe
0x00007ffdb5f90000 - 0x00007ffdb61a7000 	C:\WINDOWS\SYSTEM32\ntdll.dll
0x00007ffdb40a0000 - 0x00007ffdb4164000 	C:\WINDOWS\System32\KERNEL32.DLL
0x00007ffdb30c0000 - 0x00007ffdb3490000 	C:\WINDOWS\System32\KERNELBASE.dll
0x00007ffdb39a0000 - 0x00007ffdb3ab1000 	C:\WINDOWS\System32\ucrtbase.dll
0x00007ffd9f9b0000 - 0x00007ffd9f9c7000 	C:\Users\Hp\.jdks\openjdk-22.0.2\bin\jli.dll
0x00007ffdb4a00000 - 0x00007ffdb4bb1000 	C:\WINDOWS\System32\USER32.dll
0x00007ffdb3090000 - 0x00007ffdb30b6000 	C:\WINDOWS\System32\win32u.dll
0x00007ffdb3f40000 - 0x00007ffdb3f69000 	C:\WINDOWS\System32\GDI32.dll
0x00007ffdb3af0000 - 0x00007ffdb3c13000 	C:\WINDOWS\System32\gdi32full.dll
0x00007ffdb3900000 - 0x00007ffdb399a000 	C:\WINDOWS\System32\msvcp_win.dll
0x00007ffdabd60000 - 0x00007ffdabd7b000 	C:\Users\Hp\.jdks\openjdk-22.0.2\bin\VCRUNTIME140.dll
0x00007ffd96ba0000 - 0x00007ffd96e3c000 	C:\WINDOWS\WinSxS\amd64_microsoft.windows.common-controls_6595b64144ccf1df_6.0.22621.5840_none_2710ea077384a4fe\COMCTL32.dll
0x00007ffdb45a0000 - 0x00007ffdb4647000 	C:\WINDOWS\System32\msvcrt.dll
0x00007ffdb3cb0000 - 0x00007ffdb3ce1000 	C:\WINDOWS\System32\IMM32.DLL
0x00007ffdae390000 - 0x00007ffdae39c000 	C:\Users\Hp\.jdks\openjdk-22.0.2\bin\vcruntime140_1.dll
0x00007ffd6d990000 - 0x00007ffd6da1e000 	C:\Users\Hp\.jdks\openjdk-22.0.2\bin\msvcp140.dll
0x00007ffd14af0000 - 0x00007ffd15839000 	C:\Users\Hp\.jdks\openjdk-22.0.2\bin\server\jvm.dll
0x00007ffdb44e0000 - 0x00007ffdb4591000 	C:\WINDOWS\System32\ADVAPI32.dll
0x00007ffdb4310000 - 0x00007ffdb43b8000 	C:\WINDOWS\System32\sechost.dll
0x00007ffdb3ac0000 - 0x00007ffdb3ae8000 	C:\WINDOWS\System32\bcrypt.dll
0x00007ffdb4650000 - 0x00007ffdb4768000 	C:\WINDOWS\System32\RPCRT4.dll
0x00007ffdb3ec0000 - 0x00007ffdb3f31000 	C:\WINDOWS\System32\WS2_32.dll
0x00007ffdb2f60000 - 0x00007ffdb2fad000 	C:\WINDOWS\SYSTEM32\POWRPROF.dll
0x00007ffd9fac0000 - 0x00007ffd9faca000 	C:\WINDOWS\SYSTEM32\VERSION.dll
0x00007ffdabb20000 - 0x00007ffdabb54000 	C:\WINDOWS\SYSTEM32\WINMM.dll
0x00007ffdb2f40000 - 0x00007ffdb2f53000 	C:\WINDOWS\SYSTEM32\UMPDC.dll
0x00007ffdb2020000 - 0x00007ffdb2038000 	C:\WINDOWS\SYSTEM32\kernel.appcore.dll
0x00007ffdae360000 - 0x00007ffdae36a000 	C:\Users\Hp\.jdks\openjdk-22.0.2\bin\jimage.dll
0x00007ffda60f0000 - 0x00007ffda6323000 	C:\WINDOWS\SYSTEM32\DBGHELP.DLL
0x00007ffdb5b60000 - 0x00007ffdb5ef1000 	C:\WINDOWS\System32\combase.dll
0x00007ffdb3cf0000 - 0x00007ffdb3dc8000 	C:\WINDOWS\System32\OLEAUT32.dll
0x00007ffd8d760000 - 0x00007ffd8d792000 	C:\WINDOWS\SYSTEM32\dbgcore.DLL
0x00007ffdb3740000 - 0x00007ffdb37bb000 	C:\WINDOWS\System32\bcryptPrimitives.dll
0x00007ffdadaf0000 - 0x00007ffdadaff000 	C:\Users\Hp\.jdks\openjdk-22.0.2\bin\instrument.dll
0x00007ffd98000000 - 0x00007ffd9801e000 	C:\Users\Hp\.jdks\openjdk-22.0.2\bin\java.dll
0x00007ffdb5050000 - 0x00007ffdb58f1000 	C:\WINDOWS\System32\SHELL32.dll
0x00007ffdb3600000 - 0x00007ffdb373f000 	C:\WINDOWS\System32\wintypes.dll
0x00007ffdb4170000 - 0x00007ffdb4310000 	C:\WINDOWS\System32\ole32.dll
0x00007ffdb0f10000 - 0x00007ffdb182a000 	C:\WINDOWS\SYSTEM32\windows.storage.dll
0x00007ffdb3f90000 - 0x00007ffdb409a000 	C:\WINDOWS\System32\SHCORE.dll
0x00007ffdb5990000 - 0x00007ffdb59f9000 	C:\WINDOWS\System32\shlwapi.dll
0x00007ffdb2fc0000 - 0x00007ffdb2fe5000 	C:\WINDOWS\SYSTEM32\profapi.dll
0x00007ffd6d2b0000 - 0x00007ffd6d387000 	C:\Users\Hp\.jdks\openjdk-22.0.2\bin\jsvml.dll
0x00007ffd94d60000 - 0x00007ffd94d77000 	C:\Users\Hp\.jdks\openjdk-22.0.2\bin\zip.dll
0x00007ffdaadd0000 - 0x00007ffdaade0000 	C:\Users\Hp\.jdks\openjdk-22.0.2\bin\net.dll
0x00007ffdb24f0000 - 0x00007ffdb2559000 	C:\WINDOWS\system32\mswsock.dll
0x00007ffd8ef40000 - 0x00007ffd8ef56000 	C:\Users\Hp\.jdks\openjdk-22.0.2\bin\nio.dll
0x00007ffda5900000 - 0x00007ffda5910000 	C:\Users\Hp\.jdks\openjdk-22.0.2\bin\verify.dll
0x00007ffd725b0000 - 0x00007ffd725d7000 	C:\Users\Hp\.gradle\native\1def1411415f61bf3af743bc5b6707747c0891f09f0c88961ee8f79bc544acac\windows-amd64\native-platform.dll
0x00007ffd6d7b0000 - 0x00007ffd6d828000 	C:\Users\Hp\.gradle\native\0.2.7\x86_64-windows-gnu\gradle-fileevents.dll
0x00007ffdabf80000 - 0x00007ffdabf8a000 	C:\Users\Hp\.jdks\openjdk-22.0.2\bin\management.dll
0x00007ffdabf60000 - 0x00007ffdabf6b000 	C:\Users\Hp\.jdks\openjdk-22.0.2\bin\management_ext.dll
0x00007ffdb4bc0000 - 0x00007ffdb4bc8000 	C:\WINDOWS\System32\PSAPI.DLL
0x00007ffdb1a90000 - 0x00007ffdb1abd000 	C:\WINDOWS\SYSTEM32\IPHLPAPI.DLL
0x00007ffdb43c0000 - 0x00007ffdb43c9000 	C:\WINDOWS\System32\NSI.dll
0x00007ffdabf10000 - 0x00007ffdabf19000 	C:\Users\Hp\.jdks\openjdk-22.0.2\bin\extnet.dll
0x00007ffdb2710000 - 0x00007ffdb272b000 	C:\WINDOWS\SYSTEM32\CRYPTSP.dll
0x00007ffdb1f80000 - 0x00007ffdb1fb7000 	C:\WINDOWS\system32\rsaenh.dll
0x00007ffdb25b0000 - 0x00007ffdb25d8000 	C:\WINDOWS\SYSTEM32\USERENV.dll
0x00007ffdb2730000 - 0x00007ffdb273c000 	C:\WINDOWS\SYSTEM32\CRYPTBASE.dll
0x00007ffdabea0000 - 0x00007ffdabeae000 	C:\Users\Hp\.jdks\openjdk-22.0.2\bin\sunmscapi.dll
0x00007ffdb3490000 - 0x00007ffdb35f8000 	C:\WINDOWS\System32\CRYPT32.dll
0x00007ffdb2950000 - 0x00007ffdb297d000 	C:\WINDOWS\SYSTEM32\ncrypt.dll
0x00007ffdb2910000 - 0x00007ffdb2947000 	C:\WINDOWS\SYSTEM32\NTASN1.dll
0x00007ffd9f760000 - 0x00007ffd9f768000 	C:\WINDOWS\system32\wshunix.dll

dbghelp: loaded successfully - version: 4.0.5 - missing functions: none
symbol engine: initialized successfully - sym options: 0x614 - pdb path: .;C:\Users\Hp\.jdks\openjdk-22.0.2\bin;C:\WINDOWS\SYSTEM32;C:\WINDOWS\WinSxS\amd64_microsoft.windows.common-controls_6595b64144ccf1df_6.0.22621.5840_none_2710ea077384a4fe;C:\Users\Hp\.jdks\openjdk-22.0.2\bin\server;C:\Users\Hp\.gradle\native\1def1411415f61bf3af743bc5b6707747c0891f09f0c88961ee8f79bc544acac\windows-amd64;C:\Users\Hp\.gradle\native\0.2.7\x86_64-windows-gnu

VM Arguments:
jvm_args: --add-opens=java.base/java.lang=ALL-UNNAMED --add-opens=java.base/java.lang.invoke=ALL-UNNAMED --add-opens=java.base/java.util=ALL-UNNAMED --add-opens=java.prefs/java.util.prefs=ALL-UNNAMED --add-exports=jdk.compiler/com.sun.tools.javac.api=ALL-UNNAMED --add-exports=jdk.compiler/com.sun.tools.javac.util=ALL-UNNAMED --add-opens=java.base/java.util=ALL-UNNAMED --add-opens=java.prefs/java.util.prefs=ALL-UNNAMED --add-opens=java.base/java.nio.charset=ALL-UNNAMED --add-opens=java.base/java.net=ALL-UNNAMED --add-opens=java.base/java.util.concurrent.atomic=ALL-UNNAMED --add-opens=java.xml/javax.xml.namespace=ALL-UNNAMED -XX:MaxMetaspaceSize=384m -XX:+HeapDumpOnOutOfMemoryError -Xms256m -Xmx512m -Dfile.encoding=UTF-8 -Duser.country=IN -Duser.language=en -Duser.variant -javaagent:C:\Users\Hp\.gradle\wrapper\dists\gradle-8.14.3-bin\cv11ve7ro1n3o1j4so8xd9n66\gradle-8.14.3\lib\agents\gradle-instrumentation-agent-8.14.3.jar 
java_command: org.gradle.launcher.daemon.bootstrap.GradleDaemon 8.14.3
java_class_path (initial): C:\Users\Hp\.gradle\wrapper\dists\gradle-8.14.3-bin\cv11ve7ro1n3o1j4so8xd9n66\gradle-8.14.3\lib\gradle-daemon-main-8.14.3.jar
Launcher Type: SUN_STANDARD

[Global flags]
     intx CICompilerCount                          = 3                                         {product} {ergonomic}
   size_t CompressedClassSpaceSize                 = 335544320                                 {product} {ergonomic}
     uint ConcGCThreads                            = 1                                         {product} {ergonomic}
     uint G1ConcRefinementThreads                  = 4                                         {product} {ergonomic}
   size_t G1HeapRegionSize                         = 1048576                                   {product} {ergonomic}
     bool HeapDumpOnOutOfMemoryError               = true                                   {manageable} {command line}
   size_t InitialHeapSize                          = 268435456                                 {product} {command line}
   size_t MarkStackSize                            = 4194304                                   {product} {ergonomic}
   size_t MaxHeapSize                              = 536870912                                 {product} {command line}
   size_t MaxMetaspaceSize                         = 402653184                                 {product} {command line}
   size_t MaxNewSize                               = 321912832                                 {product} {ergonomic}
   size_t MinHeapDeltaBytes                        = 1048576                                   {product} {ergonomic}
   size_t MinHeapSize                              = 268435456                                 {product} {command line}
    uintx NonNMethodCodeHeapSize                   = 5832780                                {pd product} {ergonomic}
    uintx NonProfiledCodeHeapSize                  = 122912730                              {pd product} {ergonomic}
    uintx ProfiledCodeHeapSize                     = 122912730                              {pd product} {ergonomic}
    uintx ReservedCodeCacheSize                    = 251658240                              {pd product} {ergonomic}
     bool SegmentedCodeCache                       = true                                      {product} {ergonomic}
   size_t SoftMaxHeapSize                          = 536870912                              {manageable} {ergonomic}
     bool UseCompressedOops                        = true                           {product lp64_product} {ergonomic}
     bool UseG1GC                                  = true                                      {product} {ergonomic}
     bool UseLargePagesIndividualAllocation        = false                                  {pd product} {ergonomic}

Logging:
Log output configuration:
 #0: stdout all=warning uptime,level,tags foldmultilines=false
 #1: stderr all=off uptime,level,tags foldmultilines=false

Environment Variables:
JAVA_HOME=C:\Program Files\Java\jdk-24
PATH=C:\Program Files\Common Files\Oracle\Java\javapath;C:\Program Files (x86)\Common Files\Oracle\Java\javapath;C:\Program Files (x86)\Common Files\Intel\Shared Files\cpp\bin\Intel64;C:\Program Files\Python310\Scripts\;C:\Program Files\Python310\;C:\WINDOWS\system32;C:\WINDOWS;C:\WINDOWS\System32\Wbem;C:\WINDOWS\System32\WindowsPowerShell\v1.0\;C:\WINDOWS\System32\OpenSSH\;C:\MinGW\bin;C:\Program Files (x86)\Microsoft Visual Studio\Common\Tools\WinNT;C:\Program Files (x86)\Microsoft Visual Studio\Common\MSDev98\Bin;C:\Program Files (x86)\Microsoft Visual Studio\Common\Tools;C:\Program Files (x86)\Microsoft Visual Studio\VC98\bin;C:\Users\Hp\AppData\Local\Microsoft\WindowsApps;C:\Users\Hp\AppData\Local\Programs\Microsoft VS Code\bin;C:\Program Files\JetBrains\IntelliJ IDEA Community Edition 2024.2.1\bin;C:\Program Files\MongoDB\Server\8.0\bin;C:\Users\Hp\Downloads\mongosh-2.5.1-win32-x64;C:\Program Files\MongoDB\mongosh\bin;C:\Users\Hp\Downloads\gradle-8.14.1-bin\gradle-8.14.1\bin;C:\Program Files\Git\cmd;C:\Program Files\Git\mingw64\bin;C:\Program Files\Git\usr\bin;C:\Program Files\Java\jdk-24\bin;;C:\Program Files\Docker\Docker\resources\bin;C:\Program Files\JetBrains\IntelliJ IDEA 2025.2\bin;C:\Users\Hp\AppData\Local\GitHubDesktop\bin
USERNAME=Hp
OS=Windows_NT
PROCESSOR_IDENTIFIER=Intel64 Family 6 Model 126 Stepping 5, GenuineIntel
TMP=C:\Users\Hp\AppData\Local\Temp
TEMP=C:\Users\Hp\AppData\Local\Temp




Periodic native trim disabled

---------------  S Y S T E M  ---------------

OS:
 Windows 11 , 64 bit Build 22621 (10.0.22621.5415)
OS uptime: 2 days 16:02 hours
Hyper-V role detected

CPU: total 4 (initial active 4) (2 cores per cpu, 2 threads per core) family 6 model 126 stepping 5 microcode 0xa6, cx8, cmov, fxsr, ht, mmx, 3dnowpref, sse, sse2, sse3, ssse3, sse4.1, sse4.2, popcnt, lzcnt, tsc, tscinvbit, avx, avx2, aes, erms, clmul, bmi1, bmi2, adx, avx512f, avx512dq, avx512cd, avx512bw, avx512vl, sha, fma, vzeroupper, avx512_vpopcntdq, avx512_vpclmulqdq, avx512_vaes, avx512_vnni, clflush, clflushopt, avx512_vbmi2, avx512_vbmi, hv, rdtscp, rdpid, fsrm, gfni, avx512_bitalg, f16c, avx512_ifma
Processor Information for all 4 processors :
  Max Mhz: 1190, Current Mhz: 1190, Mhz Limit: 1190

Memory: 4k page, system-wide physical 3877M (73M free)
TotalPageFile size 15653M (AvailPageFile size 5M)
current process WorkingSet (physical memory assigned to process): 229M, peak: 246M
current process commit charge ("private bytes"): 418M, peak: 418M

vm_info: OpenJDK 64-Bit Server VM (22.0.2+9-70) for windows-amd64 JRE (22.0.2+9-70), built on 2024-06-04T16:52:23Z by "mach5one" with MS VC++ 17.6 (VS2022)

END.
